2022-01-14 12:10:00.717 [DEBU] {b4e568a6a007ca1697647e6fea1e9c31} [ 18 ms] [default] [rows:14 ] SHOW FULL COLUMNS FROM `sys_user` 
2022-01-14 12:10:00.725 [DEBU] {b4e568a6a007ca1697647e6fea1e9c31} [  7 ms] [default] [rows:1  ] SELECT `user_id`,`user_name` FROM `sys_user` WHERE ((`password`='admin1') AND (nick_name='admin1' or user_name='admin1')) AND `deleted_at` IS NULL LIMIT 1 
2022-01-14 12:10:24.067 [DEBU] {f8ab4c17a607ca1699647e6f57d916fd} [  0 ms] [default] [rows:1  ] SELECT `user_id`,`user_name` FROM `sys_user` WHERE ((`password`='admin1') AND (nick_name='admin1' or user_name='admin1')) AND `deleted_at` IS NULL LIMIT 1 
2022-01-14 12:10:37.268 [DEBU] {b466f729a907ca169a647e6fe41d8134} [  3 ms] [default] [rows:1  ] SELECT `user_id`,`user_name` FROM `sys_user` WHERE ((`password`='admin1') AND (nick_name='admin1' or user_name='admin1')) AND `deleted_at` IS NULL LIMIT 1 
2022-01-14 12:10:53.549 [DEBU] {f46986f4ac07ca169c647e6f63544af2} [  1 ms] [default] [rows:1  ] SELECT `user_id`,`user_name` FROM `sys_user` WHERE ((`password`='admin1') AND (nick_name='admin1' or user_name='admin1')) AND `deleted_at` IS NULL LIMIT 1 
2022-01-14 12:12:48.241 [DEBU] {74236fa8c707ca16c36760254ab06eab} [  4 ms] [default] [rows:14 ] SHOW FULL COLUMNS FROM `sys_user` 
2022-01-14 12:12:48.245 [DEBU] {74236fa8c707ca16c36760254ab06eab} [  1 ms] [default] [rows:1  ] SELECT `user_id`,`user_name` FROM `sys_user` WHERE ((`password`='admin1') AND (nick_name='admin1' or user_name='admin1')) AND `deleted_at` IS NULL LIMIT 1 
2022-01-14 12:13:34.402 [DEBU] {a8fdf567d207ca16e908fb4a62a1767c} [  3 ms] [default] [rows:14 ] SHOW FULL COLUMNS FROM `sys_user` 
2022-01-14 12:13:34.404 [DEBU] {a8fdf567d207ca16e908fb4a62a1767c} [  1 ms] [default] [rows:1  ] SELECT `user_id`,`user_name` FROM `sys_user` WHERE ((`password`='admin1') AND (nick_name='admin1' or user_name='admin1')) AND `deleted_at` IS NULL LIMIT 1 
2022-01-14 12:14:11.263 [DEBU] {3ca404fdda07ca16979bea296450bdd2} [  3 ms] [default] [rows:14 ] SHOW FULL COLUMNS FROM `sys_user` 
2022-01-14 12:14:11.265 [DEBU] {3ca404fdda07ca16979bea296450bdd2} [  1 ms] [default] [rows:1  ] SELECT `user_id`,`user_name` FROM `sys_user` WHERE ((`password`='admin1') AND (nick_name='admin1' or user_name='admin1')) AND `deleted_at` IS NULL LIMIT 1 
2022-01-14 12:16:14.445 [DEBU] {2c3f4fabf707ca165d199552140dab94} [  3 ms] [default] [rows:14 ] SHOW FULL COLUMNS FROM `sys_user` 
2022-01-14 12:16:14.447 [DEBU] {2c3f4fabf707ca165d199552140dab94} [  0 ms] [default] [rows:1  ] SELECT `user_id`,`user_name` FROM `sys_user` WHERE ((`password`='admin1') AND (nick_name='admin1' or user_name='admin1')) AND `deleted_at` IS NULL LIMIT 1 
2022-01-14 16:30:56.989 [DEBU] {8098e7e9dd15ca16263698386007b069} [  2 ms] [default] [rows:14 ] SHOW FULL COLUMNS FROM `sys_user` 
2022-01-14 16:30:56.992 [DEBU] {8098e7e9dd15ca16263698386007b069} [  0 ms] [default] [rows:1  ] SELECT `user_id`,`user_name` FROM `sys_user` WHERE ((`password`='admin1') AND (nick_name='admin1' or user_name='admin1')) AND `deleted_at` IS NULL LIMIT 1 
2022-01-14 16:30:56.994 [DEBU] {8098e7e9dd15ca16263698386007b069} [  2 ms] [default] [rows:8  ] SHOW FULL COLUMNS FROM `sys_user_online` 
2022-01-14 16:30:56.998 [DEBU] {8098e7e9dd15ca16263698386007b069} [  4 ms] [default] [rows:1  ] INSERT INTO `sys_user_online`(`user_name`,`created_at`,`explorer`,`os`,`token`,`ip`,`user_id`) VALUES('admin1','2022-01-14 16:30:56','Chrome','Windows 7','8DVvGUvZDgoIWERqTD5PQP3IZ6Z0kzcAbpGhH9XZmChKZesuEe2hZ6ENL0NQ2Hpe','127.0.0.1',0)  
2022-01-14 16:31:54.735 [DEBU] {e8f0d95beb15ca162736983852ab1fec} [  3 ms] [default] [rows:1  ] SELECT `user_id`,`user_name` FROM `sys_user` WHERE ((`password`='admin1') AND (nick_name='admin1' or user_name='admin1')) AND `deleted_at` IS NULL LIMIT 1 
2022-01-14 16:31:54.738 [ERRO] {e8f0d95beb15ca162736983852ab1fec} [  1 ms] [default] [rows:0  ] INSERT INTO `sys_user_online`(`user_name`,`ip`,`explorer`,`created_at`,`token`,`os`,`user_id`) VALUES('admin1','127.0.0.1','Chrome','2022-01-14 16:31:54','8DVvGUvZDgoIWERqTD5PQP3IZ6Z0kzcAbpGhH9XZmChKZesuEe2hZ6ENL0NQ2Hpe','Windows 7',0) 
Error: Error 1062: Duplicate entry '8DVvGUvZDgoIWERqTD5PQP3IZ6Z0kzcAbpGhH9XZmChKZesuEe2hZ6ENL0NQ2Hpe' for key 'uni_token' 
Stack:
1.  github.com/gogf/gf/v2/database/gdb.(*Core).writeSqlToLogger
    C:/Users/54992/go/pkg/mod/github.com/gogf/gf/v2@v2.0.0-rc.0.20220110145829-0f67559995c5/database/gdb/gdb_core.go:652
2.  github.com/gogf/gf/v2/database/gdb.(*Core).DoCommit
    C:/Users/54992/go/pkg/mod/github.com/gogf/gf/v2@v2.0.0-rc.0.20220110145829-0f67559995c5/database/gdb/gdb_core_underlying.go:238
3.  github.com/gogf/gf/v2/database/gdb.(*Core).DoExec
    C:/Users/54992/go/pkg/mod/github.com/gogf/gf/v2@v2.0.0-rc.0.20220110145829-0f67559995c5/database/gdb/gdb_core_underlying.go:109
4.  github.com/gogf/gf/v2/database/gdb.(*Core).DoInsert
    C:/Users/54992/go/pkg/mod/github.com/gogf/gf/v2@v2.0.0-rc.0.20220110145829-0f67559995c5/database/gdb/gdb_core.go:441
5.  github.com/gogf/gf/v2/database/gdb.(*Model).doInsertWithOption
    C:/Users/54992/go/pkg/mod/github.com/gogf/gf/v2@v2.0.0-rc.0.20220110145829-0f67559995c5/database/gdb/gdb_model_insert.go:313
6.  github.com/gogf/gf/v2/database/gdb.(*Model).Insert
    C:/Users/54992/go/pkg/mod/github.com/gogf/gf/v2@v2.0.0-rc.0.20220110145829-0f67559995c5/database/gdb/gdb_model_insert.go:170
7.  gf-RuoYi/internal/service.(*sysUserOnline).Create
    D:/Project/gf-ruoyi/internal/service/sys_user_online.go:47
8.  gf-RuoYi/internal/handler.(*hAuth).loginAfter
    D:/Project/gf-ruoyi/internal/handler/auth.go:74
9.  github.com/goflyfox/gtoken/gtoken.(*GfToken).Login
    C:/Users/54992/go/pkg/mod/github.com/goflyfox/gtoken@v1.5.0/gtoken/gtoken.go:81
10. github.com/gogf/gf/v2/net/ghttp.(*middleware).callHandlerFunc.func1
    C:/Users/54992/go/pkg/mod/github.com/gogf/gf/v2@v2.0.0-rc.0.20220110145829-0f67559995c5/net/ghttp/ghttp_request_middleware.go:130
11. github.com/gogf/gf/v2/net/ghttp.niceCallFunc
    C:/Users/54992/go/pkg/mod/github.com/gogf/gf/v2@v2.0.0-rc.0.20220110145829-0f67559995c5/net/ghttp/ghttp_func.go:52
12. github.com/gogf/gf/v2/net/ghttp.(*middleware).callHandlerFunc
    C:/Users/54992/go/pkg/mod/github.com/gogf/gf/v2@v2.0.0-rc.0.20220110145829-0f67559995c5/net/ghttp/ghttp_request_middleware.go:128
13. github.com/gogf/gf/v2/net/ghttp.(*middleware).Next.func1.4
    C:/Users/54992/go/pkg/mod/github.com/gogf/gf/v2@v2.0.0-rc.0.20220110145829-0f67559995c5/net/ghttp/ghttp_request_middleware.go:89
14. github.com/gogf/gf/v2/net/ghttp.niceCallFunc
    C:/Users/54992/go/pkg/mod/github.com/gogf/gf/v2@v2.0.0-rc.0.20220110145829-0f67559995c5/net/ghttp/ghttp_func.go:52
15. github.com/gogf/gf/v2/net/ghttp.(*middleware).Next.func1
    C:/Users/54992/go/pkg/mod/github.com/gogf/gf/v2@v2.0.0-rc.0.20220110145829-0f67559995c5/net/ghttp/ghttp_request_middleware.go:88
16. github.com/gogf/gf/v2/util/gutil.TryCatch
    C:/Users/54992/go/pkg/mod/github.com/gogf/gf/v2@v2.0.0-rc.0.20220110145829-0f67559995c5/util/gutil/gutil.go:55
17. github.com/gogf/gf/v2/net/ghttp.(*middleware).Next
    C:/Users/54992/go/pkg/mod/github.com/gogf/gf/v2@v2.0.0-rc.0.20220110145829-0f67559995c5/net/ghttp/ghttp_request_middleware.go:48
18. github.com/goflyfox/gtoken/gtoken.(*GfToken).authMiddleware
    C:/Users/54992/go/pkg/mod/github.com/goflyfox/gtoken@v1.5.0/gtoken/gtoken.go:113
19. github.com/gogf/gf/v2/net/ghttp.(*middleware).Next.func1.1
    C:/Users/54992/go/pkg/mod/github.com/gogf/gf/v2@v2.0.0-rc.0.20220110145829-0f67559995c5/net/ghttp/ghttp_request_middleware.go:54
20. github.com/gogf/gf/v2/net/ghttp.niceCallFunc
    C:/Users/54992/go/pkg/mod/github.com/gogf/gf/v2@v2.0.0-rc.0.20220110145829-0f67559995c5/net/ghttp/ghttp_func.go:52
21. github.com/gogf/gf/v2/net/ghttp.(*middleware).Next.func1
    C:/Users/54992/go/pkg/mod/github.com/gogf/gf/v2@v2.0.0-rc.0.20220110145829-0f67559995c5/net/ghttp/ghttp_request_middleware.go:53
22. github.com/gogf/gf/v2/util/gutil.TryCatch
    C:/Users/54992/go/pkg/mod/github.com/gogf/gf/v2@v2.0.0-rc.0.20220110145829-0f67559995c5/util/gutil/gutil.go:55
23. github.com/gogf/gf/v2/net/ghttp.(*middleware).Next
    C:/Users/54992/go/pkg/mod/github.com/gogf/gf/v2@v2.0.0-rc.0.20220110145829-0f67559995c5/net/ghttp/ghttp_request_middleware.go:48
24. github.com/gogf/gf/v2/net/ghttp.internalMiddlewareServerTracing
    C:/Users/54992/go/pkg/mod/github.com/gogf/gf/v2@v2.0.0-rc.0.20220110145829-0f67559995c5/net/ghttp/ghttp_middleware_tracing.go:78
25. github.com/gogf/gf/v2/net/ghttp.(*middleware).Next.func1.5
    C:/Users/54992/go/pkg/mod/github.com/gogf/gf/v2@v2.0.0-rc.0.20220110145829-0f67559995c5/net/ghttp/ghttp_request_middleware.go:95
26. github.com/gogf/gf/v2/net/ghttp.niceCallFunc
    C:/Users/54992/go/pkg/mod/github.com/gogf/gf/v2@v2.0.0-rc.0.20220110145829-0f67559995c5/net/ghttp/ghttp_func.go:52
27. github.com/gogf/gf/v2/net/ghttp.(*middleware).Next.func1
    C:/Users/54992/go/pkg/mod/github.com/gogf/gf/v2@v2.0.0-rc.0.20220110145829-0f67559995c5/net/ghttp/ghttp_request_middleware.go:94
28. github.com/gogf/gf/v2/util/gutil.TryCatch
    C:/Users/54992/go/pkg/mod/github.com/gogf/gf/v2@v2.0.0-rc.0.20220110145829-0f67559995c5/util/gutil/gutil.go:55
29. github.com/gogf/gf/v2/net/ghttp.(*middleware).Next
    C:/Users/54992/go/pkg/mod/github.com/gogf/gf/v2@v2.0.0-rc.0.20220110145829-0f67559995c5/net/ghttp/ghttp_request_middleware.go:48
30. github.com/gogf/gf/v2/net/ghttp.(*Server).ServeHTTP
    C:/Users/54992/go/pkg/mod/github.com/gogf/gf/v2@v2.0.0-rc.0.20220110145829-0f67559995c5/net/ghttp/ghttp_server_handler.go:121
 
2022-01-14 16:32:32.212 [DEBU] {4420b415f415ca162836983806d4b325} [  2 ms] [default] [rows:1  ] SELECT `user_id`,`user_name` FROM `sys_user` WHERE ((`password`='admin1') AND (nick_name='admin1' or user_name='admin1')) AND `deleted_at` IS NULL LIMIT 1 
2022-01-14 16:32:32.214 [ERRO] {4420b415f415ca162836983806d4b325} [  1 ms] [default] [rows:0  ] INSERT INTO `sys_user_online`(`os`,`created_at`,`token`,`user_id`,`user_name`,`ip`,`explorer`) VALUES('Windows 7','2022-01-14 16:32:32','8DVvGUvZDgoIWERqTD5PQP3IZ6Z0kzcAbpGhH9XZmChKZesuEe2hZ6ENL0NQ2Hpe',0,'admin1','127.0.0.1','Chrome') 
Error: Error 1062: Duplicate entry '8DVvGUvZDgoIWERqTD5PQP3IZ6Z0kzcAbpGhH9XZmChKZesuEe2hZ6ENL0NQ2Hpe' for key 'uni_token' 
Stack:
1.  github.com/gogf/gf/v2/database/gdb.(*Core).writeSqlToLogger
    C:/Users/54992/go/pkg/mod/github.com/gogf/gf/v2@v2.0.0-rc.0.20220110145829-0f67559995c5/database/gdb/gdb_core.go:652
2.  github.com/gogf/gf/v2/database/gdb.(*Core).DoCommit
    C:/Users/54992/go/pkg/mod/github.com/gogf/gf/v2@v2.0.0-rc.0.20220110145829-0f67559995c5/database/gdb/gdb_core_underlying.go:238
3.  github.com/gogf/gf/v2/database/gdb.(*Core).DoExec
    C:/Users/54992/go/pkg/mod/github.com/gogf/gf/v2@v2.0.0-rc.0.20220110145829-0f67559995c5/database/gdb/gdb_core_underlying.go:109
4.  github.com/gogf/gf/v2/database/gdb.(*Core).DoInsert
    C:/Users/54992/go/pkg/mod/github.com/gogf/gf/v2@v2.0.0-rc.0.20220110145829-0f67559995c5/database/gdb/gdb_core.go:441
5.  github.com/gogf/gf/v2/database/gdb.(*Model).doInsertWithOption
    C:/Users/54992/go/pkg/mod/github.com/gogf/gf/v2@v2.0.0-rc.0.20220110145829-0f67559995c5/database/gdb/gdb_model_insert.go:313
6.  github.com/gogf/gf/v2/database/gdb.(*Model).Insert
    C:/Users/54992/go/pkg/mod/github.com/gogf/gf/v2@v2.0.0-rc.0.20220110145829-0f67559995c5/database/gdb/gdb_model_insert.go:170
7.  gf-RuoYi/internal/service.(*sysUserOnline).Create
    D:/Project/gf-ruoyi/internal/service/sys_user_online.go:47
8.  gf-RuoYi/internal/handler.(*hAuth).loginAfter
    D:/Project/gf-ruoyi/internal/handler/auth.go:74
9.  github.com/goflyfox/gtoken/gtoken.(*GfToken).Login
    C:/Users/54992/go/pkg/mod/github.com/goflyfox/gtoken@v1.5.0/gtoken/gtoken.go:81
10. github.com/gogf/gf/v2/net/ghttp.(*middleware).callHandlerFunc.func1
    C:/Users/54992/go/pkg/mod/github.com/gogf/gf/v2@v2.0.0-rc.0.20220110145829-0f67559995c5/net/ghttp/ghttp_request_middleware.go:130
11. github.com/gogf/gf/v2/net/ghttp.niceCallFunc
    C:/Users/54992/go/pkg/mod/github.com/gogf/gf/v2@v2.0.0-rc.0.20220110145829-0f67559995c5/net/ghttp/ghttp_func.go:52
12. github.com/gogf/gf/v2/net/ghttp.(*middleware).callHandlerFunc
    C:/Users/54992/go/pkg/mod/github.com/gogf/gf/v2@v2.0.0-rc.0.20220110145829-0f67559995c5/net/ghttp/ghttp_request_middleware.go:128
13. github.com/gogf/gf/v2/net/ghttp.(*middleware).Next.func1.4
    C:/Users/54992/go/pkg/mod/github.com/gogf/gf/v2@v2.0.0-rc.0.20220110145829-0f67559995c5/net/ghttp/ghttp_request_middleware.go:89
14. github.com/gogf/gf/v2/net/ghttp.niceCallFunc
    C:/Users/54992/go/pkg/mod/github.com/gogf/gf/v2@v2.0.0-rc.0.20220110145829-0f67559995c5/net/ghttp/ghttp_func.go:52
15. github.com/gogf/gf/v2/net/ghttp.(*middleware).Next.func1
    C:/Users/54992/go/pkg/mod/github.com/gogf/gf/v2@v2.0.0-rc.0.20220110145829-0f67559995c5/net/ghttp/ghttp_request_middleware.go:88
16. github.com/gogf/gf/v2/util/gutil.TryCatch
    C:/Users/54992/go/pkg/mod/github.com/gogf/gf/v2@v2.0.0-rc.0.20220110145829-0f67559995c5/util/gutil/gutil.go:55
17. github.com/gogf/gf/v2/net/ghttp.(*middleware).Next
    C:/Users/54992/go/pkg/mod/github.com/gogf/gf/v2@v2.0.0-rc.0.20220110145829-0f67559995c5/net/ghttp/ghttp_request_middleware.go:48
18. github.com/goflyfox/gtoken/gtoken.(*GfToken).authMiddleware
    C:/Users/54992/go/pkg/mod/github.com/goflyfox/gtoken@v1.5.0/gtoken/gtoken.go:113
19. github.com/gogf/gf/v2/net/ghttp.(*middleware).Next.func1.1
    C:/Users/54992/go/pkg/mod/github.com/gogf/gf/v2@v2.0.0-rc.0.20220110145829-0f67559995c5/net/ghttp/ghttp_request_middleware.go:54
20. github.com/gogf/gf/v2/net/ghttp.niceCallFunc
    C:/Users/54992/go/pkg/mod/github.com/gogf/gf/v2@v2.0.0-rc.0.20220110145829-0f67559995c5/net/ghttp/ghttp_func.go:52
21. github.com/gogf/gf/v2/net/ghttp.(*middleware).Next.func1
    C:/Users/54992/go/pkg/mod/github.com/gogf/gf/v2@v2.0.0-rc.0.20220110145829-0f67559995c5/net/ghttp/ghttp_request_middleware.go:53
22. github.com/gogf/gf/v2/util/gutil.TryCatch
    C:/Users/54992/go/pkg/mod/github.com/gogf/gf/v2@v2.0.0-rc.0.20220110145829-0f67559995c5/util/gutil/gutil.go:55
23. github.com/gogf/gf/v2/net/ghttp.(*middleware).Next
    C:/Users/54992/go/pkg/mod/github.com/gogf/gf/v2@v2.0.0-rc.0.20220110145829-0f67559995c5/net/ghttp/ghttp_request_middleware.go:48
24. github.com/gogf/gf/v2/net/ghttp.internalMiddlewareServerTracing
    C:/Users/54992/go/pkg/mod/github.com/gogf/gf/v2@v2.0.0-rc.0.20220110145829-0f67559995c5/net/ghttp/ghttp_middleware_tracing.go:78
25. github.com/gogf/gf/v2/net/ghttp.(*middleware).Next.func1.5
    C:/Users/54992/go/pkg/mod/github.com/gogf/gf/v2@v2.0.0-rc.0.20220110145829-0f67559995c5/net/ghttp/ghttp_request_middleware.go:95
26. github.com/gogf/gf/v2/net/ghttp.niceCallFunc
    C:/Users/54992/go/pkg/mod/github.com/gogf/gf/v2@v2.0.0-rc.0.20220110145829-0f67559995c5/net/ghttp/ghttp_func.go:52
27. github.com/gogf/gf/v2/net/ghttp.(*middleware).Next.func1
    C:/Users/54992/go/pkg/mod/github.com/gogf/gf/v2@v2.0.0-rc.0.20220110145829-0f67559995c5/net/ghttp/ghttp_request_middleware.go:94
28. github.com/gogf/gf/v2/util/gutil.TryCatch
    C:/Users/54992/go/pkg/mod/github.com/gogf/gf/v2@v2.0.0-rc.0.20220110145829-0f67559995c5/util/gutil/gutil.go:55
29. github.com/gogf/gf/v2/net/ghttp.(*middleware).Next
    C:/Users/54992/go/pkg/mod/github.com/gogf/gf/v2@v2.0.0-rc.0.20220110145829-0f67559995c5/net/ghttp/ghttp_request_middleware.go:48
30. github.com/gogf/gf/v2/net/ghttp.(*Server).ServeHTTP
    C:/Users/54992/go/pkg/mod/github.com/gogf/gf/v2@v2.0.0-rc.0.20220110145829-0f67559995c5/net/ghttp/ghttp_server_handler.go:121
 
2022-01-14 16:32:49.374 [DEBU] {a8699f14f815ca16293698385ad1ad79} [  1 ms] [default] [rows:1  ] SELECT `id`,`token`,`user_id`,`user_name`,`ip`,`explorer`,`os`,`created_at` FROM `sys_user_online` WHERE `token`='8DVvGUvZDgoIWERqTD5PQP3IZ6Z0kzcAbpGhH9XZmChKZesuEe2hZ6ENL0NQ2Hpe' LIMIT 1 
2022-01-14 16:32:49.377 [DEBU] {a8699f14f815ca16293698385ad1ad79} [  0 ms] [default] [rows:0  ] SELECT `user_id`,`user_name`,`nick_name`,`mobile`,`avatar`,`status`,`role_ids`,`shop_ids`,`dept_id`,`remark`,`created_at`,`updated_at` FROM `sys_user` WHERE (`user_id`=0) AND `deleted_at` IS NULL LIMIT 1 
2022-01-14 16:32:59.007 [DEBU] {7c28d152fa15ca162a369838fcaf6c7b} [  1 ms] [default] [rows:0  ] SELECT `user_id`,`user_name`,`nick_name`,`mobile`,`avatar`,`status`,`role_ids`,`shop_ids`,`dept_id`,`remark`,`created_at`,`updated_at` FROM `sys_user` WHERE (`user_id`=0) AND `deleted_at` IS NULL LIMIT 1 
2022-01-14 16:33:16.058 [DEBU] {0ced0c4bfe15ca16a3d0511dd913fe7e} [  3 ms] [default] [rows:14 ] SHOW FULL COLUMNS FROM `sys_user` 
2022-01-14 16:33:16.062 [DEBU] {0ced0c4bfe15ca16a3d0511dd913fe7e} [  1 ms] [default] [rows:1  ] SELECT `user_id`,`user_name` FROM `sys_user` WHERE ((`password`='admin1') AND (nick_name='admin1' or user_name='admin1')) AND `deleted_at` IS NULL LIMIT 1 
2022-01-14 16:33:16.064 [DEBU] {0ced0c4bfe15ca16a3d0511dd913fe7e} [  1 ms] [default] [rows:8  ] SHOW FULL COLUMNS FROM `sys_user_online` 
2022-01-14 16:33:16.066 [DEBU] {0ced0c4bfe15ca16a3d0511dd913fe7e} [  1 ms] [default] [rows:1  ] INSERT INTO `sys_user_online`(`created_at`,`token`,`user_id`,`user_name`,`ip`,`explorer`,`os`) VALUES('2022-01-14 16:33:16','p/ylJVwjYl2YGSuXWO6CknUgTLJK1qYgf9hfqi43jZg9aPvUpl9+/8mfvb17yiIO',0,'admin1','127.0.0.1','Chrome','Windows 7')  
2022-01-14 16:33:51.131 [DEBU] {dc1b9a750616ca16a4d0511d7423d0d4} [  2 ms] [default] [rows:1  ] SELECT `id`,`token`,`user_id`,`user_name`,`ip`,`explorer`,`os`,`created_at` FROM `sys_user_online` WHERE `token`='p/ylJVwjYl2YGSuXWO6CknUgTLJK1qYgf9hfqi43jZg9aPvUpl9+/8mfvb17yiIO' LIMIT 1 
2022-01-14 16:33:51.133 [DEBU] {dc1b9a750616ca16a4d0511d7423d0d4} [  1 ms] [default] [rows:0  ] SELECT `user_id`,`user_name`,`nick_name`,`mobile`,`avatar`,`status`,`role_ids`,`shop_ids`,`dept_id`,`remark`,`created_at`,`updated_at` FROM `sys_user` WHERE (`user_id`=0) AND `deleted_at` IS NULL LIMIT 1 
2022-01-14 16:50:46.660 [DEBU] {1820e6e7f216ca16a6d0511df86a7c18} [  2 ms] [default] [rows:1  ] SELECT `user_id`,`user_name` FROM `sys_user` WHERE ((`password`='admin1') AND (nick_name='admin1' or user_name='admin1')) AND `deleted_at` IS NULL LIMIT 1 
2022-01-14 16:50:46.663 [ERRO] {1820e6e7f216ca16a6d0511df86a7c18} [  1 ms] [default] [rows:0  ] INSERT INTO `sys_user_online`(`user_name`,`ip`,`explorer`,`os`,`created_at`,`token`,`user_id`) VALUES('admin1','127.0.0.1','Chrome','Windows 7','2022-01-14 16:50:46','p/ylJVwjYl2YGSuXWO6CknUgTLJK1qYgf9hfqi43jZg9aPvUpl9+/8mfvb17yiIO',0) 
Error: Error 1062: Duplicate entry 'p/ylJVwjYl2YGSuXWO6CknUgTLJK1qYgf9hfqi43jZg9aPvUpl9+/8mfvb17yiIO' for key 'uni_token' 
Stack:
1.  github.com/gogf/gf/v2/database/gdb.(*Core).writeSqlToLogger
    C:/Users/54992/go/pkg/mod/github.com/gogf/gf/v2@v2.0.0-rc.0.20220110145829-0f67559995c5/database/gdb/gdb_core.go:652
2.  github.com/gogf/gf/v2/database/gdb.(*Core).DoCommit
    C:/Users/54992/go/pkg/mod/github.com/gogf/gf/v2@v2.0.0-rc.0.20220110145829-0f67559995c5/database/gdb/gdb_core_underlying.go:238
3.  github.com/gogf/gf/v2/database/gdb.(*Core).DoExec
    C:/Users/54992/go/pkg/mod/github.com/gogf/gf/v2@v2.0.0-rc.0.20220110145829-0f67559995c5/database/gdb/gdb_core_underlying.go:109
4.  github.com/gogf/gf/v2/database/gdb.(*Core).DoInsert
    C:/Users/54992/go/pkg/mod/github.com/gogf/gf/v2@v2.0.0-rc.0.20220110145829-0f67559995c5/database/gdb/gdb_core.go:441
5.  github.com/gogf/gf/v2/database/gdb.(*Model).doInsertWithOption
    C:/Users/54992/go/pkg/mod/github.com/gogf/gf/v2@v2.0.0-rc.0.20220110145829-0f67559995c5/database/gdb/gdb_model_insert.go:313
6.  github.com/gogf/gf/v2/database/gdb.(*Model).Insert
    C:/Users/54992/go/pkg/mod/github.com/gogf/gf/v2@v2.0.0-rc.0.20220110145829-0f67559995c5/database/gdb/gdb_model_insert.go:170
7.  gf-RuoYi/internal/service.(*sysUserOnline).Create
    D:/Project/gf-ruoyi/internal/service/sys_user_online.go:47
8.  gf-RuoYi/internal/handler.(*hAuth).loginAfter
    D:/Project/gf-ruoyi/internal/handler/auth.go:74
9.  github.com/goflyfox/gtoken/gtoken.(*GfToken).Login
    C:/Users/54992/go/pkg/mod/github.com/goflyfox/gtoken@v1.5.0/gtoken/gtoken.go:81
10. github.com/gogf/gf/v2/net/ghttp.(*middleware).callHandlerFunc.func1
    C:/Users/54992/go/pkg/mod/github.com/gogf/gf/v2@v2.0.0-rc.0.20220110145829-0f67559995c5/net/ghttp/ghttp_request_middleware.go:130
11. github.com/gogf/gf/v2/net/ghttp.niceCallFunc
    C:/Users/54992/go/pkg/mod/github.com/gogf/gf/v2@v2.0.0-rc.0.20220110145829-0f67559995c5/net/ghttp/ghttp_func.go:52
12. github.com/gogf/gf/v2/net/ghttp.(*middleware).callHandlerFunc
    C:/Users/54992/go/pkg/mod/github.com/gogf/gf/v2@v2.0.0-rc.0.20220110145829-0f67559995c5/net/ghttp/ghttp_request_middleware.go:128
13. github.com/gogf/gf/v2/net/ghttp.(*middleware).Next.func1.4
    C:/Users/54992/go/pkg/mod/github.com/gogf/gf/v2@v2.0.0-rc.0.20220110145829-0f67559995c5/net/ghttp/ghttp_request_middleware.go:89
14. github.com/gogf/gf/v2/net/ghttp.niceCallFunc
    C:/Users/54992/go/pkg/mod/github.com/gogf/gf/v2@v2.0.0-rc.0.20220110145829-0f67559995c5/net/ghttp/ghttp_func.go:52
15. github.com/gogf/gf/v2/net/ghttp.(*middleware).Next.func1
    C:/Users/54992/go/pkg/mod/github.com/gogf/gf/v2@v2.0.0-rc.0.20220110145829-0f67559995c5/net/ghttp/ghttp_request_middleware.go:88
16. github.com/gogf/gf/v2/util/gutil.TryCatch
    C:/Users/54992/go/pkg/mod/github.com/gogf/gf/v2@v2.0.0-rc.0.20220110145829-0f67559995c5/util/gutil/gutil.go:55
17. github.com/gogf/gf/v2/net/ghttp.(*middleware).Next
    C:/Users/54992/go/pkg/mod/github.com/gogf/gf/v2@v2.0.0-rc.0.20220110145829-0f67559995c5/net/ghttp/ghttp_request_middleware.go:48
18. github.com/goflyfox/gtoken/gtoken.(*GfToken).authMiddleware
    C:/Users/54992/go/pkg/mod/github.com/goflyfox/gtoken@v1.5.0/gtoken/gtoken.go:113
19. github.com/gogf/gf/v2/net/ghttp.(*middleware).Next.func1.1
    C:/Users/54992/go/pkg/mod/github.com/gogf/gf/v2@v2.0.0-rc.0.20220110145829-0f67559995c5/net/ghttp/ghttp_request_middleware.go:54
20. github.com/gogf/gf/v2/net/ghttp.niceCallFunc
    C:/Users/54992/go/pkg/mod/github.com/gogf/gf/v2@v2.0.0-rc.0.20220110145829-0f67559995c5/net/ghttp/ghttp_func.go:52
21. github.com/gogf/gf/v2/net/ghttp.(*middleware).Next.func1
    C:/Users/54992/go/pkg/mod/github.com/gogf/gf/v2@v2.0.0-rc.0.20220110145829-0f67559995c5/net/ghttp/ghttp_request_middleware.go:53
22. github.com/gogf/gf/v2/util/gutil.TryCatch
    C:/Users/54992/go/pkg/mod/github.com/gogf/gf/v2@v2.0.0-rc.0.20220110145829-0f67559995c5/util/gutil/gutil.go:55
23. github.com/gogf/gf/v2/net/ghttp.(*middleware).Next
    C:/Users/54992/go/pkg/mod/github.com/gogf/gf/v2@v2.0.0-rc.0.20220110145829-0f67559995c5/net/ghttp/ghttp_request_middleware.go:48
24. github.com/gogf/gf/v2/net/ghttp.internalMiddlewareServerTracing
    C:/Users/54992/go/pkg/mod/github.com/gogf/gf/v2@v2.0.0-rc.0.20220110145829-0f67559995c5/net/ghttp/ghttp_middleware_tracing.go:78
25. github.com/gogf/gf/v2/net/ghttp.(*middleware).Next.func1.5
    C:/Users/54992/go/pkg/mod/github.com/gogf/gf/v2@v2.0.0-rc.0.20220110145829-0f67559995c5/net/ghttp/ghttp_request_middleware.go:95
26. github.com/gogf/gf/v2/net/ghttp.niceCallFunc
    C:/Users/54992/go/pkg/mod/github.com/gogf/gf/v2@v2.0.0-rc.0.20220110145829-0f67559995c5/net/ghttp/ghttp_func.go:52
27. github.com/gogf/gf/v2/net/ghttp.(*middleware).Next.func1
    C:/Users/54992/go/pkg/mod/github.com/gogf/gf/v2@v2.0.0-rc.0.20220110145829-0f67559995c5/net/ghttp/ghttp_request_middleware.go:94
28. github.com/gogf/gf/v2/util/gutil.TryCatch
    C:/Users/54992/go/pkg/mod/github.com/gogf/gf/v2@v2.0.0-rc.0.20220110145829-0f67559995c5/util/gutil/gutil.go:55
29. github.com/gogf/gf/v2/net/ghttp.(*middleware).Next
    C:/Users/54992/go/pkg/mod/github.com/gogf/gf/v2@v2.0.0-rc.0.20220110145829-0f67559995c5/net/ghttp/ghttp_request_middleware.go:48
30. github.com/gogf/gf/v2/net/ghttp.(*Server).ServeHTTP
    C:/Users/54992/go/pkg/mod/github.com/gogf/gf/v2@v2.0.0-rc.0.20220110145829-0f67559995c5/net/ghttp/ghttp_server_handler.go:121
 
2022-01-14 16:50:47.837 [DEBU] {bc391e2ef316ca16a7d0511d25b0ddf6} [  1 ms] [default] [rows:1  ] SELECT `user_id`,`user_name` FROM `sys_user` WHERE ((`password`='admin1') AND (nick_name='admin1' or user_name='admin1')) AND `deleted_at` IS NULL LIMIT 1 
2022-01-14 16:50:47.839 [ERRO] {bc391e2ef316ca16a7d0511d25b0ddf6} [  0 ms] [default] [rows:0  ] INSERT INTO `sys_user_online`(`ip`,`explorer`,`created_at`,`token`,`os`,`user_id`,`user_name`) VALUES('127.0.0.1','Chrome','2022-01-14 16:50:47','p/ylJVwjYl2YGSuXWO6CknUgTLJK1qYgf9hfqi43jZg9aPvUpl9+/8mfvb17yiIO','Windows 7',0,'admin1') 
Error: Error 1062: Duplicate entry 'p/ylJVwjYl2YGSuXWO6CknUgTLJK1qYgf9hfqi43jZg9aPvUpl9+/8mfvb17yiIO' for key 'uni_token' 
Stack:
1.  github.com/gogf/gf/v2/database/gdb.(*Core).writeSqlToLogger
    C:/Users/54992/go/pkg/mod/github.com/gogf/gf/v2@v2.0.0-rc.0.20220110145829-0f67559995c5/database/gdb/gdb_core.go:652
2.  github.com/gogf/gf/v2/database/gdb.(*Core).DoCommit
    C:/Users/54992/go/pkg/mod/github.com/gogf/gf/v2@v2.0.0-rc.0.20220110145829-0f67559995c5/database/gdb/gdb_core_underlying.go:238
3.  github.com/gogf/gf/v2/database/gdb.(*Core).DoExec
    C:/Users/54992/go/pkg/mod/github.com/gogf/gf/v2@v2.0.0-rc.0.20220110145829-0f67559995c5/database/gdb/gdb_core_underlying.go:109
4.  github.com/gogf/gf/v2/database/gdb.(*Core).DoInsert
    C:/Users/54992/go/pkg/mod/github.com/gogf/gf/v2@v2.0.0-rc.0.20220110145829-0f67559995c5/database/gdb/gdb_core.go:441
5.  github.com/gogf/gf/v2/database/gdb.(*Model).doInsertWithOption
    C:/Users/54992/go/pkg/mod/github.com/gogf/gf/v2@v2.0.0-rc.0.20220110145829-0f67559995c5/database/gdb/gdb_model_insert.go:313
6.  github.com/gogf/gf/v2/database/gdb.(*Model).Insert
    C:/Users/54992/go/pkg/mod/github.com/gogf/gf/v2@v2.0.0-rc.0.20220110145829-0f67559995c5/database/gdb/gdb_model_insert.go:170
7.  gf-RuoYi/internal/service.(*sysUserOnline).Create
    D:/Project/gf-ruoyi/internal/service/sys_user_online.go:47
8.  gf-RuoYi/internal/handler.(*hAuth).loginAfter
    D:/Project/gf-ruoyi/internal/handler/auth.go:74
9.  github.com/goflyfox/gtoken/gtoken.(*GfToken).Login
    C:/Users/54992/go/pkg/mod/github.com/goflyfox/gtoken@v1.5.0/gtoken/gtoken.go:81
10. github.com/gogf/gf/v2/net/ghttp.(*middleware).callHandlerFunc.func1
    C:/Users/54992/go/pkg/mod/github.com/gogf/gf/v2@v2.0.0-rc.0.20220110145829-0f67559995c5/net/ghttp/ghttp_request_middleware.go:130
11. github.com/gogf/gf/v2/net/ghttp.niceCallFunc
    C:/Users/54992/go/pkg/mod/github.com/gogf/gf/v2@v2.0.0-rc.0.20220110145829-0f67559995c5/net/ghttp/ghttp_func.go:52
12. github.com/gogf/gf/v2/net/ghttp.(*middleware).callHandlerFunc
    C:/Users/54992/go/pkg/mod/github.com/gogf/gf/v2@v2.0.0-rc.0.20220110145829-0f67559995c5/net/ghttp/ghttp_request_middleware.go:128
13. github.com/gogf/gf/v2/net/ghttp.(*middleware).Next.func1.4
    C:/Users/54992/go/pkg/mod/github.com/gogf/gf/v2@v2.0.0-rc.0.20220110145829-0f67559995c5/net/ghttp/ghttp_request_middleware.go:89
14. github.com/gogf/gf/v2/net/ghttp.niceCallFunc
    C:/Users/54992/go/pkg/mod/github.com/gogf/gf/v2@v2.0.0-rc.0.20220110145829-0f67559995c5/net/ghttp/ghttp_func.go:52
15. github.com/gogf/gf/v2/net/ghttp.(*middleware).Next.func1
    C:/Users/54992/go/pkg/mod/github.com/gogf/gf/v2@v2.0.0-rc.0.20220110145829-0f67559995c5/net/ghttp/ghttp_request_middleware.go:88
16. github.com/gogf/gf/v2/util/gutil.TryCatch
    C:/Users/54992/go/pkg/mod/github.com/gogf/gf/v2@v2.0.0-rc.0.20220110145829-0f67559995c5/util/gutil/gutil.go:55
17. github.com/gogf/gf/v2/net/ghttp.(*middleware).Next
    C:/Users/54992/go/pkg/mod/github.com/gogf/gf/v2@v2.0.0-rc.0.20220110145829-0f67559995c5/net/ghttp/ghttp_request_middleware.go:48
18. github.com/goflyfox/gtoken/gtoken.(*GfToken).authMiddleware
    C:/Users/54992/go/pkg/mod/github.com/goflyfox/gtoken@v1.5.0/gtoken/gtoken.go:113
19. github.com/gogf/gf/v2/net/ghttp.(*middleware).Next.func1.1
    C:/Users/54992/go/pkg/mod/github.com/gogf/gf/v2@v2.0.0-rc.0.20220110145829-0f67559995c5/net/ghttp/ghttp_request_middleware.go:54
20. github.com/gogf/gf/v2/net/ghttp.niceCallFunc
    C:/Users/54992/go/pkg/mod/github.com/gogf/gf/v2@v2.0.0-rc.0.20220110145829-0f67559995c5/net/ghttp/ghttp_func.go:52
21. github.com/gogf/gf/v2/net/ghttp.(*middleware).Next.func1
    C:/Users/54992/go/pkg/mod/github.com/gogf/gf/v2@v2.0.0-rc.0.20220110145829-0f67559995c5/net/ghttp/ghttp_request_middleware.go:53
22. github.com/gogf/gf/v2/util/gutil.TryCatch
    C:/Users/54992/go/pkg/mod/github.com/gogf/gf/v2@v2.0.0-rc.0.20220110145829-0f67559995c5/util/gutil/gutil.go:55
23. github.com/gogf/gf/v2/net/ghttp.(*middleware).Next
    C:/Users/54992/go/pkg/mod/github.com/gogf/gf/v2@v2.0.0-rc.0.20220110145829-0f67559995c5/net/ghttp/ghttp_request_middleware.go:48
24. github.com/gogf/gf/v2/net/ghttp.internalMiddlewareServerTracing
    C:/Users/54992/go/pkg/mod/github.com/gogf/gf/v2@v2.0.0-rc.0.20220110145829-0f67559995c5/net/ghttp/ghttp_middleware_tracing.go:78
25. github.com/gogf/gf/v2/net/ghttp.(*middleware).Next.func1.5
    C:/Users/54992/go/pkg/mod/github.com/gogf/gf/v2@v2.0.0-rc.0.20220110145829-0f67559995c5/net/ghttp/ghttp_request_middleware.go:95
26. github.com/gogf/gf/v2/net/ghttp.niceCallFunc
    C:/Users/54992/go/pkg/mod/github.com/gogf/gf/v2@v2.0.0-rc.0.20220110145829-0f67559995c5/net/ghttp/ghttp_func.go:52
27. github.com/gogf/gf/v2/net/ghttp.(*middleware).Next.func1
    C:/Users/54992/go/pkg/mod/github.com/gogf/gf/v2@v2.0.0-rc.0.20220110145829-0f67559995c5/net/ghttp/ghttp_request_middleware.go:94
28. github.com/gogf/gf/v2/util/gutil.TryCatch
    C:/Users/54992/go/pkg/mod/github.com/gogf/gf/v2@v2.0.0-rc.0.20220110145829-0f67559995c5/util/gutil/gutil.go:55
29. github.com/gogf/gf/v2/net/ghttp.(*middleware).Next
    C:/Users/54992/go/pkg/mod/github.com/gogf/gf/v2@v2.0.0-rc.0.20220110145829-0f67559995c5/net/ghttp/ghttp_request_middleware.go:48
30. github.com/gogf/gf/v2/net/ghttp.(*Server).ServeHTTP
    C:/Users/54992/go/pkg/mod/github.com/gogf/gf/v2@v2.0.0-rc.0.20220110145829-0f67559995c5/net/ghttp/ghttp_server_handler.go:121
 
2022-01-14 16:50:48.664 [DEBU] {88116c5ff316ca16a8d0511d5232bc8d} [  0 ms] [default] [rows:1  ] SELECT `user_id`,`user_name` FROM `sys_user` WHERE ((`password`='admin1') AND (nick_name='admin1' or user_name='admin1')) AND `deleted_at` IS NULL LIMIT 1 
2022-01-14 16:50:48.666 [ERRO] {88116c5ff316ca16a8d0511d5232bc8d} [  1 ms] [default] [rows:0  ] INSERT INTO `sys_user_online`(`user_id`,`created_at`,`user_name`,`ip`,`explorer`,`os`,`token`) VALUES(0,'2022-01-14 16:50:48','admin1','127.0.0.1','Chrome','Windows 7','p/ylJVwjYl2YGSuXWO6CknUgTLJK1qYgf9hfqi43jZg9aPvUpl9+/8mfvb17yiIO') 
Error: Error 1062: Duplicate entry 'p/ylJVwjYl2YGSuXWO6CknUgTLJK1qYgf9hfqi43jZg9aPvUpl9+/8mfvb17yiIO' for key 'uni_token' 
Stack:
1.  github.com/gogf/gf/v2/database/gdb.(*Core).writeSqlToLogger
    C:/Users/54992/go/pkg/mod/github.com/gogf/gf/v2@v2.0.0-rc.0.20220110145829-0f67559995c5/database/gdb/gdb_core.go:652
2.  github.com/gogf/gf/v2/database/gdb.(*Core).DoCommit
    C:/Users/54992/go/pkg/mod/github.com/gogf/gf/v2@v2.0.0-rc.0.20220110145829-0f67559995c5/database/gdb/gdb_core_underlying.go:238
3.  github.com/gogf/gf/v2/database/gdb.(*Core).DoExec
    C:/Users/54992/go/pkg/mod/github.com/gogf/gf/v2@v2.0.0-rc.0.20220110145829-0f67559995c5/database/gdb/gdb_core_underlying.go:109
4.  github.com/gogf/gf/v2/database/gdb.(*Core).DoInsert
    C:/Users/54992/go/pkg/mod/github.com/gogf/gf/v2@v2.0.0-rc.0.20220110145829-0f67559995c5/database/gdb/gdb_core.go:441
5.  github.com/gogf/gf/v2/database/gdb.(*Model).doInsertWithOption
    C:/Users/54992/go/pkg/mod/github.com/gogf/gf/v2@v2.0.0-rc.0.20220110145829-0f67559995c5/database/gdb/gdb_model_insert.go:313
6.  github.com/gogf/gf/v2/database/gdb.(*Model).Insert
    C:/Users/54992/go/pkg/mod/github.com/gogf/gf/v2@v2.0.0-rc.0.20220110145829-0f67559995c5/database/gdb/gdb_model_insert.go:170
7.  gf-RuoYi/internal/service.(*sysUserOnline).Create
    D:/Project/gf-ruoyi/internal/service/sys_user_online.go:47
8.  gf-RuoYi/internal/handler.(*hAuth).loginAfter
    D:/Project/gf-ruoyi/internal/handler/auth.go:74
9.  github.com/goflyfox/gtoken/gtoken.(*GfToken).Login
    C:/Users/54992/go/pkg/mod/github.com/goflyfox/gtoken@v1.5.0/gtoken/gtoken.go:81
10. github.com/gogf/gf/v2/net/ghttp.(*middleware).callHandlerFunc.func1
    C:/Users/54992/go/pkg/mod/github.com/gogf/gf/v2@v2.0.0-rc.0.20220110145829-0f67559995c5/net/ghttp/ghttp_request_middleware.go:130
11. github.com/gogf/gf/v2/net/ghttp.niceCallFunc
    C:/Users/54992/go/pkg/mod/github.com/gogf/gf/v2@v2.0.0-rc.0.20220110145829-0f67559995c5/net/ghttp/ghttp_func.go:52
12. github.com/gogf/gf/v2/net/ghttp.(*middleware).callHandlerFunc
    C:/Users/54992/go/pkg/mod/github.com/gogf/gf/v2@v2.0.0-rc.0.20220110145829-0f67559995c5/net/ghttp/ghttp_request_middleware.go:128
13. github.com/gogf/gf/v2/net/ghttp.(*middleware).Next.func1.4
    C:/Users/54992/go/pkg/mod/github.com/gogf/gf/v2@v2.0.0-rc.0.20220110145829-0f67559995c5/net/ghttp/ghttp_request_middleware.go:89
14. github.com/gogf/gf/v2/net/ghttp.niceCallFunc
    C:/Users/54992/go/pkg/mod/github.com/gogf/gf/v2@v2.0.0-rc.0.20220110145829-0f67559995c5/net/ghttp/ghttp_func.go:52
15. github.com/gogf/gf/v2/net/ghttp.(*middleware).Next.func1
    C:/Users/54992/go/pkg/mod/github.com/gogf/gf/v2@v2.0.0-rc.0.20220110145829-0f67559995c5/net/ghttp/ghttp_request_middleware.go:88
16. github.com/gogf/gf/v2/util/gutil.TryCatch
    C:/Users/54992/go/pkg/mod/github.com/gogf/gf/v2@v2.0.0-rc.0.20220110145829-0f67559995c5/util/gutil/gutil.go:55
17. github.com/gogf/gf/v2/net/ghttp.(*middleware).Next
    C:/Users/54992/go/pkg/mod/github.com/gogf/gf/v2@v2.0.0-rc.0.20220110145829-0f67559995c5/net/ghttp/ghttp_request_middleware.go:48
18. github.com/goflyfox/gtoken/gtoken.(*GfToken).authMiddleware
    C:/Users/54992/go/pkg/mod/github.com/goflyfox/gtoken@v1.5.0/gtoken/gtoken.go:113
19. github.com/gogf/gf/v2/net/ghttp.(*middleware).Next.func1.1
    C:/Users/54992/go/pkg/mod/github.com/gogf/gf/v2@v2.0.0-rc.0.20220110145829-0f67559995c5/net/ghttp/ghttp_request_middleware.go:54
20. github.com/gogf/gf/v2/net/ghttp.niceCallFunc
    C:/Users/54992/go/pkg/mod/github.com/gogf/gf/v2@v2.0.0-rc.0.20220110145829-0f67559995c5/net/ghttp/ghttp_func.go:52
21. github.com/gogf/gf/v2/net/ghttp.(*middleware).Next.func1
    C:/Users/54992/go/pkg/mod/github.com/gogf/gf/v2@v2.0.0-rc.0.20220110145829-0f67559995c5/net/ghttp/ghttp_request_middleware.go:53
22. github.com/gogf/gf/v2/util/gutil.TryCatch
    C:/Users/54992/go/pkg/mod/github.com/gogf/gf/v2@v2.0.0-rc.0.20220110145829-0f67559995c5/util/gutil/gutil.go:55
23. github.com/gogf/gf/v2/net/ghttp.(*middleware).Next
    C:/Users/54992/go/pkg/mod/github.com/gogf/gf/v2@v2.0.0-rc.0.20220110145829-0f67559995c5/net/ghttp/ghttp_request_middleware.go:48
24. github.com/gogf/gf/v2/net/ghttp.internalMiddlewareServerTracing
    C:/Users/54992/go/pkg/mod/github.com/gogf/gf/v2@v2.0.0-rc.0.20220110145829-0f67559995c5/net/ghttp/ghttp_middleware_tracing.go:78
25. github.com/gogf/gf/v2/net/ghttp.(*middleware).Next.func1.5
    C:/Users/54992/go/pkg/mod/github.com/gogf/gf/v2@v2.0.0-rc.0.20220110145829-0f67559995c5/net/ghttp/ghttp_request_middleware.go:95
26. github.com/gogf/gf/v2/net/ghttp.niceCallFunc
    C:/Users/54992/go/pkg/mod/github.com/gogf/gf/v2@v2.0.0-rc.0.20220110145829-0f67559995c5/net/ghttp/ghttp_func.go:52
27. github.com/gogf/gf/v2/net/ghttp.(*middleware).Next.func1
    C:/Users/54992/go/pkg/mod/github.com/gogf/gf/v2@v2.0.0-rc.0.20220110145829-0f67559995c5/net/ghttp/ghttp_request_middleware.go:94
28. github.com/gogf/gf/v2/util/gutil.TryCatch
    C:/Users/54992/go/pkg/mod/github.com/gogf/gf/v2@v2.0.0-rc.0.20220110145829-0f67559995c5/util/gutil/gutil.go:55
29. github.com/gogf/gf/v2/net/ghttp.(*middleware).Next
    C:/Users/54992/go/pkg/mod/github.com/gogf/gf/v2@v2.0.0-rc.0.20220110145829-0f67559995c5/net/ghttp/ghttp_request_middleware.go:48
30. github.com/gogf/gf/v2/net/ghttp.(*Server).ServeHTTP
    C:/Users/54992/go/pkg/mod/github.com/gogf/gf/v2@v2.0.0-rc.0.20220110145829-0f67559995c5/net/ghttp/ghttp_server_handler.go:121
 
2022-01-14 16:50:49.367 [DEBU] {c80f4a89f316ca16a9d0511de99d9d62} [  1 ms] [default] [rows:1  ] SELECT `user_id`,`user_name` FROM `sys_user` WHERE ((`password`='admin1') AND (nick_name='admin1' or user_name='admin1')) AND `deleted_at` IS NULL LIMIT 1 
2022-01-14 16:50:49.368 [ERRO] {c80f4a89f316ca16a9d0511de99d9d62} [  0 ms] [default] [rows:0  ] INSERT INTO `sys_user_online`(`user_name`,`ip`,`explorer`,`os`,`created_at`,`token`,`user_id`) VALUES('admin1','127.0.0.1','Chrome','Windows 7','2022-01-14 16:50:49','p/ylJVwjYl2YGSuXWO6CknUgTLJK1qYgf9hfqi43jZg9aPvUpl9+/8mfvb17yiIO',0) 
Error: Error 1062: Duplicate entry 'p/ylJVwjYl2YGSuXWO6CknUgTLJK1qYgf9hfqi43jZg9aPvUpl9+/8mfvb17yiIO' for key 'uni_token' 
Stack:
1.  github.com/gogf/gf/v2/database/gdb.(*Core).writeSqlToLogger
    C:/Users/54992/go/pkg/mod/github.com/gogf/gf/v2@v2.0.0-rc.0.20220110145829-0f67559995c5/database/gdb/gdb_core.go:652
2.  github.com/gogf/gf/v2/database/gdb.(*Core).DoCommit
    C:/Users/54992/go/pkg/mod/github.com/gogf/gf/v2@v2.0.0-rc.0.20220110145829-0f67559995c5/database/gdb/gdb_core_underlying.go:238
3.  github.com/gogf/gf/v2/database/gdb.(*Core).DoExec
    C:/Users/54992/go/pkg/mod/github.com/gogf/gf/v2@v2.0.0-rc.0.20220110145829-0f67559995c5/database/gdb/gdb_core_underlying.go:109
4.  github.com/gogf/gf/v2/database/gdb.(*Core).DoInsert
    C:/Users/54992/go/pkg/mod/github.com/gogf/gf/v2@v2.0.0-rc.0.20220110145829-0f67559995c5/database/gdb/gdb_core.go:441
5.  github.com/gogf/gf/v2/database/gdb.(*Model).doInsertWithOption
    C:/Users/54992/go/pkg/mod/github.com/gogf/gf/v2@v2.0.0-rc.0.20220110145829-0f67559995c5/database/gdb/gdb_model_insert.go:313
6.  github.com/gogf/gf/v2/database/gdb.(*Model).Insert
    C:/Users/54992/go/pkg/mod/github.com/gogf/gf/v2@v2.0.0-rc.0.20220110145829-0f67559995c5/database/gdb/gdb_model_insert.go:170
7.  gf-RuoYi/internal/service.(*sysUserOnline).Create
    D:/Project/gf-ruoyi/internal/service/sys_user_online.go:47
8.  gf-RuoYi/internal/handler.(*hAuth).loginAfter
    D:/Project/gf-ruoyi/internal/handler/auth.go:74
9.  github.com/goflyfox/gtoken/gtoken.(*GfToken).Login
    C:/Users/54992/go/pkg/mod/github.com/goflyfox/gtoken@v1.5.0/gtoken/gtoken.go:81
10. github.com/gogf/gf/v2/net/ghttp.(*middleware).callHandlerFunc.func1
    C:/Users/54992/go/pkg/mod/github.com/gogf/gf/v2@v2.0.0-rc.0.20220110145829-0f67559995c5/net/ghttp/ghttp_request_middleware.go:130
11. github.com/gogf/gf/v2/net/ghttp.niceCallFunc
    C:/Users/54992/go/pkg/mod/github.com/gogf/gf/v2@v2.0.0-rc.0.20220110145829-0f67559995c5/net/ghttp/ghttp_func.go:52
12. github.com/gogf/gf/v2/net/ghttp.(*middleware).callHandlerFunc
    C:/Users/54992/go/pkg/mod/github.com/gogf/gf/v2@v2.0.0-rc.0.20220110145829-0f67559995c5/net/ghttp/ghttp_request_middleware.go:128
13. github.com/gogf/gf/v2/net/ghttp.(*middleware).Next.func1.4
    C:/Users/54992/go/pkg/mod/github.com/gogf/gf/v2@v2.0.0-rc.0.20220110145829-0f67559995c5/net/ghttp/ghttp_request_middleware.go:89
14. github.com/gogf/gf/v2/net/ghttp.niceCallFunc
    C:/Users/54992/go/pkg/mod/github.com/gogf/gf/v2@v2.0.0-rc.0.20220110145829-0f67559995c5/net/ghttp/ghttp_func.go:52
15. github.com/gogf/gf/v2/net/ghttp.(*middleware).Next.func1
    C:/Users/54992/go/pkg/mod/github.com/gogf/gf/v2@v2.0.0-rc.0.20220110145829-0f67559995c5/net/ghttp/ghttp_request_middleware.go:88
16. github.com/gogf/gf/v2/util/gutil.TryCatch
    C:/Users/54992/go/pkg/mod/github.com/gogf/gf/v2@v2.0.0-rc.0.20220110145829-0f67559995c5/util/gutil/gutil.go:55
17. github.com/gogf/gf/v2/net/ghttp.(*middleware).Next
    C:/Users/54992/go/pkg/mod/github.com/gogf/gf/v2@v2.0.0-rc.0.20220110145829-0f67559995c5/net/ghttp/ghttp_request_middleware.go:48
18. github.com/goflyfox/gtoken/gtoken.(*GfToken).authMiddleware
    C:/Users/54992/go/pkg/mod/github.com/goflyfox/gtoken@v1.5.0/gtoken/gtoken.go:113
19. github.com/gogf/gf/v2/net/ghttp.(*middleware).Next.func1.1
    C:/Users/54992/go/pkg/mod/github.com/gogf/gf/v2@v2.0.0-rc.0.20220110145829-0f67559995c5/net/ghttp/ghttp_request_middleware.go:54
20. github.com/gogf/gf/v2/net/ghttp.niceCallFunc
    C:/Users/54992/go/pkg/mod/github.com/gogf/gf/v2@v2.0.0-rc.0.20220110145829-0f67559995c5/net/ghttp/ghttp_func.go:52
21. github.com/gogf/gf/v2/net/ghttp.(*middleware).Next.func1
    C:/Users/54992/go/pkg/mod/github.com/gogf/gf/v2@v2.0.0-rc.0.20220110145829-0f67559995c5/net/ghttp/ghttp_request_middleware.go:53
22. github.com/gogf/gf/v2/util/gutil.TryCatch
    C:/Users/54992/go/pkg/mod/github.com/gogf/gf/v2@v2.0.0-rc.0.20220110145829-0f67559995c5/util/gutil/gutil.go:55
23. github.com/gogf/gf/v2/net/ghttp.(*middleware).Next
    C:/Users/54992/go/pkg/mod/github.com/gogf/gf/v2@v2.0.0-rc.0.20220110145829-0f67559995c5/net/ghttp/ghttp_request_middleware.go:48
24. github.com/gogf/gf/v2/net/ghttp.internalMiddlewareServerTracing
    C:/Users/54992/go/pkg/mod/github.com/gogf/gf/v2@v2.0.0-rc.0.20220110145829-0f67559995c5/net/ghttp/ghttp_middleware_tracing.go:78
25. github.com/gogf/gf/v2/net/ghttp.(*middleware).Next.func1.5
    C:/Users/54992/go/pkg/mod/github.com/gogf/gf/v2@v2.0.0-rc.0.20220110145829-0f67559995c5/net/ghttp/ghttp_request_middleware.go:95
26. github.com/gogf/gf/v2/net/ghttp.niceCallFunc
    C:/Users/54992/go/pkg/mod/github.com/gogf/gf/v2@v2.0.0-rc.0.20220110145829-0f67559995c5/net/ghttp/ghttp_func.go:52
27. github.com/gogf/gf/v2/net/ghttp.(*middleware).Next.func1
    C:/Users/54992/go/pkg/mod/github.com/gogf/gf/v2@v2.0.0-rc.0.20220110145829-0f67559995c5/net/ghttp/ghttp_request_middleware.go:94
28. github.com/gogf/gf/v2/util/gutil.TryCatch
    C:/Users/54992/go/pkg/mod/github.com/gogf/gf/v2@v2.0.0-rc.0.20220110145829-0f67559995c5/util/gutil/gutil.go:55
29. github.com/gogf/gf/v2/net/ghttp.(*middleware).Next
    C:/Users/54992/go/pkg/mod/github.com/gogf/gf/v2@v2.0.0-rc.0.20220110145829-0f67559995c5/net/ghttp/ghttp_request_middleware.go:48
30. github.com/gogf/gf/v2/net/ghttp.(*Server).ServeHTTP
    C:/Users/54992/go/pkg/mod/github.com/gogf/gf/v2@v2.0.0-rc.0.20220110145829-0f67559995c5/net/ghttp/ghttp_server_handler.go:121
 
2022-01-14 16:50:50.213 [DEBU] {783bb4bbf316ca16aad0511d71fc660c} [  1 ms] [default] [rows:1  ] SELECT `user_id`,`user_name` FROM `sys_user` WHERE ((`password`='admin1') AND (nick_name='admin1' or user_name='admin1')) AND `deleted_at` IS NULL LIMIT 1 
2022-01-14 16:50:50.214 [ERRO] {783bb4bbf316ca16aad0511d71fc660c} [  0 ms] [default] [rows:0  ] INSERT INTO `sys_user_online`(`user_id`,`user_name`,`ip`,`created_at`,`os`,`token`,`explorer`) VALUES(0,'admin1','127.0.0.1','2022-01-14 16:50:50','Windows 7','p/ylJVwjYl2YGSuXWO6CknUgTLJK1qYgf9hfqi43jZg9aPvUpl9+/8mfvb17yiIO','Chrome') 
Error: Error 1062: Duplicate entry 'p/ylJVwjYl2YGSuXWO6CknUgTLJK1qYgf9hfqi43jZg9aPvUpl9+/8mfvb17yiIO' for key 'uni_token' 
Stack:
1.  github.com/gogf/gf/v2/database/gdb.(*Core).writeSqlToLogger
    C:/Users/54992/go/pkg/mod/github.com/gogf/gf/v2@v2.0.0-rc.0.20220110145829-0f67559995c5/database/gdb/gdb_core.go:652
2.  github.com/gogf/gf/v2/database/gdb.(*Core).DoCommit
    C:/Users/54992/go/pkg/mod/github.com/gogf/gf/v2@v2.0.0-rc.0.20220110145829-0f67559995c5/database/gdb/gdb_core_underlying.go:238
3.  github.com/gogf/gf/v2/database/gdb.(*Core).DoExec
    C:/Users/54992/go/pkg/mod/github.com/gogf/gf/v2@v2.0.0-rc.0.20220110145829-0f67559995c5/database/gdb/gdb_core_underlying.go:109
4.  github.com/gogf/gf/v2/database/gdb.(*Core).DoInsert
    C:/Users/54992/go/pkg/mod/github.com/gogf/gf/v2@v2.0.0-rc.0.20220110145829-0f67559995c5/database/gdb/gdb_core.go:441
5.  github.com/gogf/gf/v2/database/gdb.(*Model).doInsertWithOption
    C:/Users/54992/go/pkg/mod/github.com/gogf/gf/v2@v2.0.0-rc.0.20220110145829-0f67559995c5/database/gdb/gdb_model_insert.go:313
6.  github.com/gogf/gf/v2/database/gdb.(*Model).Insert
    C:/Users/54992/go/pkg/mod/github.com/gogf/gf/v2@v2.0.0-rc.0.20220110145829-0f67559995c5/database/gdb/gdb_model_insert.go:170
7.  gf-RuoYi/internal/service.(*sysUserOnline).Create
    D:/Project/gf-ruoyi/internal/service/sys_user_online.go:47
8.  gf-RuoYi/internal/handler.(*hAuth).loginAfter
    D:/Project/gf-ruoyi/internal/handler/auth.go:74
9.  github.com/goflyfox/gtoken/gtoken.(*GfToken).Login
    C:/Users/54992/go/pkg/mod/github.com/goflyfox/gtoken@v1.5.0/gtoken/gtoken.go:81
10. github.com/gogf/gf/v2/net/ghttp.(*middleware).callHandlerFunc.func1
    C:/Users/54992/go/pkg/mod/github.com/gogf/gf/v2@v2.0.0-rc.0.20220110145829-0f67559995c5/net/ghttp/ghttp_request_middleware.go:130
11. github.com/gogf/gf/v2/net/ghttp.niceCallFunc
    C:/Users/54992/go/pkg/mod/github.com/gogf/gf/v2@v2.0.0-rc.0.20220110145829-0f67559995c5/net/ghttp/ghttp_func.go:52
12. github.com/gogf/gf/v2/net/ghttp.(*middleware).callHandlerFunc
    C:/Users/54992/go/pkg/mod/github.com/gogf/gf/v2@v2.0.0-rc.0.20220110145829-0f67559995c5/net/ghttp/ghttp_request_middleware.go:128
13. github.com/gogf/gf/v2/net/ghttp.(*middleware).Next.func1.4
    C:/Users/54992/go/pkg/mod/github.com/gogf/gf/v2@v2.0.0-rc.0.20220110145829-0f67559995c5/net/ghttp/ghttp_request_middleware.go:89
14. github.com/gogf/gf/v2/net/ghttp.niceCallFunc
    C:/Users/54992/go/pkg/mod/github.com/gogf/gf/v2@v2.0.0-rc.0.20220110145829-0f67559995c5/net/ghttp/ghttp_func.go:52
15. github.com/gogf/gf/v2/net/ghttp.(*middleware).Next.func1
    C:/Users/54992/go/pkg/mod/github.com/gogf/gf/v2@v2.0.0-rc.0.20220110145829-0f67559995c5/net/ghttp/ghttp_request_middleware.go:88
16. github.com/gogf/gf/v2/util/gutil.TryCatch
    C:/Users/54992/go/pkg/mod/github.com/gogf/gf/v2@v2.0.0-rc.0.20220110145829-0f67559995c5/util/gutil/gutil.go:55
17. github.com/gogf/gf/v2/net/ghttp.(*middleware).Next
    C:/Users/54992/go/pkg/mod/github.com/gogf/gf/v2@v2.0.0-rc.0.20220110145829-0f67559995c5/net/ghttp/ghttp_request_middleware.go:48
18. github.com/goflyfox/gtoken/gtoken.(*GfToken).authMiddleware
    C:/Users/54992/go/pkg/mod/github.com/goflyfox/gtoken@v1.5.0/gtoken/gtoken.go:113
19. github.com/gogf/gf/v2/net/ghttp.(*middleware).Next.func1.1
    C:/Users/54992/go/pkg/mod/github.com/gogf/gf/v2@v2.0.0-rc.0.20220110145829-0f67559995c5/net/ghttp/ghttp_request_middleware.go:54
20. github.com/gogf/gf/v2/net/ghttp.niceCallFunc
    C:/Users/54992/go/pkg/mod/github.com/gogf/gf/v2@v2.0.0-rc.0.20220110145829-0f67559995c5/net/ghttp/ghttp_func.go:52
21. github.com/gogf/gf/v2/net/ghttp.(*middleware).Next.func1
    C:/Users/54992/go/pkg/mod/github.com/gogf/gf/v2@v2.0.0-rc.0.20220110145829-0f67559995c5/net/ghttp/ghttp_request_middleware.go:53
22. github.com/gogf/gf/v2/util/gutil.TryCatch
    C:/Users/54992/go/pkg/mod/github.com/gogf/gf/v2@v2.0.0-rc.0.20220110145829-0f67559995c5/util/gutil/gutil.go:55
23. github.com/gogf/gf/v2/net/ghttp.(*middleware).Next
    C:/Users/54992/go/pkg/mod/github.com/gogf/gf/v2@v2.0.0-rc.0.20220110145829-0f67559995c5/net/ghttp/ghttp_request_middleware.go:48
24. github.com/gogf/gf/v2/net/ghttp.internalMiddlewareServerTracing
    C:/Users/54992/go/pkg/mod/github.com/gogf/gf/v2@v2.0.0-rc.0.20220110145829-0f67559995c5/net/ghttp/ghttp_middleware_tracing.go:78
25. github.com/gogf/gf/v2/net/ghttp.(*middleware).Next.func1.5
    C:/Users/54992/go/pkg/mod/github.com/gogf/gf/v2@v2.0.0-rc.0.20220110145829-0f67559995c5/net/ghttp/ghttp_request_middleware.go:95
26. github.com/gogf/gf/v2/net/ghttp.niceCallFunc
    C:/Users/54992/go/pkg/mod/github.com/gogf/gf/v2@v2.0.0-rc.0.20220110145829-0f67559995c5/net/ghttp/ghttp_func.go:52
27. github.com/gogf/gf/v2/net/ghttp.(*middleware).Next.func1
    C:/Users/54992/go/pkg/mod/github.com/gogf/gf/v2@v2.0.0-rc.0.20220110145829-0f67559995c5/net/ghttp/ghttp_request_middleware.go:94
28. github.com/gogf/gf/v2/util/gutil.TryCatch
    C:/Users/54992/go/pkg/mod/github.com/gogf/gf/v2@v2.0.0-rc.0.20220110145829-0f67559995c5/util/gutil/gutil.go:55
29. github.com/gogf/gf/v2/net/ghttp.(*middleware).Next
    C:/Users/54992/go/pkg/mod/github.com/gogf/gf/v2@v2.0.0-rc.0.20220110145829-0f67559995c5/net/ghttp/ghttp_request_middleware.go:48
30. github.com/gogf/gf/v2/net/ghttp.(*Server).ServeHTTP
    C:/Users/54992/go/pkg/mod/github.com/gogf/gf/v2@v2.0.0-rc.0.20220110145829-0f67559995c5/net/ghttp/ghttp_server_handler.go:121
 
2022-01-14 16:52:43.289 [DEBU] {cce57e0f0e17ca1692608f32151e2450} [  2 ms] [default] [rows:14 ] SHOW FULL COLUMNS FROM `sys_user` 
2022-01-14 16:52:43.291 [DEBU] {cce57e0f0e17ca1692608f32151e2450} [  1 ms] [default] [rows:1  ] SELECT `user_id`,`user_name` FROM `sys_user` WHERE ((`password`='admin1') AND (nick_name='admin1' or user_name='admin1')) AND `deleted_at` IS NULL LIMIT 1 
2022-01-14 16:52:43.293 [DEBU] {cce57e0f0e17ca1692608f32151e2450} [  1 ms] [default] [rows:8  ] SHOW FULL COLUMNS FROM `sys_user_online` 
2022-01-14 16:52:43.294 [DEBU] {cce57e0f0e17ca1692608f32151e2450} [  1 ms] [default] [rows:1  ] INSERT INTO `sys_user_online`(`ip`,`explorer`,`os`,`created_at`,`token`,`user_id`,`user_name`) VALUES('127.0.0.1','Chrome','Windows 7','2022-01-14 16:52:43','BAaobUOzzCoITYVhtwSBRumZ7KB2lZFIb7B0YRQyGzF0Dal079/uHtxirs8Zw7gQ',0,'admin1')  
2022-01-14 16:52:45.766 [DEBU] {ccf827a30e17ca1693608f32f9ba9d35} [  0 ms] [default] [rows:1  ] SELECT `user_id`,`user_name` FROM `sys_user` WHERE ((`password`='admin1') AND (nick_name='admin1' or user_name='admin1')) AND `deleted_at` IS NULL LIMIT 1 
2022-01-14 16:52:45.768 [ERRO] {ccf827a30e17ca1693608f32f9ba9d35} [  0 ms] [default] [rows:0  ] INSERT INTO `sys_user_online`(`created_at`,`token`,`user_id`,`user_name`,`ip`,`explorer`,`os`) VALUES('2022-01-14 16:52:45','BAaobUOzzCoITYVhtwSBRumZ7KB2lZFIb7B0YRQyGzF0Dal079/uHtxirs8Zw7gQ',0,'admin1','127.0.0.1','Chrome','Windows 7') 
Error: Error 1062: Duplicate entry 'BAaobUOzzCoITYVhtwSBRumZ7KB2lZFIb7B0YRQyGzF0Dal079/uHtxirs8Zw7gQ' for key 'uni_token' 
Stack:
1.  github.com/gogf/gf/v2/database/gdb.(*Core).writeSqlToLogger
    C:/Users/54992/go/pkg/mod/github.com/gogf/gf/v2@v2.0.0-rc.0.20220110145829-0f67559995c5/database/gdb/gdb_core.go:652
2.  github.com/gogf/gf/v2/database/gdb.(*Core).DoCommit
    C:/Users/54992/go/pkg/mod/github.com/gogf/gf/v2@v2.0.0-rc.0.20220110145829-0f67559995c5/database/gdb/gdb_core_underlying.go:238
3.  github.com/gogf/gf/v2/database/gdb.(*Core).DoExec
    C:/Users/54992/go/pkg/mod/github.com/gogf/gf/v2@v2.0.0-rc.0.20220110145829-0f67559995c5/database/gdb/gdb_core_underlying.go:109
4.  github.com/gogf/gf/v2/database/gdb.(*Core).DoInsert
    C:/Users/54992/go/pkg/mod/github.com/gogf/gf/v2@v2.0.0-rc.0.20220110145829-0f67559995c5/database/gdb/gdb_core.go:441
5.  github.com/gogf/gf/v2/database/gdb.(*Model).doInsertWithOption
    C:/Users/54992/go/pkg/mod/github.com/gogf/gf/v2@v2.0.0-rc.0.20220110145829-0f67559995c5/database/gdb/gdb_model_insert.go:313
6.  github.com/gogf/gf/v2/database/gdb.(*Model).Insert
    C:/Users/54992/go/pkg/mod/github.com/gogf/gf/v2@v2.0.0-rc.0.20220110145829-0f67559995c5/database/gdb/gdb_model_insert.go:170
7.  gf-RuoYi/internal/service.(*sysUserOnline).Create
    D:/Project/gf-ruoyi/internal/service/sys_user_online.go:47
8.  gf-RuoYi/internal/handler.(*hAuth).loginAfter
    D:/Project/gf-ruoyi/internal/handler/auth.go:74
9.  github.com/goflyfox/gtoken/gtoken.(*GfToken).Login
    C:/Users/54992/go/pkg/mod/github.com/goflyfox/gtoken@v1.5.0/gtoken/gtoken.go:81
10. github.com/gogf/gf/v2/net/ghttp.(*middleware).callHandlerFunc.func1
    C:/Users/54992/go/pkg/mod/github.com/gogf/gf/v2@v2.0.0-rc.0.20220110145829-0f67559995c5/net/ghttp/ghttp_request_middleware.go:130
11. github.com/gogf/gf/v2/net/ghttp.niceCallFunc
    C:/Users/54992/go/pkg/mod/github.com/gogf/gf/v2@v2.0.0-rc.0.20220110145829-0f67559995c5/net/ghttp/ghttp_func.go:52
12. github.com/gogf/gf/v2/net/ghttp.(*middleware).callHandlerFunc
    C:/Users/54992/go/pkg/mod/github.com/gogf/gf/v2@v2.0.0-rc.0.20220110145829-0f67559995c5/net/ghttp/ghttp_request_middleware.go:128
13. github.com/gogf/gf/v2/net/ghttp.(*middleware).Next.func1.4
    C:/Users/54992/go/pkg/mod/github.com/gogf/gf/v2@v2.0.0-rc.0.20220110145829-0f67559995c5/net/ghttp/ghttp_request_middleware.go:89
14. github.com/gogf/gf/v2/net/ghttp.niceCallFunc
    C:/Users/54992/go/pkg/mod/github.com/gogf/gf/v2@v2.0.0-rc.0.20220110145829-0f67559995c5/net/ghttp/ghttp_func.go:52
15. github.com/gogf/gf/v2/net/ghttp.(*middleware).Next.func1
    C:/Users/54992/go/pkg/mod/github.com/gogf/gf/v2@v2.0.0-rc.0.20220110145829-0f67559995c5/net/ghttp/ghttp_request_middleware.go:88
16. github.com/gogf/gf/v2/util/gutil.TryCatch
    C:/Users/54992/go/pkg/mod/github.com/gogf/gf/v2@v2.0.0-rc.0.20220110145829-0f67559995c5/util/gutil/gutil.go:55
17. github.com/gogf/gf/v2/net/ghttp.(*middleware).Next
    C:/Users/54992/go/pkg/mod/github.com/gogf/gf/v2@v2.0.0-rc.0.20220110145829-0f67559995c5/net/ghttp/ghttp_request_middleware.go:48
18. github.com/goflyfox/gtoken/gtoken.(*GfToken).authMiddleware
    C:/Users/54992/go/pkg/mod/github.com/goflyfox/gtoken@v1.5.0/gtoken/gtoken.go:113
19. github.com/gogf/gf/v2/net/ghttp.(*middleware).Next.func1.1
    C:/Users/54992/go/pkg/mod/github.com/gogf/gf/v2@v2.0.0-rc.0.20220110145829-0f67559995c5/net/ghttp/ghttp_request_middleware.go:54
20. github.com/gogf/gf/v2/net/ghttp.niceCallFunc
    C:/Users/54992/go/pkg/mod/github.com/gogf/gf/v2@v2.0.0-rc.0.20220110145829-0f67559995c5/net/ghttp/ghttp_func.go:52
21. github.com/gogf/gf/v2/net/ghttp.(*middleware).Next.func1
    C:/Users/54992/go/pkg/mod/github.com/gogf/gf/v2@v2.0.0-rc.0.20220110145829-0f67559995c5/net/ghttp/ghttp_request_middleware.go:53
22. github.com/gogf/gf/v2/util/gutil.TryCatch
    C:/Users/54992/go/pkg/mod/github.com/gogf/gf/v2@v2.0.0-rc.0.20220110145829-0f67559995c5/util/gutil/gutil.go:55
23. github.com/gogf/gf/v2/net/ghttp.(*middleware).Next
    C:/Users/54992/go/pkg/mod/github.com/gogf/gf/v2@v2.0.0-rc.0.20220110145829-0f67559995c5/net/ghttp/ghttp_request_middleware.go:48
24. github.com/gogf/gf/v2/net/ghttp.internalMiddlewareServerTracing
    C:/Users/54992/go/pkg/mod/github.com/gogf/gf/v2@v2.0.0-rc.0.20220110145829-0f67559995c5/net/ghttp/ghttp_middleware_tracing.go:78
25. github.com/gogf/gf/v2/net/ghttp.(*middleware).Next.func1.5
    C:/Users/54992/go/pkg/mod/github.com/gogf/gf/v2@v2.0.0-rc.0.20220110145829-0f67559995c5/net/ghttp/ghttp_request_middleware.go:95
26. github.com/gogf/gf/v2/net/ghttp.niceCallFunc
    C:/Users/54992/go/pkg/mod/github.com/gogf/gf/v2@v2.0.0-rc.0.20220110145829-0f67559995c5/net/ghttp/ghttp_func.go:52
27. github.com/gogf/gf/v2/net/ghttp.(*middleware).Next.func1
    C:/Users/54992/go/pkg/mod/github.com/gogf/gf/v2@v2.0.0-rc.0.20220110145829-0f67559995c5/net/ghttp/ghttp_request_middleware.go:94
28. github.com/gogf/gf/v2/util/gutil.TryCatch
    C:/Users/54992/go/pkg/mod/github.com/gogf/gf/v2@v2.0.0-rc.0.20220110145829-0f67559995c5/util/gutil/gutil.go:55
29. github.com/gogf/gf/v2/net/ghttp.(*middleware).Next
    C:/Users/54992/go/pkg/mod/github.com/gogf/gf/v2@v2.0.0-rc.0.20220110145829-0f67559995c5/net/ghttp/ghttp_request_middleware.go:48
30. github.com/gogf/gf/v2/net/ghttp.(*Server).ServeHTTP
    C:/Users/54992/go/pkg/mod/github.com/gogf/gf/v2@v2.0.0-rc.0.20220110145829-0f67559995c5/net/ghttp/ghttp_server_handler.go:121
 
2022-01-14 17:44:56.834 [DEBU] {98274fa5e719ca16bc89b042cefffdd9} [  2 ms] [default] [rows:14 ] SHOW FULL COLUMNS FROM `sys_user` 
2022-01-14 17:44:56.837 [DEBU] {98274fa5e719ca16bc89b042cefffdd9} [  0 ms] [default] [rows:1  ] SELECT `user_id`,`user_name` FROM `sys_user` WHERE ((`password`='admin1') AND (nick_name='admin1' or user_name='admin1')) AND `deleted_at` IS NULL LIMIT 1 
2022-01-14 17:44:56.839 [DEBU] {98274fa5e719ca16bc89b042cefffdd9} [  1 ms] [default] [rows:8  ] SHOW FULL COLUMNS FROM `sys_user_online` 
2022-01-14 17:44:56.840 [DEBU] {98274fa5e719ca16bc89b042cefffdd9} [  0 ms] [default] [rows:1  ] INSERT INTO `sys_user_online`(`token`,`explorer`,`user_id`,`user_name`,`ip`,`created_at`,`os`) VALUES('sj60UMnaZHRDKfREWq5JXn1TB+l6RWZH0HV8ME5KQ89WNbXYEZ4SBIB0wt3lU6PK','Chrome',0,'admin1','127.0.0.1','2022-01-14 17:44:56','Windows 7')  
2022-01-14 17:45:12.766 [DEBU] {a0e2ff5aeb19ca16bd89b04294620a3c} [  1 ms] [default] [rows:1  ] SELECT `id`,`token`,`user_id`,`user_name`,`ip`,`explorer`,`os`,`created_at` FROM `sys_user_online` WHERE `token`='sj60UMnaZHRDKfREWq5JXn1TB+l6RWZH0HV8ME5KQ89WNbXYEZ4SBIB0wt3lU6PK' LIMIT 1 
2022-01-14 17:45:12.767 [DEBU] {a0e2ff5aeb19ca16bd89b04294620a3c} [  0 ms] [default] [rows:0  ] SELECT `user_id`,`user_name`,`nick_name`,`mobile`,`avatar`,`status`,`role_ids`,`shop_ids`,`dept_id`,`remark`,`created_at`,`updated_at` FROM `sys_user` WHERE (`user_id`=0) AND `deleted_at` IS NULL LIMIT 1 
2022-01-14 17:47:14.036 [DEBU] {20a43897071aca169755ef07ce229c7f} [  2 ms] [default] [rows:14 ] SHOW FULL COLUMNS FROM `sys_user` 
2022-01-14 17:47:14.038 [DEBU] {20a43897071aca169755ef07ce229c7f} [  1 ms] [default] [rows:1  ] SELECT `user_id`,`user_name` FROM `sys_user` WHERE ((`password`='admin1') AND (nick_name='admin1' or user_name='admin1')) AND `deleted_at` IS NULL LIMIT 1 
2022-01-14 17:47:14.040 [DEBU] {20a43897071aca169755ef07ce229c7f} [  1 ms] [default] [rows:8  ] SHOW FULL COLUMNS FROM `sys_user_online` 
2022-01-14 17:47:14.042 [DEBU] {20a43897071aca169755ef07ce229c7f} [  1 ms] [default] [rows:1  ] INSERT INTO `sys_user_online`(`user_name`,`created_at`,`explorer`,`os`,`token`,`ip`,`user_id`) VALUES('admin1','2022-01-14 17:47:14','Chrome','Windows 7','iw0FIPDuR1RJQVt9q9RvcMHgp9KVi3C6D517bevaVni4sVboNP5YYnWAQRrsGqHp','127.0.0.1',0)  
2022-01-14 17:47:18.534 [DEBU] {44a95ca3081aca169855ef074f5cde64} [  1 ms] [default] [rows:1  ] SELECT `id`,`token`,`user_id`,`user_name`,`ip`,`explorer`,`os`,`created_at` FROM `sys_user_online` WHERE `token`='iw0FIPDuR1RJQVt9q9RvcMHgp9KVi3C6D517bevaVni4sVboNP5YYnWAQRrsGqHp' LIMIT 1 
2022-01-14 17:47:18.535 [DEBU] {44a95ca3081aca169855ef074f5cde64} [  0 ms] [default] [rows:0  ] SELECT `user_id`,`user_name`,`nick_name`,`mobile`,`avatar`,`status`,`role_ids`,`shop_ids`,`dept_id`,`remark`,`created_at`,`updated_at` FROM `sys_user` WHERE (`user_id`=0) AND `deleted_at` IS NULL LIMIT 1 
2022-01-14 17:47:36.951 [DEBU] {c42828ed0c1aca169a55ef07a08a5cd9} [  0 ms] [default] [rows:0  ] SELECT `user_id`,`user_name`,`nick_name`,`mobile`,`avatar`,`status`,`role_ids`,`shop_ids`,`dept_id`,`remark`,`created_at`,`updated_at` FROM `sys_user` WHERE (`user_id`=0) AND `deleted_at` IS NULL LIMIT 1 
