2022-01-10 17:16:05.054 [DEBU] {809ed92902dec8169d6053210799dfa9} [  3 ms] [default] [rows:0  ] SHOW FULL COLUMNS FROM `sys_user` 
2022-01-10 17:16:05.058 [DEBU] {809ed92902dec8169d6053210799dfa9} [  2 ms] [default] [rows:0  ] SELECT `user_id`,`user_name` FROM `sys_user` WHERE ((`password`='admin1') AND (nick_name='admin1' or user_name='admin1')) AND `deleted_at` IS NULL LIMIT 1 
2022-01-10 17:16:05.060 [DEBU] {809ed92902dec8169d6053210799dfa9} [  1 ms] [default] [rows:0  ] SHOW FULL COLUMNS FROM `sys_user_online` 
2022-01-10 17:16:05.062 [DEBU] {809ed92902dec8169d6053210799dfa9} [  1 ms] [default] [rows:0  ] DELETE FROM `sys_user_online` WHERE `user_name`='admin1' 
2022-01-10 17:16:05.064 [DEBU] {809ed92902dec8169d6053210799dfa9} [  2 ms] [default] [rows:0  ] INSERT INTO `sys_user_online`(`explorer`,`os`,`created_at`,`token`,`user_id`,`user_name`,`ip`) VALUES('Chrome','Windows 7','2022-01-10 17:16:05','1uzr24fch1vpnw1ohwk100351zpppyc1',2,'admin1','127.0.0.1')  
2022-01-10 17:16:26.104 [DEBU] {5cdbcf1007dec8169e605321cc158917} [  0 ms] [default] [rows:0  ] SELECT `id`,`token`,`user_id`,`user_name`,`ip`,`explorer`,`os`,`created_at` FROM `sys_user_online` 
2022-01-10 17:17:07.011 [DEBU] {8c5be09610dec8169f605321e93dd2d3} [  3 ms] [default] [rows:0  ] SELECT `user_id`,`user_name` FROM `sys_user` WHERE ((`password`='admin1') AND (nick_name='admin1' or user_name='admin1')) AND `deleted_at` IS NULL LIMIT 1 
2022-01-10 17:17:07.012 [DEBU] {8c5be09610dec8169f605321e93dd2d3} [  0 ms] [default] [rows:0  ] DELETE FROM `sys_user_online` WHERE `user_name`='admin1' 
2022-01-10 17:17:07.013 [DEBU] {8c5be09610dec8169f605321e93dd2d3} [  0 ms] [default] [rows:0  ] INSERT INTO `sys_user_online`(`user_name`,`user_id`,`created_at`,`ip`,`explorer`,`os`,`token`) VALUES('admin1',2,'2022-01-10 17:17:07','127.0.0.1','Chrome','Windows 7','1uzr24fch1vqgcmr72w200cnh35fdsr1')  
2022-01-10 17:17:09.305 [DEBU] {80efba1f11dec816a0605321684d0763} [  0 ms] [default] [rows:0  ] SELECT `id`,`token`,`user_id`,`user_name`,`ip`,`explorer`,`os`,`created_at` FROM `sys_user_online` 
2022-01-10 17:17:09.306 [DEBU] {80efba1f11dec816a0605321684d0763} [  1 ms] [default] [rows:0  ] SELECT `user_id`,`user_name`,`nick_name`,`mobile`,`avatar`,`status`,`role_ids`,`shop_ids`,`dept_id`,`remark`,`created_at`,`updated_at` FROM `sys_user` WHERE (`user_id`=2) AND `deleted_at` IS NULL LIMIT 1 
2022-01-10 17:17:09.309 [DEBU] {80efba1f11dec816a0605321684d0763} [  2 ms] [default] [rows:0  ] SHOW FULL COLUMNS FROM `sys_user_role` 
2022-01-10 17:17:09.310 [DEBU] {80efba1f11dec816a0605321684d0763} [  0 ms] [default] [rows:0  ] SELECT `user_id`,`role_id` FROM `sys_user_role` WHERE `user_id`=2 
2022-01-10 17:18:39.648 [DEBU] {a8057d2826dec81602693000a99e03c9} [  1 ms] [default] [rows:0  ] SHOW FULL COLUMNS FROM `sys_user_online` 
2022-01-10 17:18:39.650 [DEBU] {a8057d2826dec81602693000a99e03c9} [  1 ms] [default] [rows:0  ] SELECT `id`,`token`,`user_id`,`user_name`,`ip`,`explorer`,`os`,`created_at` FROM `sys_user_online` 
2022-01-10 17:18:39.652 [DEBU] {a8057d2826dec81602693000a99e03c9} [  2 ms] [default] [rows:0  ] SHOW FULL COLUMNS FROM `sys_user` 
2022-01-10 17:18:39.653 [DEBU] {a8057d2826dec81602693000a99e03c9} [  0 ms] [default] [rows:0  ] SELECT `user_id`,`user_name`,`nick_name`,`mobile`,`avatar`,`status`,`role_ids`,`shop_ids`,`dept_id`,`remark`,`created_at`,`updated_at` FROM `sys_user` WHERE (`user_id`=2) AND `deleted_at` IS NULL LIMIT 1 
2022-01-10 17:18:39.657 [DEBU] {a8057d2826dec81602693000a99e03c9} [  2 ms] [default] [rows:0  ] SHOW FULL COLUMNS FROM `sys_user_role` 
2022-01-10 17:18:39.659 [DEBU] {a8057d2826dec81602693000a99e03c9} [  1 ms] [default] [rows:0  ] SELECT `user_id`,`role_id` FROM `sys_user_role` WHERE `user_id`=2 
2022-01-10 17:33:46.111 [DEBU] {bc87c935f9dec816a0c4ef4f7f3ecda1} [  4 ms] [default] [rows:0  ] SHOW FULL COLUMNS FROM `sys_user_online` 
2022-01-10 17:33:46.113 [DEBU] {bc87c935f9dec816a0c4ef4f7f3ecda1} [  1 ms] [default] [rows:0  ] SELECT `id`,`token`,`user_id`,`user_name`,`ip`,`explorer`,`os`,`created_at` FROM `sys_user_online` 
2022-01-10 17:33:46.115 [DEBU] {bc87c935f9dec816a0c4ef4f7f3ecda1} [  2 ms] [default] [rows:0  ] SHOW FULL COLUMNS FROM `sys_user` 
2022-01-10 17:33:46.117 [DEBU] {bc87c935f9dec816a0c4ef4f7f3ecda1} [  1 ms] [default] [rows:0  ] SELECT `user_id`,`user_name`,`nick_name`,`mobile`,`avatar`,`status`,`role_ids`,`shop_ids`,`dept_id`,`remark`,`created_at`,`updated_at` FROM `sys_user` WHERE (`user_id`=2) AND `deleted_at` IS NULL LIMIT 1 
2022-01-10 17:33:46.120 [DEBU] {bc87c935f9dec816a0c4ef4f7f3ecda1} [  2 ms] [default] [rows:0  ] SHOW FULL COLUMNS FROM `sys_user_role` 
2022-01-10 17:33:46.121 [DEBU] {bc87c935f9dec816a0c4ef4f7f3ecda1} [  0 ms] [default] [rows:0  ] SELECT `role_id` FROM `sys_user_role` WHERE `user_id`=2 
2022-01-10 17:54:18.511 [DEBU] {206ba82618e0c816526d5c15b6cb750b} [  1 ms] [default] [rows:0  ] SHOW FULL COLUMNS FROM `sys_user_online` 
2022-01-10 17:54:18.513 [DEBU] {206ba82618e0c816526d5c15b6cb750b} [  0 ms] [default] [rows:0  ] SELECT `id`,`token`,`user_id`,`user_name`,`ip`,`explorer`,`os`,`created_at` FROM `sys_user_online` 
2022-01-10 17:54:18.517 [DEBU] {206ba82618e0c816526d5c15b6cb750b} [  2 ms] [default] [rows:0  ] SHOW FULL COLUMNS FROM `sys_user` 
2022-01-10 17:54:18.519 [DEBU] {206ba82618e0c816526d5c15b6cb750b} [  1 ms] [default] [rows:0  ] SELECT `user_id`,`user_name`,`nick_name`,`mobile`,`avatar`,`status`,`role_ids`,`shop_ids`,`dept_id`,`remark`,`created_at`,`updated_at` FROM `sys_user` WHERE (`user_id`=2) AND `deleted_at` IS NULL LIMIT 1 
2022-01-10 17:54:18.523 [DEBU] {206ba82618e0c816526d5c15b6cb750b} [  2 ms] [default] [rows:0  ] SHOW FULL COLUMNS FROM `sys_user_role` 
2022-01-10 17:54:18.524 [DEBU] {206ba82618e0c816526d5c15b6cb750b} [  1 ms] [default] [rows:0  ] SELECT `user_id`,`role_id` FROM `sys_user_role` WHERE `user_id`=2 
2022-01-10 17:54:25.944 [DEBU] {500ec3e119e0c816536d5c1569542bd3} [  1 ms] [default] [rows:0  ] SELECT `user_id`,`user_name`,`nick_name`,`mobile`,`avatar`,`status`,`role_ids`,`shop_ids`,`dept_id`,`remark`,`created_at`,`updated_at` FROM `sys_user` WHERE (`user_id`=2) AND `deleted_at` IS NULL LIMIT 1 
2022-01-10 17:54:25.945 [DEBU] {500ec3e119e0c816536d5c1569542bd3} [  0 ms] [default] [rows:0  ] SELECT `user_id`,`role_id` FROM `sys_user_role` WHERE `user_id`=2 
2022-01-10 17:55:40.523 [DEBU] {b493e83e2be0c816bb0da62c534a4b75} [  2 ms] [default] [rows:0  ] SHOW FULL COLUMNS FROM `sys_user_online` 
2022-01-10 17:55:40.525 [DEBU] {b493e83e2be0c816bb0da62c534a4b75} [  0 ms] [default] [rows:0  ] SELECT `id`,`token`,`user_id`,`user_name`,`ip`,`explorer`,`os`,`created_at` FROM `sys_user_online` 
2022-01-10 17:55:40.529 [DEBU] {b493e83e2be0c816bb0da62c534a4b75} [  2 ms] [default] [rows:0  ] SHOW FULL COLUMNS FROM `sys_user` 
2022-01-10 17:55:40.531 [DEBU] {b493e83e2be0c816bb0da62c534a4b75} [  1 ms] [default] [rows:0  ] SELECT `user_id`,`user_name`,`nick_name`,`mobile`,`avatar`,`status`,`role_ids`,`shop_ids`,`dept_id`,`remark`,`created_at`,`updated_at` FROM `sys_user` WHERE (`user_id`=2) AND `deleted_at` IS NULL LIMIT 1 
2022-01-10 17:55:40.534 [DEBU] {b493e83e2be0c816bb0da62c534a4b75} [  2 ms] [default] [rows:0  ] SHOW FULL COLUMNS FROM `sys_user_role` 
2022-01-10 17:55:40.536 [DEBU] {b493e83e2be0c816bb0da62c534a4b75} [  2 ms] [default] [rows:0  ] SELECT `user_id`,`role_id` FROM `sys_user_role` WHERE `user_id`=2 
2022-01-10 17:56:15.776 [DEBU] {f09a3f7433e0c816bc0da62ca0fea0d6} [  2 ms] [default] [rows:0  ] SELECT `user_id`,`user_name`,`nick_name`,`mobile`,`avatar`,`status`,`role_ids`,`shop_ids`,`dept_id`,`remark`,`created_at`,`updated_at` FROM `sys_user` WHERE (`user_id`=2) AND `deleted_at` IS NULL LIMIT 1 
2022-01-10 17:56:15.778 [DEBU] {f09a3f7433e0c816bc0da62ca0fea0d6} [  1 ms] [default] [rows:0  ] SELECT `user_id`,`role_id` FROM `sys_user_role` WHERE `user_id`=2 
