2022-01-02 17:43:52.635 [ERRO] {7c00eae2e16ac61667dbcd05f6842839} [  3 ms] [default] [rows:0  ] SHOW FULL COLUMNS FROM `sys_user`
Error: Error 1049: Unknown database 'gf-ruoyi' 
Stack:
1.  github.com/gogf/gf/v2/database/gdb.(*Core).writeSqlToLogger
    C:/Users/54992/go/pkg/mod/github.com/gogf/gf/v2@v2.0.0-rc/database/gdb/gdb_core.go:661
2.  github.com/gogf/gf/v2/database/gdb.(*Core).DoCommit
    C:/Users/54992/go/pkg/mod/github.com/gogf/gf/v2@v2.0.0-rc/database/gdb/gdb_core_underlying.go:193
3.  github.com/gogf/gf/v2/database/gdb.(*Core).DoQuery
    C:/Users/54992/go/pkg/mod/github.com/gogf/gf/v2@v2.0.0-rc/database/gdb/gdb_core_underlying.go:58
4.  github.com/gogf/gf/v2/database/gdb.(*Core).DoGetAll
    C:/Users/54992/go/pkg/mod/github.com/gogf/gf/v2@v2.0.0-rc/database/gdb/gdb_core.go:149
5.  github.com/gogf/gf/v2/database/gdb.(*DriverMysql).TableFields.func1
    C:/Users/54992/go/pkg/mod/github.com/gogf/gf/v2@v2.0.0-rc/database/gdb/gdb_driver_mysql.go:147
6.  github.com/gogf/gf/v2/container/gmap.(*AnyAnyMap).doSetWithLockCheck
    C:/Users/54992/go/pkg/mod/github.com/gogf/gf/v2@v2.0.0-rc/container/gmap/gmap_hash_any_any_map.go:220
7.  github.com/gogf/gf/v2/container/gmap.(*AnyAnyMap).GetOrSetFuncLock
    C:/Users/54992/go/pkg/mod/github.com/gogf/gf/v2@v2.0.0-rc/container/gmap/gmap_hash_any_any_map.go:257
8.  github.com/gogf/gf/v2/database/gdb.(*DriverMysql).TableFields
    C:/Users/54992/go/pkg/mod/github.com/gogf/gf/v2@v2.0.0-rc/database/gdb/gdb_driver_mysql.go:137
9.  github.com/gogf/gf/v2/database/gdb.(*Model).TableFields
    C:/Users/54992/go/pkg/mod/github.com/gogf/gf/v2@v2.0.0-rc/database/gdb/gdb_model_utility.go:38
10. github.com/gogf/gf/v2/database/gdb.(*Model).mappingAndFilterToTableFields
    C:/Users/54992/go/pkg/mod/github.com/gogf/gf/v2@v2.0.0-rc/database/gdb/gdb_model_utility.go:60
11. github.com/gogf/gf/v2/database/gdb.(*Model).Fields
    C:/Users/54992/go/pkg/mod/github.com/gogf/gf/v2@v2.0.0-rc/database/gdb/gdb_model_fields.go:54
12. github.com/gogf/gf/v2/database/gdb.(*Model).doStructs
    C:/Users/54992/go/pkg/mod/github.com/gogf/gf/v2@v2.0.0-rc/database/gdb/gdb_model_select.go:257
13. github.com/gogf/gf/v2/database/gdb.(*Model).Scan
    C:/Users/54992/go/pkg/mod/github.com/gogf/gf/v2@v2.0.0-rc/database/gdb/gdb_model_select.go:305
14. gf-RuoYi/internal/service.(*serviceUser).Login
    D:/Project/gf-ruoyi/internal/service/sys_user.go:23
15. gf-RuoYi/internal/handler.(*handlerUser).Login
    D:/Project/gf-ruoyi/internal/handler/sys_user.go:17
16. github.com/gogf/gf/v2/net/ghttp.(*middleware).callHandlerFunc.func1
    C:/Users/54992/go/pkg/mod/github.com/gogf/gf/v2@v2.0.0-rc/net/ghttp/ghttp_request_middleware.go:153
17. github.com/gogf/gf/v2/net/ghttp.niceCallFunc
    C:/Users/54992/go/pkg/mod/github.com/gogf/gf/v2@v2.0.0-rc/net/ghttp/ghttp_func.go:52
18. github.com/gogf/gf/v2/net/ghttp.(*middleware).callHandlerFunc
    C:/Users/54992/go/pkg/mod/github.com/gogf/gf/v2@v2.0.0-rc/net/ghttp/ghttp_request_middleware.go:128
19. github.com/gogf/gf/v2/net/ghttp.(*middleware).Next.func1
    C:/Users/54992/go/pkg/mod/github.com/gogf/gf/v2@v2.0.0-rc/net/ghttp/ghttp_request_middleware.go:74
20. github.com/gogf/gf/v2/util/gutil.TryCatch
    C:/Users/54992/go/pkg/mod/github.com/gogf/gf/v2@v2.0.0-rc/util/gutil/gutil.go:55
21. github.com/gogf/gf/v2/net/ghttp.(*middleware).Next
    C:/Users/54992/go/pkg/mod/github.com/gogf/gf/v2@v2.0.0-rc/net/ghttp/ghttp_request_middleware.go:48
22. gf-RuoYi/internal/service.(*serviceMiddleware).ResponseHandler
    D:/Project/gf-ruoyi/internal/service/middleware.go:63
23. github.com/gogf/gf/v2/net/ghttp.(*middleware).Next.func1.1
    C:/Users/54992/go/pkg/mod/github.com/gogf/gf/v2@v2.0.0-rc/net/ghttp/ghttp_request_middleware.go:54
24. github.com/gogf/gf/v2/net/ghttp.niceCallFunc
    C:/Users/54992/go/pkg/mod/github.com/gogf/gf/v2@v2.0.0-rc/net/ghttp/ghttp_func.go:52
25. github.com/gogf/gf/v2/net/ghttp.(*middleware).Next.func1
    C:/Users/54992/go/pkg/mod/github.com/gogf/gf/v2@v2.0.0-rc/net/ghttp/ghttp_request_middleware.go:53
26. github.com/gogf/gf/v2/util/gutil.TryCatch
    C:/Users/54992/go/pkg/mod/github.com/gogf/gf/v2@v2.0.0-rc/util/gutil/gutil.go:55
27. github.com/gogf/gf/v2/net/ghttp.(*middleware).Next
    C:/Users/54992/go/pkg/mod/github.com/gogf/gf/v2@v2.0.0-rc/net/ghttp/ghttp_request_middleware.go:48
28. gf-RuoYi/internal/service.(*serviceMiddleware).Ctx
    D:/Project/gf-ruoyi/internal/service/middleware.go:33
29. github.com/gogf/gf/v2/net/ghttp.(*middleware).Next.func1.1
    C:/Users/54992/go/pkg/mod/github.com/gogf/gf/v2@v2.0.0-rc/net/ghttp/ghttp_request_middleware.go:54
30. github.com/gogf/gf/v2/net/ghttp.niceCallFunc
    C:/Users/54992/go/pkg/mod/github.com/gogf/gf/v2@v2.0.0-rc/net/ghttp/ghttp_func.go:52
31. github.com/gogf/gf/v2/net/ghttp.(*middleware).Next.func1
    C:/Users/54992/go/pkg/mod/github.com/gogf/gf/v2@v2.0.0-rc/net/ghttp/ghttp_request_middleware.go:53
32. github.com/gogf/gf/v2/util/gutil.TryCatch
    C:/Users/54992/go/pkg/mod/github.com/gogf/gf/v2@v2.0.0-rc/util/gutil/gutil.go:55
33. github.com/gogf/gf/v2/net/ghttp.(*middleware).Next
    C:/Users/54992/go/pkg/mod/github.com/gogf/gf/v2@v2.0.0-rc/net/ghttp/ghttp_request_middleware.go:48
34. github.com/gogf/gf/v2/net/ghttp.internalMiddlewareServerTracing
    C:/Users/54992/go/pkg/mod/github.com/gogf/gf/v2@v2.0.0-rc/net/ghttp/ghttp_middleware_tracing.go:78
35. github.com/gogf/gf/v2/net/ghttp.(*middleware).Next.func1.5
    C:/Users/54992/go/pkg/mod/github.com/gogf/gf/v2@v2.0.0-rc/net/ghttp/ghttp_request_middleware.go:95
36. github.com/gogf/gf/v2/net/ghttp.niceCallFunc
    C:/Users/54992/go/pkg/mod/github.com/gogf/gf/v2@v2.0.0-rc/net/ghttp/ghttp_func.go:52
37. github.com/gogf/gf/v2/net/ghttp.(*middleware).Next.func1
    C:/Users/54992/go/pkg/mod/github.com/gogf/gf/v2@v2.0.0-rc/net/ghttp/ghttp_request_middleware.go:94
38. github.com/gogf/gf/v2/util/gutil.TryCatch
    C:/Users/54992/go/pkg/mod/github.com/gogf/gf/v2@v2.0.0-rc/util/gutil/gutil.go:55
39. github.com/gogf/gf/v2/net/ghttp.(*middleware).Next
    C:/Users/54992/go/pkg/mod/github.com/gogf/gf/v2@v2.0.0-rc/net/ghttp/ghttp_request_middleware.go:48
40. github.com/gogf/gf/v2/net/ghttp.(*Server).ServeHTTP
    C:/Users/54992/go/pkg/mod/github.com/gogf/gf/v2@v2.0.0-rc/net/ghttp/ghttp_server_handler.go:121
 
2022-01-02 17:43:52.651 [ERRO] {7c00eae2e16ac61667dbcd05f6842839} [  2 ms] [default] [rows:0  ] SHOW FULL COLUMNS FROM `sys_user`
Error: Error 1049: Unknown database 'gf-ruoyi' 
Stack:
1.  github.com/gogf/gf/v2/database/gdb.(*Core).writeSqlToLogger
    C:/Users/54992/go/pkg/mod/github.com/gogf/gf/v2@v2.0.0-rc/database/gdb/gdb_core.go:661
2.  github.com/gogf/gf/v2/database/gdb.(*Core).DoCommit
    C:/Users/54992/go/pkg/mod/github.com/gogf/gf/v2@v2.0.0-rc/database/gdb/gdb_core_underlying.go:193
3.  github.com/gogf/gf/v2/database/gdb.(*Core).DoQuery
    C:/Users/54992/go/pkg/mod/github.com/gogf/gf/v2@v2.0.0-rc/database/gdb/gdb_core_underlying.go:58
4.  github.com/gogf/gf/v2/database/gdb.(*Core).DoGetAll
    C:/Users/54992/go/pkg/mod/github.com/gogf/gf/v2@v2.0.0-rc/database/gdb/gdb_core.go:149
5.  github.com/gogf/gf/v2/database/gdb.(*DriverMysql).TableFields.func1
    C:/Users/54992/go/pkg/mod/github.com/gogf/gf/v2@v2.0.0-rc/database/gdb/gdb_driver_mysql.go:147
6.  github.com/gogf/gf/v2/container/gmap.(*AnyAnyMap).doSetWithLockCheck
    C:/Users/54992/go/pkg/mod/github.com/gogf/gf/v2@v2.0.0-rc/container/gmap/gmap_hash_any_any_map.go:220
7.  github.com/gogf/gf/v2/container/gmap.(*AnyAnyMap).GetOrSetFuncLock
    C:/Users/54992/go/pkg/mod/github.com/gogf/gf/v2@v2.0.0-rc/container/gmap/gmap_hash_any_any_map.go:257
8.  github.com/gogf/gf/v2/database/gdb.(*DriverMysql).TableFields
    C:/Users/54992/go/pkg/mod/github.com/gogf/gf/v2@v2.0.0-rc/database/gdb/gdb_driver_mysql.go:137
9.  github.com/gogf/gf/v2/database/gdb.(*Model).TableFields
    C:/Users/54992/go/pkg/mod/github.com/gogf/gf/v2@v2.0.0-rc/database/gdb/gdb_model_utility.go:38
10. github.com/gogf/gf/v2/database/gdb.(*Model).getSoftFieldName
    C:/Users/54992/go/pkg/mod/github.com/gogf/gf/v2@v2.0.0-rc/database/gdb/gdb_model_time.go:98
11. github.com/gogf/gf/v2/database/gdb.(*Model).getSoftFieldNameDeleted
    C:/Users/54992/go/pkg/mod/github.com/gogf/gf/v2@v2.0.0-rc/database/gdb/gdb_model_time.go:92
12. github.com/gogf/gf/v2/database/gdb.(*Model).getConditionForSoftDeleting
    C:/Users/54992/go/pkg/mod/github.com/gogf/gf/v2@v2.0.0-rc/database/gdb/gdb_model_time.go:144
13. github.com/gogf/gf/v2/database/gdb.(*Model).formatCondition
    C:/Users/54992/go/pkg/mod/github.com/gogf/gf/v2@v2.0.0-rc/database/gdb/gdb_model_select.go:672
14. github.com/gogf/gf/v2/database/gdb.(*Model).getFormattedSqlAndArgs
    C:/Users/54992/go/pkg/mod/github.com/gogf/gf/v2@v2.0.0-rc/database/gdb/gdb_model_select.go:569
15. github.com/gogf/gf/v2/database/gdb.(*Model).doGetAll
    C:/Users/54992/go/pkg/mod/github.com/gogf/gf/v2@v2.0.0-rc/database/gdb/gdb_model_select.go:45
16. github.com/gogf/gf/v2/database/gdb.(*Model).All
    C:/Users/54992/go/pkg/mod/github.com/gogf/gf/v2@v2.0.0-rc/database/gdb/gdb_model_select.go:31
17. github.com/gogf/gf/v2/database/gdb.(*Model).doStructs
    C:/Users/54992/go/pkg/mod/github.com/gogf/gf/v2@v2.0.0-rc/database/gdb/gdb_model_select.go:264
18. github.com/gogf/gf/v2/database/gdb.(*Model).Scan
    C:/Users/54992/go/pkg/mod/github.com/gogf/gf/v2@v2.0.0-rc/database/gdb/gdb_model_select.go:305
19. gf-RuoYi/internal/service.(*serviceUser).Login
    D:/Project/gf-ruoyi/internal/service/sys_user.go:23
20. gf-RuoYi/internal/handler.(*handlerUser).Login
    D:/Project/gf-ruoyi/internal/handler/sys_user.go:17
21. github.com/gogf/gf/v2/net/ghttp.(*middleware).callHandlerFunc.func1
    C:/Users/54992/go/pkg/mod/github.com/gogf/gf/v2@v2.0.0-rc/net/ghttp/ghttp_request_middleware.go:153
22. github.com/gogf/gf/v2/net/ghttp.niceCallFunc
    C:/Users/54992/go/pkg/mod/github.com/gogf/gf/v2@v2.0.0-rc/net/ghttp/ghttp_func.go:52
23. github.com/gogf/gf/v2/net/ghttp.(*middleware).callHandlerFunc
    C:/Users/54992/go/pkg/mod/github.com/gogf/gf/v2@v2.0.0-rc/net/ghttp/ghttp_request_middleware.go:128
24. github.com/gogf/gf/v2/net/ghttp.(*middleware).Next.func1
    C:/Users/54992/go/pkg/mod/github.com/gogf/gf/v2@v2.0.0-rc/net/ghttp/ghttp_request_middleware.go:74
25. github.com/gogf/gf/v2/util/gutil.TryCatch
    C:/Users/54992/go/pkg/mod/github.com/gogf/gf/v2@v2.0.0-rc/util/gutil/gutil.go:55
26. github.com/gogf/gf/v2/net/ghttp.(*middleware).Next
    C:/Users/54992/go/pkg/mod/github.com/gogf/gf/v2@v2.0.0-rc/net/ghttp/ghttp_request_middleware.go:48
27. gf-RuoYi/internal/service.(*serviceMiddleware).ResponseHandler
    D:/Project/gf-ruoyi/internal/service/middleware.go:63
28. github.com/gogf/gf/v2/net/ghttp.(*middleware).Next.func1.1
    C:/Users/54992/go/pkg/mod/github.com/gogf/gf/v2@v2.0.0-rc/net/ghttp/ghttp_request_middleware.go:54
29. github.com/gogf/gf/v2/net/ghttp.niceCallFunc
    C:/Users/54992/go/pkg/mod/github.com/gogf/gf/v2@v2.0.0-rc/net/ghttp/ghttp_func.go:52
30. github.com/gogf/gf/v2/net/ghttp.(*middleware).Next.func1
    C:/Users/54992/go/pkg/mod/github.com/gogf/gf/v2@v2.0.0-rc/net/ghttp/ghttp_request_middleware.go:53
31. github.com/gogf/gf/v2/util/gutil.TryCatch
    C:/Users/54992/go/pkg/mod/github.com/gogf/gf/v2@v2.0.0-rc/util/gutil/gutil.go:55
32. github.com/gogf/gf/v2/net/ghttp.(*middleware).Next
    C:/Users/54992/go/pkg/mod/github.com/gogf/gf/v2@v2.0.0-rc/net/ghttp/ghttp_request_middleware.go:48
33. gf-RuoYi/internal/service.(*serviceMiddleware).Ctx
    D:/Project/gf-ruoyi/internal/service/middleware.go:33
34. github.com/gogf/gf/v2/net/ghttp.(*middleware).Next.func1.1
    C:/Users/54992/go/pkg/mod/github.com/gogf/gf/v2@v2.0.0-rc/net/ghttp/ghttp_request_middleware.go:54
35. github.com/gogf/gf/v2/net/ghttp.niceCallFunc
    C:/Users/54992/go/pkg/mod/github.com/gogf/gf/v2@v2.0.0-rc/net/ghttp/ghttp_func.go:52
36. github.com/gogf/gf/v2/net/ghttp.(*middleware).Next.func1
    C:/Users/54992/go/pkg/mod/github.com/gogf/gf/v2@v2.0.0-rc/net/ghttp/ghttp_request_middleware.go:53
37. github.com/gogf/gf/v2/util/gutil.TryCatch
    C:/Users/54992/go/pkg/mod/github.com/gogf/gf/v2@v2.0.0-rc/util/gutil/gutil.go:55
38. github.com/gogf/gf/v2/net/ghttp.(*middleware).Next
    C:/Users/54992/go/pkg/mod/github.com/gogf/gf/v2@v2.0.0-rc/net/ghttp/ghttp_request_middleware.go:48
39. github.com/gogf/gf/v2/net/ghttp.internalMiddlewareServerTracing
    C:/Users/54992/go/pkg/mod/github.com/gogf/gf/v2@v2.0.0-rc/net/ghttp/ghttp_middleware_tracing.go:78
40. github.com/gogf/gf/v2/net/ghttp.(*middleware).Next.func1.5
    C:/Users/54992/go/pkg/mod/github.com/gogf/gf/v2@v2.0.0-rc/net/ghttp/ghttp_request_middleware.go:95
41. github.com/gogf/gf/v2/net/ghttp.niceCallFunc
    C:/Users/54992/go/pkg/mod/github.com/gogf/gf/v2@v2.0.0-rc/net/ghttp/ghttp_func.go:52
42. github.com/gogf/gf/v2/net/ghttp.(*middleware).Next.func1
    C:/Users/54992/go/pkg/mod/github.com/gogf/gf/v2@v2.0.0-rc/net/ghttp/ghttp_request_middleware.go:94
43. github.com/gogf/gf/v2/util/gutil.TryCatch
    C:/Users/54992/go/pkg/mod/github.com/gogf/gf/v2@v2.0.0-rc/util/gutil/gutil.go:55
44. github.com/gogf/gf/v2/net/ghttp.(*middleware).Next
    C:/Users/54992/go/pkg/mod/github.com/gogf/gf/v2@v2.0.0-rc/net/ghttp/ghttp_request_middleware.go:48
45. github.com/gogf/gf/v2/net/ghttp.(*Server).ServeHTTP
    C:/Users/54992/go/pkg/mod/github.com/gogf/gf/v2@v2.0.0-rc/net/ghttp/ghttp_server_handler.go:121
 
2022-01-02 17:43:52.672 [ERRO] {7c00eae2e16ac61667dbcd05f6842839} [  2 ms] [default] [rows:0  ] SELECT `UserId`,`UserName`,`NickName`,`Password`,`Mobile`,`Avatar`,`Status`,`ShopIds`,`DeptId`,`Remark`,`CreatedAt`,`UpdatedAt`,`DeletedAt` FROM `sys_user` WHERE (`user_name`='123214') AND (`password`='123456')
Error: Error 1049: Unknown database 'gf-ruoyi' 
Stack:
1.  github.com/gogf/gf/v2/database/gdb.(*Core).writeSqlToLogger
    C:/Users/54992/go/pkg/mod/github.com/gogf/gf/v2@v2.0.0-rc/database/gdb/gdb_core.go:661
2.  github.com/gogf/gf/v2/database/gdb.(*Core).DoCommit
    C:/Users/54992/go/pkg/mod/github.com/gogf/gf/v2@v2.0.0-rc/database/gdb/gdb_core_underlying.go:193
3.  github.com/gogf/gf/v2/database/gdb.(*Core).DoQuery
    C:/Users/54992/go/pkg/mod/github.com/gogf/gf/v2@v2.0.0-rc/database/gdb/gdb_core_underlying.go:58
4.  github.com/gogf/gf/v2/database/gdb.(*Core).DoGetAll
    C:/Users/54992/go/pkg/mod/github.com/gogf/gf/v2@v2.0.0-rc/database/gdb/gdb_core.go:149
5.  github.com/gogf/gf/v2/database/gdb.(*Model).doGetAllBySql
    C:/Users/54992/go/pkg/mod/github.com/gogf/gf/v2@v2.0.0-rc/database/gdb/gdb_model_select.go:525
6.  github.com/gogf/gf/v2/database/gdb.(*Model).doGetAll
    C:/Users/54992/go/pkg/mod/github.com/gogf/gf/v2@v2.0.0-rc/database/gdb/gdb_model_select.go:46
7.  github.com/gogf/gf/v2/database/gdb.(*Model).All
    C:/Users/54992/go/pkg/mod/github.com/gogf/gf/v2@v2.0.0-rc/database/gdb/gdb_model_select.go:31
8.  github.com/gogf/gf/v2/database/gdb.(*Model).doStructs
    C:/Users/54992/go/pkg/mod/github.com/gogf/gf/v2@v2.0.0-rc/database/gdb/gdb_model_select.go:264
9.  github.com/gogf/gf/v2/database/gdb.(*Model).Scan
    C:/Users/54992/go/pkg/mod/github.com/gogf/gf/v2@v2.0.0-rc/database/gdb/gdb_model_select.go:305
10. gf-RuoYi/internal/service.(*serviceUser).Login
    D:/Project/gf-ruoyi/internal/service/sys_user.go:23
11. gf-RuoYi/internal/handler.(*handlerUser).Login
    D:/Project/gf-ruoyi/internal/handler/sys_user.go:17
12. github.com/gogf/gf/v2/net/ghttp.(*middleware).callHandlerFunc.func1
    C:/Users/54992/go/pkg/mod/github.com/gogf/gf/v2@v2.0.0-rc/net/ghttp/ghttp_request_middleware.go:153
13. github.com/gogf/gf/v2/net/ghttp.niceCallFunc
    C:/Users/54992/go/pkg/mod/github.com/gogf/gf/v2@v2.0.0-rc/net/ghttp/ghttp_func.go:52
14. github.com/gogf/gf/v2/net/ghttp.(*middleware).callHandlerFunc
    C:/Users/54992/go/pkg/mod/github.com/gogf/gf/v2@v2.0.0-rc/net/ghttp/ghttp_request_middleware.go:128
15. github.com/gogf/gf/v2/net/ghttp.(*middleware).Next.func1
    C:/Users/54992/go/pkg/mod/github.com/gogf/gf/v2@v2.0.0-rc/net/ghttp/ghttp_request_middleware.go:74
16. github.com/gogf/gf/v2/util/gutil.TryCatch
    C:/Users/54992/go/pkg/mod/github.com/gogf/gf/v2@v2.0.0-rc/util/gutil/gutil.go:55
17. github.com/gogf/gf/v2/net/ghttp.(*middleware).Next
    C:/Users/54992/go/pkg/mod/github.com/gogf/gf/v2@v2.0.0-rc/net/ghttp/ghttp_request_middleware.go:48
18. gf-RuoYi/internal/service.(*serviceMiddleware).ResponseHandler
    D:/Project/gf-ruoyi/internal/service/middleware.go:63
19. github.com/gogf/gf/v2/net/ghttp.(*middleware).Next.func1.1
    C:/Users/54992/go/pkg/mod/github.com/gogf/gf/v2@v2.0.0-rc/net/ghttp/ghttp_request_middleware.go:54
20. github.com/gogf/gf/v2/net/ghttp.niceCallFunc
    C:/Users/54992/go/pkg/mod/github.com/gogf/gf/v2@v2.0.0-rc/net/ghttp/ghttp_func.go:52
21. github.com/gogf/gf/v2/net/ghttp.(*middleware).Next.func1
    C:/Users/54992/go/pkg/mod/github.com/gogf/gf/v2@v2.0.0-rc/net/ghttp/ghttp_request_middleware.go:53
22. github.com/gogf/gf/v2/util/gutil.TryCatch
    C:/Users/54992/go/pkg/mod/github.com/gogf/gf/v2@v2.0.0-rc/util/gutil/gutil.go:55
23. github.com/gogf/gf/v2/net/ghttp.(*middleware).Next
    C:/Users/54992/go/pkg/mod/github.com/gogf/gf/v2@v2.0.0-rc/net/ghttp/ghttp_request_middleware.go:48
24. gf-RuoYi/internal/service.(*serviceMiddleware).Ctx
    D:/Project/gf-ruoyi/internal/service/middleware.go:33
25. github.com/gogf/gf/v2/net/ghttp.(*middleware).Next.func1.1
    C:/Users/54992/go/pkg/mod/github.com/gogf/gf/v2@v2.0.0-rc/net/ghttp/ghttp_request_middleware.go:54
26. github.com/gogf/gf/v2/net/ghttp.niceCallFunc
    C:/Users/54992/go/pkg/mod/github.com/gogf/gf/v2@v2.0.0-rc/net/ghttp/ghttp_func.go:52
27. github.com/gogf/gf/v2/net/ghttp.(*middleware).Next.func1
    C:/Users/54992/go/pkg/mod/github.com/gogf/gf/v2@v2.0.0-rc/net/ghttp/ghttp_request_middleware.go:53
28. github.com/gogf/gf/v2/util/gutil.TryCatch
    C:/Users/54992/go/pkg/mod/github.com/gogf/gf/v2@v2.0.0-rc/util/gutil/gutil.go:55
29. github.com/gogf/gf/v2/net/ghttp.(*middleware).Next
    C:/Users/54992/go/pkg/mod/github.com/gogf/gf/v2@v2.0.0-rc/net/ghttp/ghttp_request_middleware.go:48
30. github.com/gogf/gf/v2/net/ghttp.internalMiddlewareServerTracing
    C:/Users/54992/go/pkg/mod/github.com/gogf/gf/v2@v2.0.0-rc/net/ghttp/ghttp_middleware_tracing.go:78
31. github.com/gogf/gf/v2/net/ghttp.(*middleware).Next.func1.5
    C:/Users/54992/go/pkg/mod/github.com/gogf/gf/v2@v2.0.0-rc/net/ghttp/ghttp_request_middleware.go:95
32. github.com/gogf/gf/v2/net/ghttp.niceCallFunc
    C:/Users/54992/go/pkg/mod/github.com/gogf/gf/v2@v2.0.0-rc/net/ghttp/ghttp_func.go:52
33. github.com/gogf/gf/v2/net/ghttp.(*middleware).Next.func1
    C:/Users/54992/go/pkg/mod/github.com/gogf/gf/v2@v2.0.0-rc/net/ghttp/ghttp_request_middleware.go:94
34. github.com/gogf/gf/v2/util/gutil.TryCatch
    C:/Users/54992/go/pkg/mod/github.com/gogf/gf/v2@v2.0.0-rc/util/gutil/gutil.go:55
35. github.com/gogf/gf/v2/net/ghttp.(*middleware).Next
    C:/Users/54992/go/pkg/mod/github.com/gogf/gf/v2@v2.0.0-rc/net/ghttp/ghttp_request_middleware.go:48
36. github.com/gogf/gf/v2/net/ghttp.(*Server).ServeHTTP
    C:/Users/54992/go/pkg/mod/github.com/gogf/gf/v2@v2.0.0-rc/net/ghttp/ghttp_server_handler.go:121
 
2022-01-02 17:44:25.238 [ERRO] {84b8677ae96ac61668dbcd05c0fb6ffc} [  2 ms] [default] [rows:0  ] SHOW FULL COLUMNS FROM `sys_user`
Error: Error 1049: Unknown database 'gf-ruoyi' 
Stack:
1.  github.com/gogf/gf/v2/database/gdb.(*Core).writeSqlToLogger
    C:/Users/54992/go/pkg/mod/github.com/gogf/gf/v2@v2.0.0-rc/database/gdb/gdb_core.go:661
2.  github.com/gogf/gf/v2/database/gdb.(*Core).DoCommit
    C:/Users/54992/go/pkg/mod/github.com/gogf/gf/v2@v2.0.0-rc/database/gdb/gdb_core_underlying.go:193
3.  github.com/gogf/gf/v2/database/gdb.(*Core).DoQuery
    C:/Users/54992/go/pkg/mod/github.com/gogf/gf/v2@v2.0.0-rc/database/gdb/gdb_core_underlying.go:58
4.  github.com/gogf/gf/v2/database/gdb.(*Core).DoGetAll
    C:/Users/54992/go/pkg/mod/github.com/gogf/gf/v2@v2.0.0-rc/database/gdb/gdb_core.go:149
5.  github.com/gogf/gf/v2/database/gdb.(*DriverMysql).TableFields.func1
    C:/Users/54992/go/pkg/mod/github.com/gogf/gf/v2@v2.0.0-rc/database/gdb/gdb_driver_mysql.go:147
6.  github.com/gogf/gf/v2/container/gmap.(*AnyAnyMap).doSetWithLockCheck
    C:/Users/54992/go/pkg/mod/github.com/gogf/gf/v2@v2.0.0-rc/container/gmap/gmap_hash_any_any_map.go:220
7.  github.com/gogf/gf/v2/container/gmap.(*AnyAnyMap).GetOrSetFuncLock
    C:/Users/54992/go/pkg/mod/github.com/gogf/gf/v2@v2.0.0-rc/container/gmap/gmap_hash_any_any_map.go:257
8.  github.com/gogf/gf/v2/database/gdb.(*DriverMysql).TableFields
    C:/Users/54992/go/pkg/mod/github.com/gogf/gf/v2@v2.0.0-rc/database/gdb/gdb_driver_mysql.go:137
9.  github.com/gogf/gf/v2/database/gdb.(*Model).TableFields
    C:/Users/54992/go/pkg/mod/github.com/gogf/gf/v2@v2.0.0-rc/database/gdb/gdb_model_utility.go:38
10. github.com/gogf/gf/v2/database/gdb.(*Model).mappingAndFilterToTableFields
    C:/Users/54992/go/pkg/mod/github.com/gogf/gf/v2@v2.0.0-rc/database/gdb/gdb_model_utility.go:60
11. github.com/gogf/gf/v2/database/gdb.(*Model).Fields
    C:/Users/54992/go/pkg/mod/github.com/gogf/gf/v2@v2.0.0-rc/database/gdb/gdb_model_fields.go:54
12. github.com/gogf/gf/v2/database/gdb.(*Model).doStructs
    C:/Users/54992/go/pkg/mod/github.com/gogf/gf/v2@v2.0.0-rc/database/gdb/gdb_model_select.go:257
13. github.com/gogf/gf/v2/database/gdb.(*Model).Scan
    C:/Users/54992/go/pkg/mod/github.com/gogf/gf/v2@v2.0.0-rc/database/gdb/gdb_model_select.go:305
14. gf-RuoYi/internal/service.(*serviceUser).Login
    D:/Project/gf-ruoyi/internal/service/sys_user.go:23
15. gf-RuoYi/internal/handler.(*handlerUser).Login
    D:/Project/gf-ruoyi/internal/handler/sys_user.go:17
16. github.com/gogf/gf/v2/net/ghttp.(*middleware).callHandlerFunc.func1
    C:/Users/54992/go/pkg/mod/github.com/gogf/gf/v2@v2.0.0-rc/net/ghttp/ghttp_request_middleware.go:153
17. github.com/gogf/gf/v2/net/ghttp.niceCallFunc
    C:/Users/54992/go/pkg/mod/github.com/gogf/gf/v2@v2.0.0-rc/net/ghttp/ghttp_func.go:52
18. github.com/gogf/gf/v2/net/ghttp.(*middleware).callHandlerFunc
    C:/Users/54992/go/pkg/mod/github.com/gogf/gf/v2@v2.0.0-rc/net/ghttp/ghttp_request_middleware.go:128
19. github.com/gogf/gf/v2/net/ghttp.(*middleware).Next.func1
    C:/Users/54992/go/pkg/mod/github.com/gogf/gf/v2@v2.0.0-rc/net/ghttp/ghttp_request_middleware.go:74
20. github.com/gogf/gf/v2/util/gutil.TryCatch
    C:/Users/54992/go/pkg/mod/github.com/gogf/gf/v2@v2.0.0-rc/util/gutil/gutil.go:55
21. github.com/gogf/gf/v2/net/ghttp.(*middleware).Next
    C:/Users/54992/go/pkg/mod/github.com/gogf/gf/v2@v2.0.0-rc/net/ghttp/ghttp_request_middleware.go:48
22. gf-RuoYi/internal/service.(*serviceMiddleware).ResponseHandler
    D:/Project/gf-ruoyi/internal/service/middleware.go:63
23. github.com/gogf/gf/v2/net/ghttp.(*middleware).Next.func1.1
    C:/Users/54992/go/pkg/mod/github.com/gogf/gf/v2@v2.0.0-rc/net/ghttp/ghttp_request_middleware.go:54
24. github.com/gogf/gf/v2/net/ghttp.niceCallFunc
    C:/Users/54992/go/pkg/mod/github.com/gogf/gf/v2@v2.0.0-rc/net/ghttp/ghttp_func.go:52
25. github.com/gogf/gf/v2/net/ghttp.(*middleware).Next.func1
    C:/Users/54992/go/pkg/mod/github.com/gogf/gf/v2@v2.0.0-rc/net/ghttp/ghttp_request_middleware.go:53
26. github.com/gogf/gf/v2/util/gutil.TryCatch
    C:/Users/54992/go/pkg/mod/github.com/gogf/gf/v2@v2.0.0-rc/util/gutil/gutil.go:55
27. github.com/gogf/gf/v2/net/ghttp.(*middleware).Next
    C:/Users/54992/go/pkg/mod/github.com/gogf/gf/v2@v2.0.0-rc/net/ghttp/ghttp_request_middleware.go:48
28. gf-RuoYi/internal/service.(*serviceMiddleware).Ctx
    D:/Project/gf-ruoyi/internal/service/middleware.go:33
29. github.com/gogf/gf/v2/net/ghttp.(*middleware).Next.func1.1
    C:/Users/54992/go/pkg/mod/github.com/gogf/gf/v2@v2.0.0-rc/net/ghttp/ghttp_request_middleware.go:54
30. github.com/gogf/gf/v2/net/ghttp.niceCallFunc
    C:/Users/54992/go/pkg/mod/github.com/gogf/gf/v2@v2.0.0-rc/net/ghttp/ghttp_func.go:52
31. github.com/gogf/gf/v2/net/ghttp.(*middleware).Next.func1
    C:/Users/54992/go/pkg/mod/github.com/gogf/gf/v2@v2.0.0-rc/net/ghttp/ghttp_request_middleware.go:53
32. github.com/gogf/gf/v2/util/gutil.TryCatch
    C:/Users/54992/go/pkg/mod/github.com/gogf/gf/v2@v2.0.0-rc/util/gutil/gutil.go:55
33. github.com/gogf/gf/v2/net/ghttp.(*middleware).Next
    C:/Users/54992/go/pkg/mod/github.com/gogf/gf/v2@v2.0.0-rc/net/ghttp/ghttp_request_middleware.go:48
34. github.com/gogf/gf/v2/net/ghttp.internalMiddlewareServerTracing
    C:/Users/54992/go/pkg/mod/github.com/gogf/gf/v2@v2.0.0-rc/net/ghttp/ghttp_middleware_tracing.go:78
35. github.com/gogf/gf/v2/net/ghttp.(*middleware).Next.func1.5
    C:/Users/54992/go/pkg/mod/github.com/gogf/gf/v2@v2.0.0-rc/net/ghttp/ghttp_request_middleware.go:95
36. github.com/gogf/gf/v2/net/ghttp.niceCallFunc
    C:/Users/54992/go/pkg/mod/github.com/gogf/gf/v2@v2.0.0-rc/net/ghttp/ghttp_func.go:52
37. github.com/gogf/gf/v2/net/ghttp.(*middleware).Next.func1
    C:/Users/54992/go/pkg/mod/github.com/gogf/gf/v2@v2.0.0-rc/net/ghttp/ghttp_request_middleware.go:94
38. github.com/gogf/gf/v2/util/gutil.TryCatch
    C:/Users/54992/go/pkg/mod/github.com/gogf/gf/v2@v2.0.0-rc/util/gutil/gutil.go:55
39. github.com/gogf/gf/v2/net/ghttp.(*middleware).Next
    C:/Users/54992/go/pkg/mod/github.com/gogf/gf/v2@v2.0.0-rc/net/ghttp/ghttp_request_middleware.go:48
40. github.com/gogf/gf/v2/net/ghttp.(*Server).ServeHTTP
    C:/Users/54992/go/pkg/mod/github.com/gogf/gf/v2@v2.0.0-rc/net/ghttp/ghttp_server_handler.go:121
 
2022-01-02 17:44:25.250 [ERRO] {84b8677ae96ac61668dbcd05c0fb6ffc} [  3 ms] [default] [rows:0  ] SHOW FULL COLUMNS FROM `sys_user`
Error: Error 1049: Unknown database 'gf-ruoyi' 
Stack:
1.  github.com/gogf/gf/v2/database/gdb.(*Core).writeSqlToLogger
    C:/Users/54992/go/pkg/mod/github.com/gogf/gf/v2@v2.0.0-rc/database/gdb/gdb_core.go:661
2.  github.com/gogf/gf/v2/database/gdb.(*Core).DoCommit
    C:/Users/54992/go/pkg/mod/github.com/gogf/gf/v2@v2.0.0-rc/database/gdb/gdb_core_underlying.go:193
3.  github.com/gogf/gf/v2/database/gdb.(*Core).DoQuery
    C:/Users/54992/go/pkg/mod/github.com/gogf/gf/v2@v2.0.0-rc/database/gdb/gdb_core_underlying.go:58
4.  github.com/gogf/gf/v2/database/gdb.(*Core).DoGetAll
    C:/Users/54992/go/pkg/mod/github.com/gogf/gf/v2@v2.0.0-rc/database/gdb/gdb_core.go:149
5.  github.com/gogf/gf/v2/database/gdb.(*DriverMysql).TableFields.func1
    C:/Users/54992/go/pkg/mod/github.com/gogf/gf/v2@v2.0.0-rc/database/gdb/gdb_driver_mysql.go:147
6.  github.com/gogf/gf/v2/container/gmap.(*AnyAnyMap).doSetWithLockCheck
    C:/Users/54992/go/pkg/mod/github.com/gogf/gf/v2@v2.0.0-rc/container/gmap/gmap_hash_any_any_map.go:220
7.  github.com/gogf/gf/v2/container/gmap.(*AnyAnyMap).GetOrSetFuncLock
    C:/Users/54992/go/pkg/mod/github.com/gogf/gf/v2@v2.0.0-rc/container/gmap/gmap_hash_any_any_map.go:257
8.  github.com/gogf/gf/v2/database/gdb.(*DriverMysql).TableFields
    C:/Users/54992/go/pkg/mod/github.com/gogf/gf/v2@v2.0.0-rc/database/gdb/gdb_driver_mysql.go:137
9.  github.com/gogf/gf/v2/database/gdb.(*Model).TableFields
    C:/Users/54992/go/pkg/mod/github.com/gogf/gf/v2@v2.0.0-rc/database/gdb/gdb_model_utility.go:38
10. github.com/gogf/gf/v2/database/gdb.(*Model).getSoftFieldName
    C:/Users/54992/go/pkg/mod/github.com/gogf/gf/v2@v2.0.0-rc/database/gdb/gdb_model_time.go:98
11. github.com/gogf/gf/v2/database/gdb.(*Model).getSoftFieldNameDeleted
    C:/Users/54992/go/pkg/mod/github.com/gogf/gf/v2@v2.0.0-rc/database/gdb/gdb_model_time.go:92
12. github.com/gogf/gf/v2/database/gdb.(*Model).getConditionForSoftDeleting
    C:/Users/54992/go/pkg/mod/github.com/gogf/gf/v2@v2.0.0-rc/database/gdb/gdb_model_time.go:144
13. github.com/gogf/gf/v2/database/gdb.(*Model).formatCondition
    C:/Users/54992/go/pkg/mod/github.com/gogf/gf/v2@v2.0.0-rc/database/gdb/gdb_model_select.go:672
14. github.com/gogf/gf/v2/database/gdb.(*Model).getFormattedSqlAndArgs
    C:/Users/54992/go/pkg/mod/github.com/gogf/gf/v2@v2.0.0-rc/database/gdb/gdb_model_select.go:569
15. github.com/gogf/gf/v2/database/gdb.(*Model).doGetAll
    C:/Users/54992/go/pkg/mod/github.com/gogf/gf/v2@v2.0.0-rc/database/gdb/gdb_model_select.go:45
16. github.com/gogf/gf/v2/database/gdb.(*Model).All
    C:/Users/54992/go/pkg/mod/github.com/gogf/gf/v2@v2.0.0-rc/database/gdb/gdb_model_select.go:31
17. github.com/gogf/gf/v2/database/gdb.(*Model).doStructs
    C:/Users/54992/go/pkg/mod/github.com/gogf/gf/v2@v2.0.0-rc/database/gdb/gdb_model_select.go:264
18. github.com/gogf/gf/v2/database/gdb.(*Model).Scan
    C:/Users/54992/go/pkg/mod/github.com/gogf/gf/v2@v2.0.0-rc/database/gdb/gdb_model_select.go:305
19. gf-RuoYi/internal/service.(*serviceUser).Login
    D:/Project/gf-ruoyi/internal/service/sys_user.go:23
20. gf-RuoYi/internal/handler.(*handlerUser).Login
    D:/Project/gf-ruoyi/internal/handler/sys_user.go:17
21. github.com/gogf/gf/v2/net/ghttp.(*middleware).callHandlerFunc.func1
    C:/Users/54992/go/pkg/mod/github.com/gogf/gf/v2@v2.0.0-rc/net/ghttp/ghttp_request_middleware.go:153
22. github.com/gogf/gf/v2/net/ghttp.niceCallFunc
    C:/Users/54992/go/pkg/mod/github.com/gogf/gf/v2@v2.0.0-rc/net/ghttp/ghttp_func.go:52
23. github.com/gogf/gf/v2/net/ghttp.(*middleware).callHandlerFunc
    C:/Users/54992/go/pkg/mod/github.com/gogf/gf/v2@v2.0.0-rc/net/ghttp/ghttp_request_middleware.go:128
24. github.com/gogf/gf/v2/net/ghttp.(*middleware).Next.func1
    C:/Users/54992/go/pkg/mod/github.com/gogf/gf/v2@v2.0.0-rc/net/ghttp/ghttp_request_middleware.go:74
25. github.com/gogf/gf/v2/util/gutil.TryCatch
    C:/Users/54992/go/pkg/mod/github.com/gogf/gf/v2@v2.0.0-rc/util/gutil/gutil.go:55
26. github.com/gogf/gf/v2/net/ghttp.(*middleware).Next
    C:/Users/54992/go/pkg/mod/github.com/gogf/gf/v2@v2.0.0-rc/net/ghttp/ghttp_request_middleware.go:48
27. gf-RuoYi/internal/service.(*serviceMiddleware).ResponseHandler
    D:/Project/gf-ruoyi/internal/service/middleware.go:63
28. github.com/gogf/gf/v2/net/ghttp.(*middleware).Next.func1.1
    C:/Users/54992/go/pkg/mod/github.com/gogf/gf/v2@v2.0.0-rc/net/ghttp/ghttp_request_middleware.go:54
29. github.com/gogf/gf/v2/net/ghttp.niceCallFunc
    C:/Users/54992/go/pkg/mod/github.com/gogf/gf/v2@v2.0.0-rc/net/ghttp/ghttp_func.go:52
30. github.com/gogf/gf/v2/net/ghttp.(*middleware).Next.func1
    C:/Users/54992/go/pkg/mod/github.com/gogf/gf/v2@v2.0.0-rc/net/ghttp/ghttp_request_middleware.go:53
31. github.com/gogf/gf/v2/util/gutil.TryCatch
    C:/Users/54992/go/pkg/mod/github.com/gogf/gf/v2@v2.0.0-rc/util/gutil/gutil.go:55
32. github.com/gogf/gf/v2/net/ghttp.(*middleware).Next
    C:/Users/54992/go/pkg/mod/github.com/gogf/gf/v2@v2.0.0-rc/net/ghttp/ghttp_request_middleware.go:48
33. gf-RuoYi/internal/service.(*serviceMiddleware).Ctx
    D:/Project/gf-ruoyi/internal/service/middleware.go:33
34. github.com/gogf/gf/v2/net/ghttp.(*middleware).Next.func1.1
    C:/Users/54992/go/pkg/mod/github.com/gogf/gf/v2@v2.0.0-rc/net/ghttp/ghttp_request_middleware.go:54
35. github.com/gogf/gf/v2/net/ghttp.niceCallFunc
    C:/Users/54992/go/pkg/mod/github.com/gogf/gf/v2@v2.0.0-rc/net/ghttp/ghttp_func.go:52
36. github.com/gogf/gf/v2/net/ghttp.(*middleware).Next.func1
    C:/Users/54992/go/pkg/mod/github.com/gogf/gf/v2@v2.0.0-rc/net/ghttp/ghttp_request_middleware.go:53
37. github.com/gogf/gf/v2/util/gutil.TryCatch
    C:/Users/54992/go/pkg/mod/github.com/gogf/gf/v2@v2.0.0-rc/util/gutil/gutil.go:55
38. github.com/gogf/gf/v2/net/ghttp.(*middleware).Next
    C:/Users/54992/go/pkg/mod/github.com/gogf/gf/v2@v2.0.0-rc/net/ghttp/ghttp_request_middleware.go:48
39. github.com/gogf/gf/v2/net/ghttp.internalMiddlewareServerTracing
    C:/Users/54992/go/pkg/mod/github.com/gogf/gf/v2@v2.0.0-rc/net/ghttp/ghttp_middleware_tracing.go:78
40. github.com/gogf/gf/v2/net/ghttp.(*middleware).Next.func1.5
    C:/Users/54992/go/pkg/mod/github.com/gogf/gf/v2@v2.0.0-rc/net/ghttp/ghttp_request_middleware.go:95
41. github.com/gogf/gf/v2/net/ghttp.niceCallFunc
    C:/Users/54992/go/pkg/mod/github.com/gogf/gf/v2@v2.0.0-rc/net/ghttp/ghttp_func.go:52
42. github.com/gogf/gf/v2/net/ghttp.(*middleware).Next.func1
    C:/Users/54992/go/pkg/mod/github.com/gogf/gf/v2@v2.0.0-rc/net/ghttp/ghttp_request_middleware.go:94
43. github.com/gogf/gf/v2/util/gutil.TryCatch
    C:/Users/54992/go/pkg/mod/github.com/gogf/gf/v2@v2.0.0-rc/util/gutil/gutil.go:55
44. github.com/gogf/gf/v2/net/ghttp.(*middleware).Next
    C:/Users/54992/go/pkg/mod/github.com/gogf/gf/v2@v2.0.0-rc/net/ghttp/ghttp_request_middleware.go:48
45. github.com/gogf/gf/v2/net/ghttp.(*Server).ServeHTTP
    C:/Users/54992/go/pkg/mod/github.com/gogf/gf/v2@v2.0.0-rc/net/ghttp/ghttp_server_handler.go:121
 
2022-01-02 17:44:25.263 [ERRO] {84b8677ae96ac61668dbcd05c0fb6ffc} [  2 ms] [default] [rows:0  ] SELECT `UserId`,`UserName`,`NickName`,`Password`,`Mobile`,`Avatar`,`Status`,`ShopIds`,`DeptId`,`Remark`,`CreatedAt`,`UpdatedAt`,`DeletedAt` FROM `sys_user` WHERE (`user_name`='123214') AND (`password`='123456')
Error: Error 1049: Unknown database 'gf-ruoyi' 
Stack:
1.  github.com/gogf/gf/v2/database/gdb.(*Core).writeSqlToLogger
    C:/Users/54992/go/pkg/mod/github.com/gogf/gf/v2@v2.0.0-rc/database/gdb/gdb_core.go:661
2.  github.com/gogf/gf/v2/database/gdb.(*Core).DoCommit
    C:/Users/54992/go/pkg/mod/github.com/gogf/gf/v2@v2.0.0-rc/database/gdb/gdb_core_underlying.go:193
3.  github.com/gogf/gf/v2/database/gdb.(*Core).DoQuery
    C:/Users/54992/go/pkg/mod/github.com/gogf/gf/v2@v2.0.0-rc/database/gdb/gdb_core_underlying.go:58
4.  github.com/gogf/gf/v2/database/gdb.(*Core).DoGetAll
    C:/Users/54992/go/pkg/mod/github.com/gogf/gf/v2@v2.0.0-rc/database/gdb/gdb_core.go:149
5.  github.com/gogf/gf/v2/database/gdb.(*Model).doGetAllBySql
    C:/Users/54992/go/pkg/mod/github.com/gogf/gf/v2@v2.0.0-rc/database/gdb/gdb_model_select.go:525
6.  github.com/gogf/gf/v2/database/gdb.(*Model).doGetAll
    C:/Users/54992/go/pkg/mod/github.com/gogf/gf/v2@v2.0.0-rc/database/gdb/gdb_model_select.go:46
7.  github.com/gogf/gf/v2/database/gdb.(*Model).All
    C:/Users/54992/go/pkg/mod/github.com/gogf/gf/v2@v2.0.0-rc/database/gdb/gdb_model_select.go:31
8.  github.com/gogf/gf/v2/database/gdb.(*Model).doStructs
    C:/Users/54992/go/pkg/mod/github.com/gogf/gf/v2@v2.0.0-rc/database/gdb/gdb_model_select.go:264
9.  github.com/gogf/gf/v2/database/gdb.(*Model).Scan
    C:/Users/54992/go/pkg/mod/github.com/gogf/gf/v2@v2.0.0-rc/database/gdb/gdb_model_select.go:305
10. gf-RuoYi/internal/service.(*serviceUser).Login
    D:/Project/gf-ruoyi/internal/service/sys_user.go:23
11. gf-RuoYi/internal/handler.(*handlerUser).Login
    D:/Project/gf-ruoyi/internal/handler/sys_user.go:17
12. github.com/gogf/gf/v2/net/ghttp.(*middleware).callHandlerFunc.func1
    C:/Users/54992/go/pkg/mod/github.com/gogf/gf/v2@v2.0.0-rc/net/ghttp/ghttp_request_middleware.go:153
13. github.com/gogf/gf/v2/net/ghttp.niceCallFunc
    C:/Users/54992/go/pkg/mod/github.com/gogf/gf/v2@v2.0.0-rc/net/ghttp/ghttp_func.go:52
14. github.com/gogf/gf/v2/net/ghttp.(*middleware).callHandlerFunc
    C:/Users/54992/go/pkg/mod/github.com/gogf/gf/v2@v2.0.0-rc/net/ghttp/ghttp_request_middleware.go:128
15. github.com/gogf/gf/v2/net/ghttp.(*middleware).Next.func1
    C:/Users/54992/go/pkg/mod/github.com/gogf/gf/v2@v2.0.0-rc/net/ghttp/ghttp_request_middleware.go:74
16. github.com/gogf/gf/v2/util/gutil.TryCatch
    C:/Users/54992/go/pkg/mod/github.com/gogf/gf/v2@v2.0.0-rc/util/gutil/gutil.go:55
17. github.com/gogf/gf/v2/net/ghttp.(*middleware).Next
    C:/Users/54992/go/pkg/mod/github.com/gogf/gf/v2@v2.0.0-rc/net/ghttp/ghttp_request_middleware.go:48
18. gf-RuoYi/internal/service.(*serviceMiddleware).ResponseHandler
    D:/Project/gf-ruoyi/internal/service/middleware.go:63
19. github.com/gogf/gf/v2/net/ghttp.(*middleware).Next.func1.1
    C:/Users/54992/go/pkg/mod/github.com/gogf/gf/v2@v2.0.0-rc/net/ghttp/ghttp_request_middleware.go:54
20. github.com/gogf/gf/v2/net/ghttp.niceCallFunc
    C:/Users/54992/go/pkg/mod/github.com/gogf/gf/v2@v2.0.0-rc/net/ghttp/ghttp_func.go:52
21. github.com/gogf/gf/v2/net/ghttp.(*middleware).Next.func1
    C:/Users/54992/go/pkg/mod/github.com/gogf/gf/v2@v2.0.0-rc/net/ghttp/ghttp_request_middleware.go:53
22. github.com/gogf/gf/v2/util/gutil.TryCatch
    C:/Users/54992/go/pkg/mod/github.com/gogf/gf/v2@v2.0.0-rc/util/gutil/gutil.go:55
23. github.com/gogf/gf/v2/net/ghttp.(*middleware).Next
    C:/Users/54992/go/pkg/mod/github.com/gogf/gf/v2@v2.0.0-rc/net/ghttp/ghttp_request_middleware.go:48
24. gf-RuoYi/internal/service.(*serviceMiddleware).Ctx
    D:/Project/gf-ruoyi/internal/service/middleware.go:33
25. github.com/gogf/gf/v2/net/ghttp.(*middleware).Next.func1.1
    C:/Users/54992/go/pkg/mod/github.com/gogf/gf/v2@v2.0.0-rc/net/ghttp/ghttp_request_middleware.go:54
26. github.com/gogf/gf/v2/net/ghttp.niceCallFunc
    C:/Users/54992/go/pkg/mod/github.com/gogf/gf/v2@v2.0.0-rc/net/ghttp/ghttp_func.go:52
27. github.com/gogf/gf/v2/net/ghttp.(*middleware).Next.func1
    C:/Users/54992/go/pkg/mod/github.com/gogf/gf/v2@v2.0.0-rc/net/ghttp/ghttp_request_middleware.go:53
28. github.com/gogf/gf/v2/util/gutil.TryCatch
    C:/Users/54992/go/pkg/mod/github.com/gogf/gf/v2@v2.0.0-rc/util/gutil/gutil.go:55
29. github.com/gogf/gf/v2/net/ghttp.(*middleware).Next
    C:/Users/54992/go/pkg/mod/github.com/gogf/gf/v2@v2.0.0-rc/net/ghttp/ghttp_request_middleware.go:48
30. github.com/gogf/gf/v2/net/ghttp.internalMiddlewareServerTracing
    C:/Users/54992/go/pkg/mod/github.com/gogf/gf/v2@v2.0.0-rc/net/ghttp/ghttp_middleware_tracing.go:78
31. github.com/gogf/gf/v2/net/ghttp.(*middleware).Next.func1.5
    C:/Users/54992/go/pkg/mod/github.com/gogf/gf/v2@v2.0.0-rc/net/ghttp/ghttp_request_middleware.go:95
32. github.com/gogf/gf/v2/net/ghttp.niceCallFunc
    C:/Users/54992/go/pkg/mod/github.com/gogf/gf/v2@v2.0.0-rc/net/ghttp/ghttp_func.go:52
33. github.com/gogf/gf/v2/net/ghttp.(*middleware).Next.func1
    C:/Users/54992/go/pkg/mod/github.com/gogf/gf/v2@v2.0.0-rc/net/ghttp/ghttp_request_middleware.go:94
34. github.com/gogf/gf/v2/util/gutil.TryCatch
    C:/Users/54992/go/pkg/mod/github.com/gogf/gf/v2@v2.0.0-rc/util/gutil/gutil.go:55
35. github.com/gogf/gf/v2/net/ghttp.(*middleware).Next
    C:/Users/54992/go/pkg/mod/github.com/gogf/gf/v2@v2.0.0-rc/net/ghttp/ghttp_request_middleware.go:48
36. github.com/gogf/gf/v2/net/ghttp.(*Server).ServeHTTP
    C:/Users/54992/go/pkg/mod/github.com/gogf/gf/v2@v2.0.0-rc/net/ghttp/ghttp_server_handler.go:121
 
2022-01-02 17:44:39.452 [DEBU] {680f8fc9ec6ac616f47ffa316c8cccd6} [  2 ms] [default] [rows:0  ] SHOW FULL COLUMNS FROM `sys_user` 
2022-01-02 17:44:39.457 [DEBU] {680f8fc9ec6ac616f47ffa316c8cccd6} [  2 ms] [default] [rows:0  ] SELECT `user_id`,`user_name`,`nick_name`,`password`,`mobile`,`avatar`,`status`,`shop_ids`,`dept_id`,`remark`,`created_at`,`updated_at`,`deleted_at` FROM `sys_user` WHERE ((`user_name`='123214') AND (`password`='123456')) AND `deleted_at` IS NULL 
2022-01-02 17:45:58.921 [DEBU] {d4d4384aff6ac61660200e00f8d60d99} [  3 ms] [default] [rows:0  ] SHOW FULL COLUMNS FROM `sys_user` 
2022-01-02 17:45:58.923 [DEBU] {d4d4384aff6ac61660200e00f8d60d99} [  1 ms] [default] [rows:0  ] SELECT `user_id`,`user_name`,`nick_name`,`password`,`mobile`,`avatar`,`status`,`shop_ids`,`dept_id`,`remark`,`created_at`,`updated_at`,`deleted_at` FROM `sys_user` WHERE ((`user_name`='123214') AND (`password`='123456')) AND `deleted_at` IS NULL 
2022-01-02 17:51:43.460 [DEBU] {943a62824f6bc6168ac0ea1d5f55e34f} [  2 ms] [default] [rows:0  ] SHOW FULL COLUMNS FROM `sys_user` 
2022-01-02 17:51:43.462 [DEBU] {943a62824f6bc6168ac0ea1d5f55e34f} [  0 ms] [default] [rows:0  ] SELECT `user_id`,`user_name`,`nick_name`,`password`,`mobile`,`avatar`,`status`,`shop_ids`,`dept_id`,`remark`,`created_at`,`updated_at`,`deleted_at` FROM `sys_user` WHERE ((`user_name`='123214') AND (`password`='123456')) AND `deleted_at` IS NULL 
2022-01-02 17:51:46.476 [DEBU] {d8345136506bc6168bc0ea1d192bf901} [  0 ms] [default] [rows:0  ] SELECT `user_id`,`user_name`,`nick_name`,`password`,`mobile`,`avatar`,`status`,`shop_ids`,`dept_id`,`remark`,`created_at`,`updated_at`,`deleted_at` FROM `sys_user` WHERE ((`user_name`='123214') AND (`password`='123456')) AND `deleted_at` IS NULL 
2022-01-02 17:54:23.128 [DEBU] {c43bd5ae746bc61691d16b76d524949f} [  9 ms] [default] [rows:0  ] SHOW FULL COLUMNS FROM `sys_user` 
2022-01-02 17:54:23.134 [DEBU] {c43bd5ae746bc61691d16b76d524949f} [  1 ms] [default] [rows:0  ] SELECT `user_id`,`user_name`,`nick_name`,`password`,`mobile`,`avatar`,`status`,`shop_ids`,`dept_id`,`remark`,`created_at`,`updated_at`,`deleted_at` FROM `sys_user` WHERE ((`user_name`='123214') AND (`password`='123456')) AND `deleted_at` IS NULL 
2022-01-02 17:55:58.873 [DEBU] {8c2e3bfa8a6bc61692d16b76cacd73ca} [  3 ms] [default] [rows:0  ] SELECT `user_id`,`user_name`,`nick_name`,`password`,`mobile`,`avatar`,`status`,`shop_ids`,`dept_id`,`remark`,`created_at`,`updated_at`,`deleted_at` FROM `sys_user` WHERE ((`user_name`='yuxiao') AND (`password`='yx1688')) AND `deleted_at` IS NULL 
2022-01-02 17:58:11.938 [DEBU] {d09782f5a96bc61675194e15beb3d19a} [  3 ms] [default] [rows:0  ] SHOW FULL COLUMNS FROM `sys_user` 
2022-01-02 17:58:11.941 [DEBU] {d09782f5a96bc61675194e15beb3d19a} [  1 ms] [default] [rows:0  ] SELECT `user_id`,`user_name`,`nick_name`,`password`,`mobile`,`avatar`,`status`,`shop_ids`,`dept_id`,`remark`,`created_at`,`updated_at`,`deleted_at` FROM `sys_user` WHERE ((`user_name`='yuxiao') AND (`password`='yx1688')) AND `deleted_at` IS NULL 
2022-01-02 17:58:50.374 [DEBU] {2c3353e8b26bc616d759504999e387c1} [  4 ms] [default] [rows:0  ] SHOW FULL COLUMNS FROM `sys_user` 
2022-01-02 17:58:50.377 [DEBU] {2c3353e8b26bc616d759504999e387c1} [  1 ms] [default] [rows:0  ] SELECT `user_id`,`user_name`,`nick_name`,`password`,`mobile`,`avatar`,`status`,`shop_ids`,`dept_id`,`remark`,`created_at`,`updated_at`,`deleted_at` FROM `sys_user` WHERE ((`user_name`='yuxiao') AND (`password`='yx1688')) AND `deleted_at` IS NULL 
2022-01-02 17:59:07.645 [DEBU] {1ca0fbedb66bc616d859504931684d46} [  1 ms] [default] [rows:0  ] SELECT `user_id`,`user_name`,`nick_name`,`password`,`mobile`,`avatar`,`status`,`shop_ids`,`dept_id`,`remark`,`created_at`,`updated_at`,`deleted_at` FROM `sys_user` WHERE ((`user_name`='yuxiao') AND (`password`='yx1688')) AND `deleted_at` IS NULL 
2022-01-02 17:59:30.554 [DEBU] {48ba5043bc6bc61651f7636447a4bca8} [  3 ms] [default] [rows:0  ] SHOW FULL COLUMNS FROM `sys_user` 
2022-01-02 17:59:30.557 [DEBU] {48ba5043bc6bc61651f7636447a4bca8} [  1 ms] [default] [rows:0  ] SELECT `user_id`,`user_name`,`nick_name`,`password`,`mobile`,`avatar`,`status`,`shop_ids`,`dept_id`,`remark`,`created_at`,`updated_at`,`deleted_at` FROM `sys_user` WHERE ((`user_name`='yuxiao') AND (`password`='yx1688')) AND `deleted_at` IS NULL 
2022-01-02 18:00:27.655 [DEBU] {d8cce68ec96bc616850ffd2692a15c5c} [  2 ms] [default] [rows:0  ] SHOW FULL COLUMNS FROM `sys_user` 
2022-01-02 18:00:27.658 [DEBU] {d8cce68ec96bc616850ffd2692a15c5c} [  1 ms] [default] [rows:0  ] SELECT `user_id`,`user_name`,`nick_name`,`password`,`mobile`,`avatar`,`status`,`shop_ids`,`dept_id`,`remark`,`created_at`,`updated_at`,`deleted_at` FROM `sys_user` WHERE ((`user_name`='yuxiao') AND (`password`='yx1688')) AND `deleted_at` IS NULL 
2022-01-02 18:01:27.288 [DEBU] {f8624071d76bc616b8d9357bce9338e6} [  2 ms] [default] [rows:0  ] SHOW FULL COLUMNS FROM `sys_user` 
2022-01-02 18:01:27.290 [DEBU] {f8624071d76bc616b8d9357bce9338e6} [  1 ms] [default] [rows:0  ] SELECT `user_id`,`user_name`,`nick_name`,`password`,`mobile`,`avatar`,`status`,`shop_ids`,`dept_id`,`remark`,`created_at`,`updated_at`,`deleted_at` FROM `sys_user` WHERE ((`user_name`='yuxiao') AND (`password`='yx1688')) AND `deleted_at` IS NULL 
