2022-01-07 16:46:51.486 [DEBU] {3cd0fa2cacf0c7169011b92789d9e0e8} [  6 ms] [default] [rows:0  ] SHOW FULL COLUMNS FROM `sys_user_online` 
2022-01-07 16:46:51.488 [DEBU] {3cd0fa2cacf0c7169011b92789d9e0e8} [  0 ms] [default] [rows:0  ] SELECT `id`,`token`,`user_name`,`ip`,`explorer`,`os`,`created_at` FROM `sys_user_online` 
2022-01-07 16:46:51.491 [DEBU] {3cd0fa2cacf0c7169011b92789d9e0e8} [  1 ms] [default] [rows:0  ] SHOW FULL COLUMNS FROM `sys_user` 
2022-01-07 16:46:51.499 [DEBU] {3cd0fa2cacf0c7169011b92789d9e0e8} [  7 ms] [default] [rows:0  ] SELECT `user_id`,`user_name`,`nick_name`,`mobile`,`avatar`,`status`,`role_ids`,`shop_ids`,`dept_id`,`remark`,`created_at`,`updated_at` FROM `sys_user` WHERE (`user_name`='admin') AND `deleted_at` IS NULL LIMIT 1 
2022-01-07 16:46:51.503 [DEBU] {3cd0fa2cacf0c7169011b92789d9e0e8} [  2 ms] [default] [rows:0  ] SHOW FULL COLUMNS FROM `sys_user_role` 
2022-01-07 16:46:51.507 [DEBU] {3cd0fa2cacf0c7169011b92789d9e0e8} [  2 ms] [default] [rows:0  ] SELECT `user_id`,`role_id` FROM `sys_user_role` WHERE `user_id`=19 
2022-01-07 16:46:51.509 [DEBU] {3cd0fa2cacf0c7169011b92789d9e0e8} [  1 ms] [default] [rows:0  ] SHOW FULL COLUMNS FROM `sys_role` 
2022-01-07 16:46:51.511 [DEBU] {3cd0fa2cacf0c7169011b92789d9e0e8} [  0 ms] [default] [rows:0  ] SELECT `role_id`,`role_name`,`role_key`,`role_sort`,`status`,`remark`,`created_at`,`updated_at`,`role_id`,`role_name`,`role_key`,`role_sort`,`status`,`remark`,`created_at`,`updated_at` FROM `sys_role` WHERE (`role_id` IN(2)) AND `deleted_at` IS NULL 
2022-01-07 17:44:38.805 [DEBU] {18cb8e79d3f3c71692d13114c10e67ba} [  2 ms] [default] [rows:0  ] SHOW FULL COLUMNS FROM `sys_user_online` 
2022-01-07 17:44:38.807 [DEBU] {18cb8e79d3f3c71692d13114c10e67ba} [  0 ms] [default] [rows:0  ] SELECT `id`,`token`,`user_name`,`ip`,`explorer`,`os`,`created_at` FROM `sys_user_online` 
2022-01-07 17:44:38.811 [DEBU] {18cb8e79d3f3c71692d13114c10e67ba} [  3 ms] [default] [rows:0  ] SHOW FULL COLUMNS FROM `sys_user` 
2022-01-07 17:44:38.813 [DEBU] {18cb8e79d3f3c71692d13114c10e67ba} [  1 ms] [default] [rows:0  ] SELECT `user_id`,`user_name`,`nick_name`,`mobile`,`avatar`,`status`,`role_ids`,`shop_ids`,`dept_id`,`remark`,`created_at`,`updated_at` FROM `sys_user` WHERE (`user_id`=0) AND `deleted_at` IS NULL LIMIT 1 
2022-01-07 17:44:38.816 [DEBU] {18cb8e79d3f3c71692d13114c10e67ba} [  2 ms] [default] [rows:0  ] SHOW FULL COLUMNS FROM `sys_user_role` 
2022-01-07 17:44:38.817 [DEBU] {18cb8e79d3f3c71692d13114c10e67ba} [  0 ms] [default] [rows:0  ] SELECT `role_id` FROM `sys_user_role` WHERE `user_id`=2 LIMIT 1 
2022-01-07 17:46:50.360 [DEBU] {542bdd1af2f3c716c2fa661be1cd1f6b} [  1 ms] [default] [rows:0  ] SHOW FULL COLUMNS FROM `sys_user_online` 
2022-01-07 17:46:50.362 [DEBU] {542bdd1af2f3c716c2fa661be1cd1f6b} [  0 ms] [default] [rows:0  ] SELECT `id`,`token`,`user_name`,`ip`,`explorer`,`os`,`created_at` FROM `sys_user_online` 
2022-01-07 17:46:50.364 [DEBU] {542bdd1af2f3c716c2fa661be1cd1f6b} [  1 ms] [default] [rows:0  ] SHOW FULL COLUMNS FROM `sys_user` 
2022-01-07 17:46:50.365 [DEBU] {542bdd1af2f3c716c2fa661be1cd1f6b} [  0 ms] [default] [rows:0  ] SELECT `user_id`,`user_name`,`nick_name`,`mobile`,`avatar`,`status`,`role_ids`,`shop_ids`,`dept_id`,`remark`,`created_at`,`updated_at` FROM `sys_user` WHERE (`user_id`=0) AND `deleted_at` IS NULL LIMIT 1 
2022-01-07 17:46:50.369 [DEBU] {542bdd1af2f3c716c2fa661be1cd1f6b} [  2 ms] [default] [rows:0  ] SHOW FULL COLUMNS FROM `sys_user_role` 
2022-01-07 17:46:50.370 [DEBU] {542bdd1af2f3c716c2fa661be1cd1f6b} [  0 ms] [default] [rows:0  ] SELECT `role_id` FROM `sys_user_role` WHERE `user_id`=2 
2022-01-07 17:51:49.585 [DEBU] {00a408c637f4c7168c87f92c380fdc24} [  2 ms] [default] [rows:0  ] SHOW FULL COLUMNS FROM `sys_user_online` 
2022-01-07 17:51:49.589 [DEBU] {00a408c637f4c7168c87f92c380fdc24} [  1 ms] [default] [rows:0  ] SELECT `id`,`token`,`user_name`,`ip`,`explorer`,`os`,`created_at` FROM `sys_user_online` 
2022-01-07 17:51:49.593 [DEBU] {00a408c637f4c7168c87f92c380fdc24} [  2 ms] [default] [rows:0  ] SHOW FULL COLUMNS FROM `sys_user` 
2022-01-07 17:51:49.595 [DEBU] {00a408c637f4c7168c87f92c380fdc24} [  1 ms] [default] [rows:0  ] SELECT `user_id`,`user_name`,`nick_name`,`mobile`,`avatar`,`status`,`role_ids`,`shop_ids`,`dept_id`,`remark`,`created_at`,`updated_at` FROM `sys_user` WHERE (`user_id`=0) AND `deleted_at` IS NULL LIMIT 1 
2022-01-07 17:51:49.598 [DEBU] {00a408c637f4c7168c87f92c380fdc24} [  2 ms] [default] [rows:0  ] SHOW FULL COLUMNS FROM `sys_user_role` 
2022-01-07 17:51:49.599 [DEBU] {00a408c637f4c7168c87f92c380fdc24} [  0 ms] [default] [rows:0  ] SELECT `user_id`,`role_id` FROM `sys_user_role` 
2022-01-07 17:54:16.882 [DEBU] {f819a0115af4c716dacd806bc6fffc60} [  1 ms] [default] [rows:0  ] SHOW FULL COLUMNS FROM `sys_user_online` 
2022-01-07 17:54:16.883 [DEBU] {f819a0115af4c716dacd806bc6fffc60} [  0 ms] [default] [rows:0  ] SELECT `id`,`token`,`user_name`,`ip`,`explorer`,`os`,`created_at` FROM `sys_user_online` 
2022-01-07 17:54:16.886 [DEBU] {f819a0115af4c716dacd806bc6fffc60} [  2 ms] [default] [rows:0  ] SHOW FULL COLUMNS FROM `sys_user` 
2022-01-07 17:54:16.887 [DEBU] {f819a0115af4c716dacd806bc6fffc60} [  0 ms] [default] [rows:0  ] SELECT `user_id`,`user_name`,`nick_name`,`mobile`,`avatar`,`status`,`role_ids`,`shop_ids`,`dept_id`,`remark`,`created_at`,`updated_at` FROM `sys_user` WHERE (`user_id`=22) AND `deleted_at` IS NULL LIMIT 1 
2022-01-07 17:54:16.893 [DEBU] {f819a0115af4c716dacd806bc6fffc60} [  3 ms] [default] [rows:0  ] SHOW FULL COLUMNS FROM `sys_user_role` 
2022-01-07 17:54:16.894 [DEBU] {f819a0115af4c716dacd806bc6fffc60} [  1 ms] [default] [rows:0  ] SELECT `user_id`,`role_id` FROM `sys_user_role` 
2022-01-07 17:54:54.742 [DEBU] {cc322fe262f4c716dbcd806b9534878f} [  3 ms] [default] [rows:0  ] SELECT `user_id`,`user_name`,`nick_name`,`mobile`,`avatar`,`status`,`role_ids`,`shop_ids`,`dept_id`,`remark`,`created_at`,`updated_at` FROM `sys_user` WHERE (`user_id`=22) AND `deleted_at` IS NULL LIMIT 1 
2022-01-07 17:54:54.746 [DEBU] {cc322fe262f4c716dbcd806b9534878f} [  4 ms] [default] [rows:0  ] SELECT `user_id`,`role_id` FROM `sys_user_role` 
2022-01-07 17:56:12.937 [DEBU] {286c0c1775f4c716ddcd806b97d40d65} [  2 ms] [default] [rows:0  ] SELECT `user_name` FROM `sys_user` WHERE ((`password`='admin') AND (nick_name='admin' or user_name='admin')) AND `deleted_at` IS NULL LIMIT 1 
2022-01-07 17:56:12.940 [DEBU] {286c0c1775f4c716ddcd806b97d40d65} [  1 ms] [default] [rows:0  ] DELETE FROM `sys_user_online` WHERE `user_name`='admin' 
2022-01-07 17:56:12.944 [DEBU] {286c0c1775f4c716ddcd806b97d40d65} [  4 ms] [default] [rows:0  ] INSERT INTO `sys_user_online`(`user_name`,`created_at`,`explorer`,`os`,`token`,`ip`) VALUES('admin','2022-01-07 17:56:12','Chrome','Windows 7','46kkum0cgzcor7v2x3s100gyi7xopjjy','127.0.0.1')  
2022-01-07 17:56:38.612 [DEBU] {7c2c84117bf4c716decd806b90fcf3b4} [  1 ms] [default] [rows:0  ] SELECT `user_name` FROM `sys_user` WHERE ((`password`='admin') AND (nick_name='admin' or user_name='admin')) AND `deleted_at` IS NULL LIMIT 1 
2022-01-07 17:56:38.621 [DEBU] {7c2c84117bf4c716decd806b90fcf3b4} [  7 ms] [default] [rows:0  ] DELETE FROM `sys_user_online` WHERE `user_name`='admin' 
2022-01-07 17:56:38.622 [DEBU] {7c2c84117bf4c716decd806b90fcf3b4} [  0 ms] [default] [rows:0  ] INSERT INTO `sys_user_online`(`user_name`,`created_at`,`explorer`,`os`,`token`,`ip`) VALUES('admin','2022-01-07 17:56:38','Chrome','Windows 7','46kkum0cgzcp30ht9w0200uz788vqgbo','127.0.0.1')  
2022-01-07 17:56:43.175 [DEBU] {543461217cf4c716dfcd806b3a0c60c4} [  2 ms] [default] [rows:0  ] SELECT `id`,`token`,`user_name`,`ip`,`explorer`,`os`,`created_at` FROM `sys_user_online` 
2022-01-07 17:56:43.178 [DEBU] {543461217cf4c716dfcd806b3a0c60c4} [  2 ms] [default] [rows:0  ] SELECT `user_id`,`user_name`,`nick_name`,`mobile`,`avatar`,`status`,`role_ids`,`shop_ids`,`dept_id`,`remark`,`created_at`,`updated_at` FROM `sys_user` WHERE (`user_id`=24) AND `deleted_at` IS NULL LIMIT 1 
2022-01-07 17:56:43.180 [DEBU] {543461217cf4c716dfcd806b3a0c60c4} [  1 ms] [default] [rows:0  ] SELECT `user_id`,`role_id` FROM `sys_user_role` 
2022-01-07 18:00:33.754 [DEBU] {84dcf3d0b1f4c71651547d06b92de819} [  2 ms] [default] [rows:0  ] SHOW FULL COLUMNS FROM `sys_user_online` 
2022-01-07 18:00:33.757 [DEBU] {84dcf3d0b1f4c71651547d06b92de819} [  1 ms] [default] [rows:0  ] SELECT `id`,`token`,`user_id`,`user_name`,`ip`,`explorer`,`os`,`created_at` FROM `sys_user_online` 
2022-01-07 18:00:33.760 [DEBU] {84dcf3d0b1f4c71651547d06b92de819} [  3 ms] [default] [rows:0  ] SHOW FULL COLUMNS FROM `sys_user` 
2022-01-07 18:00:33.770 [DEBU] {84dcf3d0b1f4c71651547d06b92de819} [  1 ms] [default] [rows:0  ] SELECT `user_id`,`user_name`,`nick_name`,`mobile`,`avatar`,`status`,`role_ids`,`shop_ids`,`dept_id`,`remark`,`created_at`,`updated_at` FROM `sys_user` WHERE (`user_id`=24) AND `deleted_at` IS NULL LIMIT 1 
2022-01-07 18:00:33.773 [DEBU] {84dcf3d0b1f4c71651547d06b92de819} [  2 ms] [default] [rows:0  ] SHOW FULL COLUMNS FROM `sys_user_role` 
2022-01-07 18:00:33.774 [DEBU] {84dcf3d0b1f4c71651547d06b92de819} [  1 ms] [default] [rows:0  ] SELECT `user_id`,`role_id` FROM `sys_user_role` 
2022-01-07 18:01:01.944 [DEBU] {24f93b61b8f4c716d5e1840f2398cec4} [  1 ms] [default] [rows:0  ] SHOW FULL COLUMNS FROM `sys_user_online` 
2022-01-07 18:01:01.946 [DEBU] {24f93b61b8f4c716d5e1840f2398cec4} [  0 ms] [default] [rows:0  ] SELECT `id`,`token`,`user_id`,`user_name`,`ip`,`explorer`,`os`,`created_at` FROM `sys_user_online` 
2022-01-07 18:01:01.949 [DEBU] {24f93b61b8f4c716d5e1840f2398cec4} [  2 ms] [default] [rows:0  ] SHOW FULL COLUMNS FROM `sys_user` 
2022-01-07 18:01:01.950 [DEBU] {24f93b61b8f4c716d5e1840f2398cec4} [  1 ms] [default] [rows:0  ] SELECT `user_id`,`user_name`,`nick_name`,`mobile`,`avatar`,`status`,`role_ids`,`shop_ids`,`dept_id`,`remark`,`created_at`,`updated_at` FROM `sys_user` WHERE (`user_id`=0) AND `deleted_at` IS NULL LIMIT 1 
2022-01-07 18:01:01.954 [DEBU] {24f93b61b8f4c716d5e1840f2398cec4} [  3 ms] [default] [rows:0  ] SHOW FULL COLUMNS FROM `sys_user_role` 
2022-01-07 18:01:01.956 [DEBU] {24f93b61b8f4c716d5e1840f2398cec4} [  1 ms] [default] [rows:0  ] SELECT `user_id`,`role_id` FROM `sys_user_role` 
2022-01-07 18:01:28.359 [DEBU] {6040be87bef4c716d6e1840f79f0f637} [  1 ms] [default] [rows:0  ] SELECT `user_name` FROM `sys_user` WHERE ((`password`='admin') AND (nick_name='admin' or user_name='admin')) AND `deleted_at` IS NULL LIMIT 1 
2022-01-07 18:01:28.361 [DEBU] {6040be87bef4c716d6e1840f79f0f637} [  1 ms] [default] [rows:0  ] DELETE FROM `sys_user_online` WHERE `user_name`='admin' 
2022-01-07 18:01:28.362 [DEBU] {6040be87bef4c716d6e1840f79f0f637} [  1 ms] [default] [rows:0  ] INSERT INTO `sys_user_online`(`created_at`,`explorer`,`os`,`token`,`ip`,`user_id`,`user_name`) VALUES('2022-01-07 18:01:28','Chrome','Windows 7','46kkum0cgzcss4cta401003ay0k5vp0z','127.0.0.1',0,'admin')  
2022-01-07 18:01:30.524 [DEBU] {e854dc08bff4c716d7e1840fb4d7c4e4} [  0 ms] [default] [rows:0  ] SELECT `id`,`token`,`user_id`,`user_name`,`ip`,`explorer`,`os`,`created_at` FROM `sys_user_online` 
2022-01-07 18:01:30.526 [DEBU] {e854dc08bff4c716d7e1840fb4d7c4e4} [  1 ms] [default] [rows:0  ] SELECT `user_id`,`user_name`,`nick_name`,`mobile`,`avatar`,`status`,`role_ids`,`shop_ids`,`dept_id`,`remark`,`created_at`,`updated_at` FROM `sys_user` WHERE (`user_id`=0) AND `deleted_at` IS NULL LIMIT 1 
2022-01-07 18:01:30.527 [DEBU] {e854dc08bff4c716d7e1840fb4d7c4e4} [  1 ms] [default] [rows:0  ] SELECT `user_id`,`role_id` FROM `sys_user_role` 
2022-01-07 18:03:08.931 [DEBU] {281e1ef2d5f4c7166ff86815d6b77cdb} [  3 ms] [default] [rows:0  ] SHOW FULL COLUMNS FROM `sys_user` 
2022-01-07 18:03:08.933 [DEBU] {281e1ef2d5f4c7166ff86815d6b77cdb} [  1 ms] [default] [rows:0  ] SELECT `user_id`,`user_name` FROM `sys_user` WHERE ((`password`='admin') AND (nick_name='admin' or user_name='admin')) AND `deleted_at` IS NULL LIMIT 1 
2022-01-07 18:03:08.935 [DEBU] {281e1ef2d5f4c7166ff86815d6b77cdb} [  0 ms] [default] [rows:0  ] SHOW FULL COLUMNS FROM `sys_user_online` 
2022-01-07 18:03:08.936 [DEBU] {281e1ef2d5f4c7166ff86815d6b77cdb} [  1 ms] [default] [rows:0  ] DELETE FROM `sys_user_online` WHERE `user_name`='admin' 
2022-01-07 18:03:08.937 [DEBU] {281e1ef2d5f4c7166ff86815d6b77cdb} [  1 ms] [default] [rows:0  ] INSERT INTO `sys_user_online`(`user_name`,`user_id`,`created_at`,`ip`,`explorer`,`os`,`token`) VALUES('admin',3,'2022-01-07 18:03:08','127.0.0.1','Chrome','Windows 7','46kkum0cgzcu2bn8ewk1004euypfa6u4')  
2022-01-07 18:03:14.203 [DEBU] {20548c2cd7f4c71670f8681571ce1b36} [  0 ms] [default] [rows:0  ] SELECT `id`,`token`,`user_id`,`user_name`,`ip`,`explorer`,`os`,`created_at` FROM `sys_user_online` 
2022-01-07 18:03:14.204 [DEBU] {20548c2cd7f4c71670f8681571ce1b36} [  1 ms] [default] [rows:0  ] SELECT `user_id`,`user_name`,`nick_name`,`mobile`,`avatar`,`status`,`role_ids`,`shop_ids`,`dept_id`,`remark`,`created_at`,`updated_at` FROM `sys_user` WHERE (`user_id`=3) AND `deleted_at` IS NULL LIMIT 1 
2022-01-07 18:03:14.207 [DEBU] {20548c2cd7f4c71670f8681571ce1b36} [  2 ms] [default] [rows:0  ] SHOW FULL COLUMNS FROM `sys_user_role` 
2022-01-07 18:03:14.208 [DEBU] {20548c2cd7f4c71670f8681571ce1b36} [  1 ms] [default] [rows:0  ] SELECT `user_id`,`role_id` FROM `sys_user_role` 
2022-01-07 18:04:29.012 [DEBU] {dc556b97e8f4c716f26dca73c8b0f28c} [  2 ms] [default] [rows:0  ] SHOW FULL COLUMNS FROM `sys_user_online` 
2022-01-07 18:04:29.014 [DEBU] {dc556b97e8f4c716f26dca73c8b0f28c} [  0 ms] [default] [rows:0  ] SELECT `id`,`token`,`user_id`,`user_name`,`ip`,`explorer`,`os`,`created_at` FROM `sys_user_online` 
2022-01-07 18:04:29.018 [DEBU] {dc556b97e8f4c716f26dca73c8b0f28c} [  2 ms] [default] [rows:0  ] SHOW FULL COLUMNS FROM `sys_user` 
2022-01-07 18:04:29.020 [DEBU] {dc556b97e8f4c716f26dca73c8b0f28c} [  1 ms] [default] [rows:0  ] SELECT `user_id`,`user_name`,`nick_name`,`mobile`,`avatar`,`status`,`role_ids`,`shop_ids`,`dept_id`,`remark`,`created_at`,`updated_at` FROM `sys_user` WHERE (`user_id`=3) AND `deleted_at` IS NULL LIMIT 1 
2022-01-07 18:04:29.023 [DEBU] {dc556b97e8f4c716f26dca73c8b0f28c} [  1 ms] [default] [rows:0  ] SHOW FULL COLUMNS FROM `sys_user_role` 
2022-01-07 18:04:29.024 [DEBU] {dc556b97e8f4c716f26dca73c8b0f28c} [  0 ms] [default] [rows:0  ] SELECT `user_id`,`role_id` FROM `sys_user_role` 
2022-01-07 18:05:44.237 [DEBU] {ac17301bfaf4c7164660a160079b64c0} [  3 ms] [default] [rows:0  ] SHOW FULL COLUMNS FROM `sys_user_online` 
2022-01-07 18:05:44.239 [DEBU] {ac17301bfaf4c7164660a160079b64c0} [  1 ms] [default] [rows:0  ] SELECT `id`,`token`,`user_id`,`user_name`,`ip`,`explorer`,`os`,`created_at` FROM `sys_user_online` 
2022-01-07 18:05:44.240 [DEBU] {ac17301bfaf4c7164660a160079b64c0} [  1 ms] [default] [rows:0  ] SHOW FULL COLUMNS FROM `sys_user` 
2022-01-07 18:05:44.241 [DEBU] {ac17301bfaf4c7164660a160079b64c0} [  1 ms] [default] [rows:0  ] SELECT `user_id`,`user_name`,`nick_name`,`mobile`,`avatar`,`status`,`role_ids`,`shop_ids`,`dept_id`,`remark`,`created_at`,`updated_at` FROM `sys_user` WHERE (`user_id`=3) AND `deleted_at` IS NULL LIMIT 1 
2022-01-07 18:05:44.245 [DEBU] {ac17301bfaf4c7164660a160079b64c0} [  1 ms] [default] [rows:0  ] SHOW FULL COLUMNS FROM `sys_user_role` 
2022-01-07 18:05:44.246 [DEBU] {ac17301bfaf4c7164660a160079b64c0} [  1 ms] [default] [rows:0  ] SELECT `user_id`,`role_id` FROM `sys_user_role` 
2022-01-07 18:07:02.043 [DEBU] {746cd4380cf5c7166280b8710b123652} [  1 ms] [default] [rows:0  ] SHOW FULL COLUMNS FROM `sys_user_online` 
2022-01-07 18:07:02.045 [DEBU] {746cd4380cf5c7166280b8710b123652} [  1 ms] [default] [rows:0  ] SELECT `id`,`token`,`user_id`,`user_name`,`ip`,`explorer`,`os`,`created_at` FROM `sys_user_online` 
2022-01-07 18:07:02.046 [DEBU] {746cd4380cf5c7166280b8710b123652} [  1 ms] [default] [rows:0  ] SHOW FULL COLUMNS FROM `sys_user` 
2022-01-07 18:07:02.048 [DEBU] {746cd4380cf5c7166280b8710b123652} [  1 ms] [default] [rows:0  ] SELECT `user_id`,`user_name`,`nick_name`,`mobile`,`avatar`,`status`,`role_ids`,`shop_ids`,`dept_id`,`remark`,`created_at`,`updated_at` FROM `sys_user` WHERE (`user_id`=3) AND `deleted_at` IS NULL LIMIT 1 
2022-01-07 18:07:02.051 [DEBU] {746cd4380cf5c7166280b8710b123652} [  1 ms] [default] [rows:0  ] SHOW FULL COLUMNS FROM `sys_user_role` 
2022-01-07 18:07:02.052 [DEBU] {746cd4380cf5c7166280b8710b123652} [  0 ms] [default] [rows:0  ] SELECT `user_id`,`role_id` FROM `sys_user_role` 
2022-01-07 18:07:55.109 [DEBU] {ccffbd9318f5c716a33a1500b9d7e3eb} [  3 ms] [default] [rows:0  ] SHOW FULL COLUMNS FROM `sys_user_online` 
2022-01-07 18:07:55.112 [DEBU] {ccffbd9318f5c716a33a1500b9d7e3eb} [  0 ms] [default] [rows:0  ] SELECT `id`,`token`,`user_id`,`user_name`,`ip`,`explorer`,`os`,`created_at` FROM `sys_user_online` 
2022-01-07 18:07:55.114 [DEBU] {ccffbd9318f5c716a33a1500b9d7e3eb} [  1 ms] [default] [rows:0  ] SHOW FULL COLUMNS FROM `sys_user` 
2022-01-07 18:07:55.115 [DEBU] {ccffbd9318f5c716a33a1500b9d7e3eb} [  1 ms] [default] [rows:0  ] SELECT `user_id`,`user_name`,`nick_name`,`mobile`,`avatar`,`status`,`role_ids`,`shop_ids`,`dept_id`,`remark`,`created_at`,`updated_at` FROM `sys_user` WHERE (`user_id`=3) AND `deleted_at` IS NULL LIMIT 1 
2022-01-07 18:07:55.118 [DEBU] {ccffbd9318f5c716a33a1500b9d7e3eb} [  0 ms] [default] [rows:0  ] SHOW FULL COLUMNS FROM `sys_user_role` 
2022-01-07 18:07:55.119 [DEBU] {ccffbd9318f5c716a33a1500b9d7e3eb} [  1 ms] [default] [rows:0  ] SELECT `user_id`,`role_id` FROM `sys_user_role` WHERE `user_id`=2 
