2022-01-03 10:31:26.783 [DEBU] {ac5dfa76dda1c616abc03a3d9a93002d} [  3 ms] [default] [rows:0  ] SHOW FULL COLUMNS FROM `sys_user` 
2022-01-03 10:31:26.786 [DEBU] {ac5dfa76dda1c616abc03a3d9a93002d} [  2 ms] [default] [rows:0  ] SELECT `user_id`,`user_name`,`nick_name`,`password`,`mobile`,`avatar`,`status`,`shop_ids`,`dept_id`,`remark`,`created_at`,`updated_at`,`deleted_at` FROM `sys_user` WHERE ((`nick_name`='Rpyi)Bas') AND (`password`='jl2HJqO7y')) AND `deleted_at` IS NULL 
2022-01-03 10:31:33.251 [DEBU] {cc98b7f8dea1c616acc03a3df2dcb197} [  0 ms] [default] [rows:0  ] SELECT `user_id`,`user_name`,`nick_name`,`password`,`mobile`,`avatar`,`status`,`shop_ids`,`dept_id`,`remark`,`created_at`,`updated_at`,`deleted_at` FROM `sys_user` WHERE ((`user_name`='99s9r!tr6D' AND `nick_name`='o(AhTkoNA') AND (`password`='UghD0PiUq')) AND `deleted_at` IS NULL 
2022-01-03 10:35:58.865 [DEBU] {d8686bd01ca2c61606fce61e2bb8d5c9} [  2 ms] [default] [rows:0  ] SHOW FULL COLUMNS FROM `sys_user` 
2022-01-03 10:35:58.868 [DEBU] {d8686bd01ca2c61606fce61e2bb8d5c9} [  1 ms] [default] [rows:0  ] SELECT `user_id`,`user_name`,`nick_name`,`password`,`mobile`,`avatar`,`status`,`shop_ids`,`dept_id`,`remark`,`created_at`,`updated_at`,`deleted_at` FROM `sys_user` WHERE ((`user_name`='36bS44pN' AND `nick_name`='@R[jPXpVo') AND (`password`='kRoUFbzCc')) AND `deleted_at` IS NULL 
2022-01-03 10:37:03.667 [DEBU] {34d6c7e62ba2c616b27d260dc786c087} [  4 ms] [default] [rows:0  ] SHOW FULL COLUMNS FROM `sys_user` 
2022-01-03 10:37:03.671 [DEBU] {34d6c7e62ba2c616b27d260dc786c087} [  2 ms] [default] [rows:0  ] SELECT `user_id`,`user_name`,`nick_name`,`password`,`mobile`,`avatar`,`status`,`shop_ids`,`dept_id`,`remark`,`created_at`,`updated_at`,`deleted_at` FROM `sys_user` WHERE ((`user_name`='yuxiao' AND `nick_name`='yuxiao') AND (`password`='yx1688')) AND `deleted_at` IS NULL 
2022-01-03 10:37:46.850 [DEBU] {ccb3d0f435a2c6166c5fe05201eed80b} [  2 ms] [default] [rows:0  ] SHOW FULL COLUMNS FROM `sys_user` 
2022-01-03 10:37:46.853 [DEBU] {ccb3d0f435a2c6166c5fe05201eed80b} [  1 ms] [default] [rows:0  ] SELECT `user_id`,`user_name`,`nick_name`,`password`,`mobile`,`avatar`,`status`,`shop_ids`,`dept_id`,`remark`,`created_at`,`updated_at`,`deleted_at` FROM `sys_user` WHERE ((`nick_name`='yuxiao' AND `user_name`='yuxiao') AND (`password`='yx1688')) AND `deleted_at` IS NULL 
2022-01-03 10:40:14.250 [DEBU] {f043764658a2c616a3b0e80b0ceaef9e} [  3 ms] [default] [rows:0  ] SHOW FULL COLUMNS FROM `sys_user` 
2022-01-03 10:40:14.252 [DEBU] {f043764658a2c616a3b0e80b0ceaef9e} [  1 ms] [default] [rows:0  ] SELECT `user_id`,`user_name`,`nick_name`,`password`,`mobile`,`avatar`,`status`,`shop_ids`,`dept_id`,`remark`,`created_at`,`updated_at`,`deleted_at` FROM `sys_user` WHERE ((`password`='yx1688') OR (`user_name`='yuxiao') OR (`nick_name`='于萧')) AND `deleted_at` IS NULL 
2022-01-03 10:40:25.687 [DEBU] {c08364f05aa2c616a4b0e80be6f98c78} [  0 ms] [default] [rows:0  ] SELECT `user_id`,`user_name`,`nick_name`,`password`,`mobile`,`avatar`,`status`,`shop_ids`,`dept_id`,`remark`,`created_at`,`updated_at`,`deleted_at` FROM `sys_user` WHERE ((`password`='yx1688') OR (`user_name`='yuxiao') OR (`nick_name`='')) AND `deleted_at` IS NULL 
2022-01-03 10:40:31.885 [DEBU] {28cfc5615ca2c616a5b0e80b1a16577c} [  1 ms] [default] [rows:0  ] SELECT `user_id`,`user_name`,`nick_name`,`password`,`mobile`,`avatar`,`status`,`shop_ids`,`dept_id`,`remark`,`created_at`,`updated_at`,`deleted_at` FROM `sys_user` WHERE ((`password`='yx1688') OR (`user_name`='') OR (`nick_name`='于萧')) AND `deleted_at` IS NULL 
2022-01-03 10:40:41.632 [DEBU] {54e6c7a65ea2c616a7b0e80b0afa5198} [  0 ms] [default] [rows:0  ] SELECT `user_id`,`user_name`,`nick_name`,`password`,`mobile`,`avatar`,`status`,`shop_ids`,`dept_id`,`remark`,`created_at`,`updated_at`,`deleted_at` FROM `sys_user` WHERE ((`password`='yx1688') OR (`user_name`='yuxiao') OR (`nick_name`='于萧')) AND `deleted_at` IS NULL 
2022-01-03 10:40:58.011 [DEBU] {c0e5d37662a2c616a9b0e80b17ff1e8f} [  2 ms] [default] [rows:0  ] SELECT `user_id`,`user_name`,`nick_name`,`password`,`mobile`,`avatar`,`status`,`shop_ids`,`dept_id`,`remark`,`created_at`,`updated_at`,`deleted_at` FROM `sys_user` WHERE ((`password`='yx1688') OR (`user_name`='ewq') OR (`nick_name`='')) AND `deleted_at` IS NULL 
2022-01-03 10:58:18.189 [DEBU] {703e30a654a3c6163246671bf577f836} [  4 ms] [default] [rows:0  ] SHOW FULL COLUMNS FROM `sys_user` 
2022-01-03 10:58:18.193 [DEBU] {703e30a654a3c6163246671bf577f836} [  1 ms] [default] [rows:0  ] SELECT `user_id`,`user_name`,`nick_name`,`password`,`mobile`,`avatar`,`status`,`shop_ids`,`dept_id`,`remark`,`created_at`,`updated_at`,`deleted_at` FROM `sys_user` WHERE ((`password`='yx1688') AND (nick_name='' or user_name='ewq')) AND `deleted_at` IS NULL 
2022-01-03 10:58:26.178 [DEBU] {e8479e8256a3c6163346671b3253594b} [  1 ms] [default] [rows:0  ] SELECT `user_id`,`user_name`,`nick_name`,`password`,`mobile`,`avatar`,`status`,`shop_ids`,`dept_id`,`remark`,`created_at`,`updated_at`,`deleted_at` FROM `sys_user` WHERE ((`password`='yx1688') AND (nick_name='' or user_name='yuxiao')) AND `deleted_at` IS NULL 
2022-01-03 10:58:39.268 [DEBU] {a01be58e59a3c6163546671bf3354537} [  1 ms] [default] [rows:0  ] SELECT `user_id`,`user_name`,`nick_name`,`password`,`mobile`,`avatar`,`status`,`shop_ids`,`dept_id`,`remark`,`created_at`,`updated_at`,`deleted_at` FROM `sys_user` WHERE ((`password`='yx1688') AND (nick_name='于萧' or user_name='')) AND `deleted_at` IS NULL 
2022-01-03 10:58:44.405 [DEBU] {e01b0dc15aa3c6163646671b4b95a57a} [  0 ms] [default] [rows:0  ] SELECT `user_id`,`user_name`,`nick_name`,`password`,`mobile`,`avatar`,`status`,`shop_ids`,`dept_id`,`remark`,`created_at`,`updated_at`,`deleted_at` FROM `sys_user` WHERE ((`password`='yx1688') AND (nick_name='123' or user_name='')) AND `deleted_at` IS NULL 
2022-01-03 10:58:48.161 [DEBU] {ac78e5a05ba3c6163746671b83c63577} [  1 ms] [default] [rows:0  ] SELECT `user_id`,`user_name`,`nick_name`,`password`,`mobile`,`avatar`,`status`,`shop_ids`,`dept_id`,`remark`,`created_at`,`updated_at`,`deleted_at` FROM `sys_user` WHERE ((`password`='yx1688') AND (nick_name='123' or user_name='123')) AND `deleted_at` IS NULL 
2022-01-03 10:58:51.720 [DEBU] {489af3745ca3c6163846671b0fd18386} [  3 ms] [default] [rows:0  ] SELECT `user_id`,`user_name`,`nick_name`,`password`,`mobile`,`avatar`,`status`,`shop_ids`,`dept_id`,`remark`,`created_at`,`updated_at`,`deleted_at` FROM `sys_user` WHERE ((`password`='yx1688') AND (nick_name='' or user_name='123')) AND `deleted_at` IS NULL 
2022-01-03 10:59:24.141 [DEBU] {549b6b0164a3c6163946671b52664bbf} [  2 ms] [default] [rows:0  ] SELECT `user_id`,`user_name`,`nick_name`,`password`,`mobile`,`avatar`,`status`,`shop_ids`,`dept_id`,`remark`,`created_at`,`updated_at`,`deleted_at` FROM `sys_user` WHERE ((`password`='yx1688') AND (nick_name='于萧' or user_name='%UT0yo0w')) AND `deleted_at` IS NULL 
2022-01-03 11:03:13.485 [DEBU] {b488326799a3c6167f7366171308403f} [  5 ms] [default] [rows:0  ] SHOW FULL COLUMNS FROM `sys_user` 
2022-01-03 11:03:13.487 [DEBU] {b488326799a3c6167f7366171308403f} [  0 ms] [default] [rows:0  ] SELECT `user_id`,`user_name`,`nick_name`,`password`,`mobile`,`avatar`,`status`,`shop_ids`,`dept_id`,`remark`,`created_at`,`updated_at`,`deleted_at` FROM `sys_user` WHERE ((`password`='yx1688') AND (nick_name='于萧' or user_name='%UT0yo0w')) AND `deleted_at` IS NULL LIMIT 1 
2022-01-03 11:03:13.490 [DEBU] {b488326799a3c6167f7366171308403f} [  1 ms] [default] [rows:0  ] SHOW FULL COLUMNS FROM `sys_user_online` 
2022-01-03 11:03:13.493 [DEBU] {b488326799a3c6167f7366171308403f} [  2 ms] [default] [rows:0  ] DELETE FROM `sys_user_online` WHERE `user_name`='yuxiao' 
2022-01-03 11:03:13.494 [ERRO] {b488326799a3c6167f7366171308403f} [  0 ms] [default] [rows:0  ] REPLACE INTO `sys_user_online`(`user_name`,`ip`,`explorer`,`created_at`,`os`,`token`) VALUES('yuxiao',0x119ca60,'Edge','2022-01-03 11:03:13','win11','bu2yg40cgvped90cgkw100ymcr4dnzbi') 
Error: sql: converting argument $2 type: unsupported type func(*ghttp.Request) string, a func 
Stack:
1.  github.com/gogf/gf/v2/database/gdb.(*Core).writeSqlToLogger
    C:/Users/54992/go/pkg/mod/github.com/gogf/gf/v2@v2.0.0-rc/database/gdb/gdb_core.go:661
2.  github.com/gogf/gf/v2/database/gdb.(*Core).DoCommit
    C:/Users/54992/go/pkg/mod/github.com/gogf/gf/v2@v2.0.0-rc/database/gdb/gdb_core_underlying.go:193
3.  github.com/gogf/gf/v2/database/gdb.(*Core).DoExec
    C:/Users/54992/go/pkg/mod/github.com/gogf/gf/v2@v2.0.0-rc/database/gdb/gdb_core_underlying.go:114
4.  github.com/gogf/gf/v2/database/gdb.(*Core).DoInsert
    C:/Users/54992/go/pkg/mod/github.com/gogf/gf/v2@v2.0.0-rc/database/gdb/gdb_core.go:441
5.  github.com/gogf/gf/v2/database/gdb.(*Model).doInsertWithOption
    C:/Users/54992/go/pkg/mod/github.com/gogf/gf/v2@v2.0.0-rc/database/gdb/gdb_model_insert.go:313
6.  github.com/gogf/gf/v2/database/gdb.(*Model).Replace
    C:/Users/54992/go/pkg/mod/github.com/gogf/gf/v2@v2.0.0-rc/database/gdb/gdb_model_insert.go:202
7.  gf-RuoYi/internal/service.(*sysUserOnline).Create
    D:/Project/gf-ruoyi/internal/service/sys_user_online.go:52
8.  gf-RuoYi/internal/handler.(*handlerUser).Login
    D:/Project/gf-ruoyi/internal/handler/sys_user.go:32
9.  github.com/gogf/gf/v2/net/ghttp.(*middleware).callHandlerFunc.func1
    C:/Users/54992/go/pkg/mod/github.com/gogf/gf/v2@v2.0.0-rc/net/ghttp/ghttp_request_middleware.go:153
10. github.com/gogf/gf/v2/net/ghttp.niceCallFunc
    C:/Users/54992/go/pkg/mod/github.com/gogf/gf/v2@v2.0.0-rc/net/ghttp/ghttp_func.go:52
11. github.com/gogf/gf/v2/net/ghttp.(*middleware).callHandlerFunc
    C:/Users/54992/go/pkg/mod/github.com/gogf/gf/v2@v2.0.0-rc/net/ghttp/ghttp_request_middleware.go:128
12. github.com/gogf/gf/v2/net/ghttp.(*middleware).Next.func1
    C:/Users/54992/go/pkg/mod/github.com/gogf/gf/v2@v2.0.0-rc/net/ghttp/ghttp_request_middleware.go:74
13. github.com/gogf/gf/v2/util/gutil.TryCatch
    C:/Users/54992/go/pkg/mod/github.com/gogf/gf/v2@v2.0.0-rc/util/gutil/gutil.go:55
14. github.com/gogf/gf/v2/net/ghttp.(*middleware).Next
    C:/Users/54992/go/pkg/mod/github.com/gogf/gf/v2@v2.0.0-rc/net/ghttp/ghttp_request_middleware.go:48
15. gf-RuoYi/internal/service.(*serviceMiddleware).ResponseHandler
    D:/Project/gf-ruoyi/internal/service/middleware.go:63
16. github.com/gogf/gf/v2/net/ghttp.(*middleware).Next.func1.1
    C:/Users/54992/go/pkg/mod/github.com/gogf/gf/v2@v2.0.0-rc/net/ghttp/ghttp_request_middleware.go:54
17. github.com/gogf/gf/v2/net/ghttp.niceCallFunc
    C:/Users/54992/go/pkg/mod/github.com/gogf/gf/v2@v2.0.0-rc/net/ghttp/ghttp_func.go:52
18. github.com/gogf/gf/v2/net/ghttp.(*middleware).Next.func1
    C:/Users/54992/go/pkg/mod/github.com/gogf/gf/v2@v2.0.0-rc/net/ghttp/ghttp_request_middleware.go:53
19. github.com/gogf/gf/v2/util/gutil.TryCatch
    C:/Users/54992/go/pkg/mod/github.com/gogf/gf/v2@v2.0.0-rc/util/gutil/gutil.go:55
20. github.com/gogf/gf/v2/net/ghttp.(*middleware).Next
    C:/Users/54992/go/pkg/mod/github.com/gogf/gf/v2@v2.0.0-rc/net/ghttp/ghttp_request_middleware.go:48
21. gf-RuoYi/internal/service.(*serviceMiddleware).Ctx
    D:/Project/gf-ruoyi/internal/service/middleware.go:33
22. github.com/gogf/gf/v2/net/ghttp.(*middleware).Next.func1.1
    C:/Users/54992/go/pkg/mod/github.com/gogf/gf/v2@v2.0.0-rc/net/ghttp/ghttp_request_middleware.go:54
23. github.com/gogf/gf/v2/net/ghttp.niceCallFunc
    C:/Users/54992/go/pkg/mod/github.com/gogf/gf/v2@v2.0.0-rc/net/ghttp/ghttp_func.go:52
24. github.com/gogf/gf/v2/net/ghttp.(*middleware).Next.func1
    C:/Users/54992/go/pkg/mod/github.com/gogf/gf/v2@v2.0.0-rc/net/ghttp/ghttp_request_middleware.go:53
25. github.com/gogf/gf/v2/util/gutil.TryCatch
    C:/Users/54992/go/pkg/mod/github.com/gogf/gf/v2@v2.0.0-rc/util/gutil/gutil.go:55
26. github.com/gogf/gf/v2/net/ghttp.(*middleware).Next
    C:/Users/54992/go/pkg/mod/github.com/gogf/gf/v2@v2.0.0-rc/net/ghttp/ghttp_request_middleware.go:48
27. github.com/gogf/gf/v2/net/ghttp.internalMiddlewareServerTracing
    C:/Users/54992/go/pkg/mod/github.com/gogf/gf/v2@v2.0.0-rc/net/ghttp/ghttp_middleware_tracing.go:78
28. github.com/gogf/gf/v2/net/ghttp.(*middleware).Next.func1.5
    C:/Users/54992/go/pkg/mod/github.com/gogf/gf/v2@v2.0.0-rc/net/ghttp/ghttp_request_middleware.go:95
29. github.com/gogf/gf/v2/net/ghttp.niceCallFunc
    C:/Users/54992/go/pkg/mod/github.com/gogf/gf/v2@v2.0.0-rc/net/ghttp/ghttp_func.go:52
30. github.com/gogf/gf/v2/net/ghttp.(*middleware).Next.func1
    C:/Users/54992/go/pkg/mod/github.com/gogf/gf/v2@v2.0.0-rc/net/ghttp/ghttp_request_middleware.go:94
31. github.com/gogf/gf/v2/util/gutil.TryCatch
    C:/Users/54992/go/pkg/mod/github.com/gogf/gf/v2@v2.0.0-rc/util/gutil/gutil.go:55
32. github.com/gogf/gf/v2/net/ghttp.(*middleware).Next
    C:/Users/54992/go/pkg/mod/github.com/gogf/gf/v2@v2.0.0-rc/net/ghttp/ghttp_request_middleware.go:48
33. github.com/gogf/gf/v2/net/ghttp.(*Server).ServeHTTP
    C:/Users/54992/go/pkg/mod/github.com/gogf/gf/v2@v2.0.0-rc/net/ghttp/ghttp_server_handler.go:121
 
2022-01-03 11:06:22.739 [DEBU] {d437b877c5a3c616ded0bd5047116362} [  3 ms] [default] [rows:0  ] SHOW FULL COLUMNS FROM `sys_user` 
2022-01-03 11:06:22.740 [DEBU] {d437b877c5a3c616ded0bd5047116362} [  0 ms] [default] [rows:0  ] SELECT `user_id`,`user_name`,`nick_name`,`password`,`mobile`,`avatar`,`status`,`shop_ids`,`dept_id`,`remark`,`created_at`,`updated_at`,`deleted_at` FROM `sys_user` WHERE ((`password`='yx1688') AND (nick_name='于萧' or user_name='%UT0yo0w')) AND `deleted_at` IS NULL LIMIT 1 
2022-01-03 11:06:22.744 [DEBU] {d437b877c5a3c616ded0bd5047116362} [  1 ms] [default] [rows:0  ] SHOW FULL COLUMNS FROM `sys_user_online` 
2022-01-03 11:06:22.745 [DEBU] {d437b877c5a3c616ded0bd5047116362} [  1 ms] [default] [rows:0  ] DELETE FROM `sys_user_online` WHERE `user_name`='yuxiao' 
2022-01-03 11:06:22.746 [ERRO] {d437b877c5a3c616ded0bd5047116362} [  0 ms] [default] [rows:0  ] INSERT INTO `sys_user_online`(`explorer`,`os`,`token`,`user_name`,`ip`,`created_at`) VALUES('Edge','win11','bu2yg40cgvpgs6vrbrk100sjqsn4yjns','yuxiao',0xc8ca60,'2022-01-03 11:06:22') 
Error: sql: converting argument $5 type: unsupported type func(*ghttp.Request) string, a func 
Stack:
1.  github.com/gogf/gf/v2/database/gdb.(*Core).writeSqlToLogger
    C:/Users/54992/go/pkg/mod/github.com/gogf/gf/v2@v2.0.0-rc/database/gdb/gdb_core.go:661
2.  github.com/gogf/gf/v2/database/gdb.(*Core).DoCommit
    C:/Users/54992/go/pkg/mod/github.com/gogf/gf/v2@v2.0.0-rc/database/gdb/gdb_core_underlying.go:193
3.  github.com/gogf/gf/v2/database/gdb.(*Core).DoExec
    C:/Users/54992/go/pkg/mod/github.com/gogf/gf/v2@v2.0.0-rc/database/gdb/gdb_core_underlying.go:114
4.  github.com/gogf/gf/v2/database/gdb.(*Core).DoInsert
    C:/Users/54992/go/pkg/mod/github.com/gogf/gf/v2@v2.0.0-rc/database/gdb/gdb_core.go:441
5.  github.com/gogf/gf/v2/database/gdb.(*Model).doInsertWithOption
    C:/Users/54992/go/pkg/mod/github.com/gogf/gf/v2@v2.0.0-rc/database/gdb/gdb_model_insert.go:313
6.  github.com/gogf/gf/v2/database/gdb.(*Model).Insert
    C:/Users/54992/go/pkg/mod/github.com/gogf/gf/v2@v2.0.0-rc/database/gdb/gdb_model_insert.go:170
7.  gf-RuoYi/internal/service.(*sysUserOnline).Create
    D:/Project/gf-ruoyi/internal/service/sys_user_online.go:52
8.  gf-RuoYi/internal/handler.(*handlerUser).Login
    D:/Project/gf-ruoyi/internal/handler/sys_user.go:32
9.  github.com/gogf/gf/v2/net/ghttp.(*middleware).callHandlerFunc.func1
    C:/Users/54992/go/pkg/mod/github.com/gogf/gf/v2@v2.0.0-rc/net/ghttp/ghttp_request_middleware.go:153
10. github.com/gogf/gf/v2/net/ghttp.niceCallFunc
    C:/Users/54992/go/pkg/mod/github.com/gogf/gf/v2@v2.0.0-rc/net/ghttp/ghttp_func.go:52
11. github.com/gogf/gf/v2/net/ghttp.(*middleware).callHandlerFunc
    C:/Users/54992/go/pkg/mod/github.com/gogf/gf/v2@v2.0.0-rc/net/ghttp/ghttp_request_middleware.go:128
12. github.com/gogf/gf/v2/net/ghttp.(*middleware).Next.func1
    C:/Users/54992/go/pkg/mod/github.com/gogf/gf/v2@v2.0.0-rc/net/ghttp/ghttp_request_middleware.go:74
13. github.com/gogf/gf/v2/util/gutil.TryCatch
    C:/Users/54992/go/pkg/mod/github.com/gogf/gf/v2@v2.0.0-rc/util/gutil/gutil.go:55
14. github.com/gogf/gf/v2/net/ghttp.(*middleware).Next
    C:/Users/54992/go/pkg/mod/github.com/gogf/gf/v2@v2.0.0-rc/net/ghttp/ghttp_request_middleware.go:48
15. gf-RuoYi/internal/service.(*serviceMiddleware).ResponseHandler
    D:/Project/gf-ruoyi/internal/service/middleware.go:63
16. github.com/gogf/gf/v2/net/ghttp.(*middleware).Next.func1.1
    C:/Users/54992/go/pkg/mod/github.com/gogf/gf/v2@v2.0.0-rc/net/ghttp/ghttp_request_middleware.go:54
17. github.com/gogf/gf/v2/net/ghttp.niceCallFunc
    C:/Users/54992/go/pkg/mod/github.com/gogf/gf/v2@v2.0.0-rc/net/ghttp/ghttp_func.go:52
18. github.com/gogf/gf/v2/net/ghttp.(*middleware).Next.func1
    C:/Users/54992/go/pkg/mod/github.com/gogf/gf/v2@v2.0.0-rc/net/ghttp/ghttp_request_middleware.go:53
19. github.com/gogf/gf/v2/util/gutil.TryCatch
    C:/Users/54992/go/pkg/mod/github.com/gogf/gf/v2@v2.0.0-rc/util/gutil/gutil.go:55
20. github.com/gogf/gf/v2/net/ghttp.(*middleware).Next
    C:/Users/54992/go/pkg/mod/github.com/gogf/gf/v2@v2.0.0-rc/net/ghttp/ghttp_request_middleware.go:48
21. gf-RuoYi/internal/service.(*serviceMiddleware).Ctx
    D:/Project/gf-ruoyi/internal/service/middleware.go:33
22. github.com/gogf/gf/v2/net/ghttp.(*middleware).Next.func1.1
    C:/Users/54992/go/pkg/mod/github.com/gogf/gf/v2@v2.0.0-rc/net/ghttp/ghttp_request_middleware.go:54
23. github.com/gogf/gf/v2/net/ghttp.niceCallFunc
    C:/Users/54992/go/pkg/mod/github.com/gogf/gf/v2@v2.0.0-rc/net/ghttp/ghttp_func.go:52
24. github.com/gogf/gf/v2/net/ghttp.(*middleware).Next.func1
    C:/Users/54992/go/pkg/mod/github.com/gogf/gf/v2@v2.0.0-rc/net/ghttp/ghttp_request_middleware.go:53
25. github.com/gogf/gf/v2/util/gutil.TryCatch
    C:/Users/54992/go/pkg/mod/github.com/gogf/gf/v2@v2.0.0-rc/util/gutil/gutil.go:55
26. github.com/gogf/gf/v2/net/ghttp.(*middleware).Next
    C:/Users/54992/go/pkg/mod/github.com/gogf/gf/v2@v2.0.0-rc/net/ghttp/ghttp_request_middleware.go:48
27. github.com/gogf/gf/v2/net/ghttp.internalMiddlewareServerTracing
    C:/Users/54992/go/pkg/mod/github.com/gogf/gf/v2@v2.0.0-rc/net/ghttp/ghttp_middleware_tracing.go:78
28. github.com/gogf/gf/v2/net/ghttp.(*middleware).Next.func1.5
    C:/Users/54992/go/pkg/mod/github.com/gogf/gf/v2@v2.0.0-rc/net/ghttp/ghttp_request_middleware.go:95
29. github.com/gogf/gf/v2/net/ghttp.niceCallFunc
    C:/Users/54992/go/pkg/mod/github.com/gogf/gf/v2@v2.0.0-rc/net/ghttp/ghttp_func.go:52
30. github.com/gogf/gf/v2/net/ghttp.(*middleware).Next.func1
    C:/Users/54992/go/pkg/mod/github.com/gogf/gf/v2@v2.0.0-rc/net/ghttp/ghttp_request_middleware.go:94
31. github.com/gogf/gf/v2/util/gutil.TryCatch
    C:/Users/54992/go/pkg/mod/github.com/gogf/gf/v2@v2.0.0-rc/util/gutil/gutil.go:55
32. github.com/gogf/gf/v2/net/ghttp.(*middleware).Next
    C:/Users/54992/go/pkg/mod/github.com/gogf/gf/v2@v2.0.0-rc/net/ghttp/ghttp_request_middleware.go:48
33. github.com/gogf/gf/v2/net/ghttp.(*Server).ServeHTTP
    C:/Users/54992/go/pkg/mod/github.com/gogf/gf/v2@v2.0.0-rc/net/ghttp/ghttp_server_handler.go:121
 
2022-01-03 11:11:35.054 [DEBU] {b4ee202f0ea4c61614d24e1358e37f36} [  3 ms] [default] [rows:0  ] SHOW FULL COLUMNS FROM `sys_user` 
2022-01-03 11:11:35.056 [DEBU] {b4ee202f0ea4c61614d24e1358e37f36} [  1 ms] [default] [rows:0  ] SELECT `user_id`,`user_name`,`nick_name`,`password`,`mobile`,`avatar`,`status`,`shop_ids`,`dept_id`,`remark`,`created_at`,`updated_at`,`deleted_at` FROM `sys_user` WHERE ((`password`='yx1688') AND (nick_name='于萧' or user_name='%UT0yo0w')) AND `deleted_at` IS NULL LIMIT 1 
2022-01-03 11:11:35.058 [DEBU] {b4ee202f0ea4c61614d24e1358e37f36} [  1 ms] [default] [rows:0  ] SHOW FULL COLUMNS FROM `sys_user_online` 
2022-01-03 11:11:35.059 [DEBU] {b4ee202f0ea4c61614d24e1358e37f36} [  1 ms] [default] [rows:0  ] DELETE FROM `sys_user_online` WHERE `user_name`='yuxiao' 
2022-01-03 11:11:35.060 [DEBU] {b4ee202f0ea4c61614d24e1358e37f36} [  1 ms] [default] [rows:0  ] INSERT INTO `sys_user_online`(`explorer`,`os`,`created_at`,`token`,`user_name`,`ip`) VALUES('Edge','win11','2022-01-03 11:11:35','bu2yg40cgvpkrnzgnqg100frrnckcmc1','yuxiao','127.0.0.1')  
2022-01-03 11:11:53.121 [DEBU] {a8bb3a6412a4c61615d24e1377b7828f} [  0 ms] [default] [rows:0  ] SELECT `user_id`,`user_name`,`nick_name`,`password`,`mobile`,`avatar`,`status`,`shop_ids`,`dept_id`,`remark`,`created_at`,`updated_at`,`deleted_at` FROM `sys_user` WHERE ((`password`='yx1688') AND (nick_name='于萧' or user_name='%UT0yo0w')) AND `deleted_at` IS NULL LIMIT 1 
2022-01-03 11:11:53.123 [DEBU] {a8bb3a6412a4c61615d24e1377b7828f} [  0 ms] [default] [rows:0  ] DELETE FROM `sys_user_online` WHERE `user_name`='yuxiao' 
2022-01-03 11:11:53.124 [DEBU] {a8bb3a6412a4c61615d24e1377b7828f} [  0 ms] [default] [rows:0  ] INSERT INTO `sys_user_online`(`os`,`token`,`user_name`,`created_at`,`ip`,`explorer`) VALUES('win11','bu2yg40cgvpkzyqtn402001wi5qimsw8','yuxiao','2022-01-03 11:11:53','127.0.0.1','Edge')  
2022-01-03 11:12:55.307 [DEBU] {18c5bfde20a4c61616d24e13acc7cd0d} [  1 ms] [default] [rows:0  ] SELECT `user_id`,`user_name`,`nick_name`,`password`,`mobile`,`avatar`,`status`,`shop_ids`,`dept_id`,`remark`,`created_at`,`updated_at`,`deleted_at` FROM `sys_user` WHERE ((`password`='admin3') AND (nick_name='admin3' or user_name='%UT0yo0w')) AND `deleted_at` IS NULL LIMIT 1 
2022-01-03 11:13:01.752 [DEBU] {108df15e22a4c61617d24e13cdb18915} [  0 ms] [default] [rows:0  ] SELECT `user_id`,`user_name`,`nick_name`,`password`,`mobile`,`avatar`,`status`,`shop_ids`,`dept_id`,`remark`,`created_at`,`updated_at`,`deleted_at` FROM `sys_user` WHERE ((`password`='admin3') AND (nick_name='admin3' or user_name='admin3')) AND `deleted_at` IS NULL LIMIT 1 
2022-01-03 11:13:36.755 [DEBU] {ecfe33852aa4c61618d24e13585faa56} [  1 ms] [default] [rows:0  ] SELECT `user_id`,`user_name`,`nick_name`,`password`,`mobile`,`avatar`,`status`,`shop_ids`,`dept_id`,`remark`,`created_at`,`updated_at`,`deleted_at` FROM `sys_user` WHERE ((`password`='admin') AND (nick_name='admin' or user_name='admin3')) AND `deleted_at` IS NULL LIMIT 1 
2022-01-03 11:13:40.845 [DEBU] {b0920f792ba4c61619d24e13fbc2d4fc} [  1 ms] [default] [rows:0  ] SELECT `user_id`,`user_name`,`nick_name`,`password`,`mobile`,`avatar`,`status`,`shop_ids`,`dept_id`,`remark`,`created_at`,`updated_at`,`deleted_at` FROM `sys_user` WHERE ((`password`='admin') AND (nick_name='admin' or user_name='admin')) AND `deleted_at` IS NULL LIMIT 1 
2022-01-03 11:13:40.847 [DEBU] {b0920f792ba4c61619d24e13fbc2d4fc} [  1 ms] [default] [rows:0  ] DELETE FROM `sys_user_online` WHERE `user_name`='admin' 
2022-01-03 11:13:40.848 [DEBU] {b0920f792ba4c61619d24e13fbc2d4fc} [  1 ms] [default] [rows:0  ] INSERT INTO `sys_user_online`(`os`,`token`,`user_name`,`created_at`,`ip`,`explorer`) VALUES('win11','46kkum0cgvpmdgan7f0300ya2mwxatjj','admin','2022-01-03 11:13:40','127.0.0.1','Edge')  
2022-01-03 11:13:51.693 [DEBU] {c410aeff2da4c6161ad24e13d5d199c7} [  0 ms] [default] [rows:0  ] SELECT `user_id`,`user_name`,`nick_name`,`password`,`mobile`,`avatar`,`status`,`shop_ids`,`dept_id`,`remark`,`created_at`,`updated_at`,`deleted_at` FROM `sys_user` WHERE ((`password`='yx1688') AND (nick_name='于萧' or user_name='[NsfxeF&')) AND `deleted_at` IS NULL LIMIT 1 
2022-01-03 11:13:51.695 [DEBU] {c410aeff2da4c6161ad24e13d5d199c7} [  1 ms] [default] [rows:0  ] DELETE FROM `sys_user_online` WHERE `user_name`='yuxiao' 
2022-01-03 11:13:51.696 [DEBU] {c410aeff2da4c6161ad24e13d5d199c7} [  1 ms] [default] [rows:0  ] INSERT INTO `sys_user_online`(`ip`,`explorer`,`os`,`token`,`user_name`,`created_at`) VALUES('127.0.0.1','Edge','win11','bu2yg40cgvpmifpejks400o89vgekojs','yuxiao','2022-01-03 11:13:51')  
2022-01-03 11:14:30.490 [DEBU] {987f130837a4c6161bd24e13c068f35f} [  1 ms] [default] [rows:0  ] SELECT `user_id`,`user_name`,`nick_name`,`password`,`mobile`,`avatar`,`status`,`shop_ids`,`dept_id`,`remark`,`created_at`,`updated_at`,`deleted_at` FROM `sys_user` WHERE ((`password`='yx1688') AND (nick_name='于萧' or user_name='[NsfxeF&')) AND `deleted_at` IS NULL LIMIT 1 
2022-01-03 11:14:30.492 [DEBU] {987f130837a4c6161bd24e13c068f35f} [  1 ms] [default] [rows:0  ] DELETE FROM `sys_user_online` WHERE `user_name`='yuxiao' 
2022-01-03 11:14:30.493 [DEBU] {987f130837a4c6161bd24e13c068f35f} [  1 ms] [default] [rows:0  ] INSERT INTO `sys_user_online`(`token`,`user_name`,`ip`,`explorer`,`os`,`created_at`) VALUES('bu2yg40cgvpn09c3pjk5006u16mm9vxy','yuxiao','127.0.0.1','Edge','win11','2022-01-03 11:14:30')  
2022-01-03 11:14:55.255 [DEBU] {c0c724cc3ca4c6161cd24e13ea6fd1a9} [  1 ms] [default] [rows:0  ] SELECT `user_id`,`user_name`,`nick_name`,`password`,`mobile`,`avatar`,`status`,`shop_ids`,`dept_id`,`remark`,`created_at`,`updated_at`,`deleted_at` FROM `sys_user` WHERE ((`password`='yx1688') AND (nick_name='于萧' or user_name='[NsfxeF&')) AND `deleted_at` IS NULL LIMIT 1 
2022-01-03 11:14:55.260 [DEBU] {c0c724cc3ca4c6161cd24e13ea6fd1a9} [  1 ms] [default] [rows:0  ] DELETE FROM `sys_user_online` WHERE `user_name`='yuxiao' 
2022-01-03 11:14:55.262 [DEBU] {c0c724cc3ca4c6161cd24e13ea6fd1a9} [  1 ms] [default] [rows:0  ] INSERT INTO `sys_user_online`(`ip`,`explorer`,`os`,`created_at`,`token`,`user_name`) VALUES('127.0.0.1','Edge','win11','2022-01-03 11:14:55','bu2yg40cgvpnbmyoe9o600auqjp7feue','yuxiao')  
2022-01-03 11:47:09.559 [DEBU] {c4529229ffa5c616d983d828e8d24dff} [  2 ms] [default] [rows:0  ] SHOW FULL COLUMNS FROM `sys_user` 
2022-01-03 11:47:09.562 [DEBU] {c4529229ffa5c616d983d828e8d24dff} [  0 ms] [default] [rows:0  ] SELECT `user_id`,`user_name`,`nick_name`,`password`,`mobile`,`avatar`,`status`,`shop_ids`,`dept_id`,`remark`,`created_at`,`updated_at`,`deleted_at` FROM `sys_user` WHERE ((`password`='yx1688') AND (nick_name='于萧' or user_name='[NsfxeF&')) AND `deleted_at` IS NULL LIMIT 1 
2022-01-03 11:47:09.565 [DEBU] {c4529229ffa5c616d983d828e8d24dff} [  1 ms] [default] [rows:0  ] SHOW FULL COLUMNS FROM `sys_user_online` 
2022-01-03 11:47:09.567 [DEBU] {c4529229ffa5c616d983d828e8d24dff} [  1 ms] [default] [rows:0  ] DELETE FROM `sys_user_online` WHERE `user_name`='yuxiao' 
2022-01-03 11:47:09.569 [DEBU] {c4529229ffa5c616d983d828e8d24dff} [  0 ms] [default] [rows:0  ] INSERT INTO `sys_user_online`(`user_name`,`ip`,`explorer`,`os`,`created_at`,`token`) VALUES('yuxiao','127.0.0.1','apifox','','2022-01-03 11:47:09','bu2yg40cgvqc08uqwn41000haxrb6u8x')  
2022-01-03 11:48:34.950 [DEBU] {0ce46d0b13a6c616da83d828ea780a90} [  1 ms] [default] [rows:0  ] SELECT `user_id`,`user_name`,`nick_name`,`password`,`mobile`,`avatar`,`status`,`shop_ids`,`dept_id`,`remark`,`created_at`,`updated_at`,`deleted_at` FROM `sys_user` WHERE ((`password`='yx1688') AND (nick_name='于萧' or user_name='[NsfxeF&')) AND `deleted_at` IS NULL LIMIT 1 
2022-01-03 11:48:34.953 [DEBU] {0ce46d0b13a6c616da83d828ea780a90} [  1 ms] [default] [rows:0  ] DELETE FROM `sys_user_online` WHERE `user_name`='yuxiao' 
2022-01-03 11:48:34.954 [DEBU] {0ce46d0b13a6c616da83d828ea780a90} [  1 ms] [default] [rows:0  ] INSERT INTO `sys_user_online`(`os`,`token`,`user_name`,`created_at`,`ip`,`explorer`) VALUES('Windows 7','bu2yg40cgvqd3gzdqcc200quwa34m4ja','yuxiao','2022-01-03 11:48:34','127.0.0.1','Chrome')  
2022-01-03 12:01:47.877 [DEBU] {141b82a9cba6c61652295f5338f58381} [  1 ms] [default] [rows:0  ] SHOW FULL COLUMNS FROM `sys_user` 
2022-01-03 12:01:47.879 [DEBU] {141b82a9cba6c61652295f5338f58381} [  0 ms] [default] [rows:0  ] SELECT `user_id`,`user_name`,`nick_name`,`password`,`mobile`,`avatar`,`status`,`shop_ids`,`dept_id`,`remark`,`created_at`,`updated_at`,`deleted_at` FROM `sys_user` WHERE ((`password`='yx1688') AND (nick_name='于萧' or user_name='[NsfxeF&')) AND `deleted_at` IS NULL LIMIT 1 
2022-01-03 12:01:47.882 [DEBU] {141b82a9cba6c61652295f5338f58381} [  1 ms] [default] [rows:0  ] SHOW FULL COLUMNS FROM `sys_user_online` 
2022-01-03 12:01:47.883 [DEBU] {141b82a9cba6c61652295f5338f58381} [  0 ms] [default] [rows:0  ] DELETE FROM `sys_user_online` WHERE `user_name`='yuxiao' 
2022-01-03 12:01:47.885 [DEBU] {141b82a9cba6c61652295f5338f58381} [  0 ms] [default] [rows:0  ] INSERT INTO `sys_user_online`(`user_name`,`created_at`,`ip`,`explorer`,`os`,`token`) VALUES('yuxiao','2022-01-03 12:01:47','127.0.0.1','Chrome','Windows 7','bu2yg40cgvqn7qk1sm810058pmhimzo5')  
2022-01-03 12:02:36.203 [DEBU] {acb1f3e9d6a6c61684796e684bc5b318} [  1 ms] [default] [rows:0  ] SHOW FULL COLUMNS FROM `sys_user` 
2022-01-03 12:02:36.206 [DEBU] {acb1f3e9d6a6c61684796e684bc5b318} [  0 ms] [default] [rows:0  ] SELECT `user_id`,`user_name`,`nick_name`,`password`,`mobile`,`avatar`,`status`,`shop_ids`,`dept_id`,`remark`,`created_at`,`updated_at`,`deleted_at` FROM `sys_user` WHERE ((`password`='yx1688') AND (nick_name='于萧' or user_name='[NsfxeF&')) AND `deleted_at` IS NULL LIMIT 1 
2022-01-03 12:02:36.208 [DEBU] {acb1f3e9d6a6c61684796e684bc5b318} [  1 ms] [default] [rows:0  ] SHOW FULL COLUMNS FROM `sys_user_online` 
2022-01-03 12:02:36.209 [DEBU] {acb1f3e9d6a6c61684796e684bc5b318} [  0 ms] [default] [rows:0  ] DELETE FROM `sys_user_online` WHERE `user_name`='yuxiao' 
2022-01-03 12:02:36.210 [DEBU] {acb1f3e9d6a6c61684796e684bc5b318} [  0 ms] [default] [rows:0  ] INSERT INTO `sys_user_online`(`token`,`user_name`,`ip`,`explorer`,`os`,`created_at`) VALUES('bu2yg40cgvqntxs02xc100v5dvhpf43a','yuxiao','127.0.0.1','Chrome','Windows 7','2022-01-03 12:02:36')  
2022-01-03 12:09:12.767 [DEBU] {9c0efa3e33a7c616c23805210bf5fa7b} [  2 ms] [default] [rows:0  ] SHOW FULL COLUMNS FROM `sys_user` 
2022-01-03 12:09:12.769 [DEBU] {9c0efa3e33a7c616c23805210bf5fa7b} [  1 ms] [default] [rows:0  ] SELECT `user_id`,`user_name`,`nick_name`,`password`,`mobile`,`avatar`,`status`,`shop_ids`,`dept_id`,`remark`,`created_at`,`updated_at`,`deleted_at` FROM `sys_user` WHERE ((`password`='yx1688') AND (nick_name='于萧' or user_name='[NsfxeF&')) AND `deleted_at` IS NULL LIMIT 1 
2022-01-03 12:09:12.771 [DEBU] {9c0efa3e33a7c616c23805210bf5fa7b} [  1 ms] [default] [rows:0  ] SHOW FULL COLUMNS FROM `sys_user_online` 
2022-01-03 12:09:12.772 [DEBU] {9c0efa3e33a7c616c23805210bf5fa7b} [  1 ms] [default] [rows:0  ] DELETE FROM `sys_user_online` WHERE `user_name`='yuxiao' 
2022-01-03 12:09:12.773 [DEBU] {9c0efa3e33a7c616c23805210bf5fa7b} [  0 ms] [default] [rows:0  ] INSERT INTO `sys_user_online`(`explorer`,`os`,`created_at`,`token`,`user_name`,`ip`) VALUES('Chrome','Windows 7','2022-01-03 12:09:12','bu2yg40cgvqsw47nk3s100uxkmxby2dm','yuxiao','127.0.0.1')  
2022-01-03 12:09:18.172 [DEBU] {b4e0448134a7c616c3380521c77a33b7} [  0 ms] [default] [rows:0  ] SELECT `user_id`,`user_name`,`nick_name`,`password`,`mobile`,`avatar`,`status`,`shop_ids`,`dept_id`,`remark`,`created_at`,`updated_at`,`deleted_at` FROM `sys_user` WHERE ((`password`='yx1688') AND (nick_name='于萧1' or user_name='[NsfxeF&')) AND `deleted_at` IS NULL LIMIT 1 
2022-01-03 12:09:29.269 [DEBU] {a403ae1637a7c616c4380521c3426bae} [  0 ms] [default] [rows:0  ] SELECT `user_id`,`user_name`,`nick_name`,`password`,`mobile`,`avatar`,`status`,`shop_ids`,`dept_id`,`remark`,`created_at`,`updated_at`,`deleted_at` FROM `sys_user` WHERE ((`password`='yx1688') AND (nick_name='于萧1' or user_name='yuxiao')) AND `deleted_at` IS NULL LIMIT 1 
2022-01-03 12:09:29.270 [DEBU] {a403ae1637a7c616c4380521c3426bae} [  0 ms] [default] [rows:0  ] DELETE FROM `sys_user_online` WHERE `user_name`='yuxiao' 
2022-01-03 12:09:29.272 [DEBU] {a403ae1637a7c616c4380521c3426bae} [  1 ms] [default] [rows:0  ] INSERT INTO `sys_user_online`(`ip`,`explorer`,`os`,`created_at`,`token`,`user_name`) VALUES('127.0.0.1','Chrome','Windows 7','2022-01-03 12:09:29','bu2yg40cgvqt3p30r4o2003mlubja72t','yuxiao')  
2022-01-03 12:09:33.879 [DEBU] {347d4f2938a7c616c5380521ba3949d9} [  1 ms] [default] [rows:0  ] SELECT `user_id`,`user_name`,`nick_name`,`password`,`mobile`,`avatar`,`status`,`shop_ids`,`dept_id`,`remark`,`created_at`,`updated_at`,`deleted_at` FROM `sys_user` WHERE ((`password`='yx1688') AND (nick_name='于萧1' or user_name='yuxiao1')) AND `deleted_at` IS NULL LIMIT 1 
2022-01-03 12:13:23.806 [DEBU] {74d007b26da7c616cbf76854e7c0bde4} [  2 ms] [default] [rows:0  ] SHOW FULL COLUMNS FROM `sys_user` 
2022-01-03 12:13:23.808 [DEBU] {74d007b26da7c616cbf76854e7c0bde4} [  1 ms] [default] [rows:0  ] SELECT `user_name` FROM `sys_user` WHERE ((`password`='yx1688') AND (nick_name='于萧1' or user_name='yuxiao1')) AND `deleted_at` IS NULL LIMIT 1 
2022-01-03 12:13:28.089 [DEBU] {103174b16ea7c616ccf76854feed4382} [  1 ms] [default] [rows:0  ] SELECT `user_name` FROM `sys_user` WHERE ((`password`='yx1688') AND (nick_name='于萧1' or user_name='yuxiao')) AND `deleted_at` IS NULL LIMIT 1 
2022-01-03 12:13:28.091 [DEBU] {103174b16ea7c616ccf76854feed4382} [  1 ms] [default] [rows:0  ] SHOW FULL COLUMNS FROM `sys_user_online` 
2022-01-03 12:13:28.093 [DEBU] {103174b16ea7c616ccf76854feed4382} [  0 ms] [default] [rows:0  ] DELETE FROM `sys_user_online` WHERE `user_name`='yuxiao' 
2022-01-03 12:13:28.094 [DEBU] {103174b16ea7c616ccf76854feed4382} [  0 ms] [default] [rows:0  ] INSERT INTO `sys_user_online`(`user_name`,`created_at`,`explorer`,`os`,`token`,`ip`) VALUES('yuxiao','2022-01-03 12:13:28','Chrome','Windows 7','bu2yg40cgvqw5eqe78o1004jeokor2gq','127.0.0.1')  
2022-01-03 12:13:33.778 [DEBU] {a8f68a0470a7c616cdf768546ef2694b} [  1 ms] [default] [rows:0  ] SELECT `user_name` FROM `sys_user` WHERE ((`password`='yx1688') AND (nick_name='于萧' or user_name='yuxiao1')) AND `deleted_at` IS NULL LIMIT 1 
2022-01-03 12:13:33.779 [DEBU] {a8f68a0470a7c616cdf768546ef2694b} [  0 ms] [default] [rows:0  ] DELETE FROM `sys_user_online` WHERE `user_name`='yuxiao' 
2022-01-03 12:13:33.780 [DEBU] {a8f68a0470a7c616cdf768546ef2694b} [  0 ms] [default] [rows:0  ] INSERT INTO `sys_user_online`(`token`,`ip`,`user_name`,`created_at`,`explorer`,`os`) VALUES('bu2yg40cgvqw80sv1a0200p2iw8zrptp','127.0.0.1','yuxiao','2022-01-03 12:13:33','Chrome','Windows 7')  
2022-01-03 12:25:36.052 [DEBU] {60f7582f18a8c6162cd6c50ae2d44b1c} [  1 ms] [default] [rows:0  ] SHOW FULL COLUMNS FROM `sys_user` 
2022-01-03 12:25:36.054 [DEBU] {60f7582f18a8c6162cd6c50ae2d44b1c} [  1 ms] [default] [rows:0  ] SELECT `user_name` FROM `sys_user` WHERE ((`password`='yx1688') AND (nick_name='于萧' or user_name='yuxiao1')) AND `deleted_at` IS NULL LIMIT 1 
2022-01-03 12:25:36.056 [DEBU] {60f7582f18a8c6162cd6c50ae2d44b1c} [  1 ms] [default] [rows:0  ] SHOW FULL COLUMNS FROM `sys_user_online` 
2022-01-03 12:25:36.058 [DEBU] {60f7582f18a8c6162cd6c50ae2d44b1c} [  1 ms] [default] [rows:0  ] DELETE FROM `sys_user_online` WHERE `user_name`='yuxiao' 
2022-01-03 12:25:36.059 [DEBU] {60f7582f18a8c6162cd6c50ae2d44b1c} [  0 ms] [default] [rows:0  ] INSERT INTO `sys_user_online`(`created_at`,`token`,`user_name`,`ip`,`explorer`,`os`) VALUES('2022-01-03 12:25:36','bu2yg40cgvr5fty0trk100xant1ucjwc','yuxiao','127.0.0.1','Chrome','Windows 7')  
2022-01-03 12:29:39.004 [DEBU] {30035ec050a8c616214e557341200cd5} [  2 ms] [default] [rows:0  ] SHOW FULL COLUMNS FROM `sys_user` 
2022-01-03 12:29:39.005 [DEBU] {30035ec050a8c616214e557341200cd5} [  0 ms] [default] [rows:0  ] SELECT `user_name` FROM `sys_user` WHERE ((`password`='yx1688') AND (nick_name='于萧' or user_name='yuxiao1')) AND `deleted_at` IS NULL LIMIT 1 
2022-01-03 12:29:39.007 [DEBU] {30035ec050a8c616214e557341200cd5} [  1 ms] [default] [rows:0  ] SHOW FULL COLUMNS FROM `sys_user_online` 
2022-01-03 12:29:39.009 [DEBU] {30035ec050a8c616214e557341200cd5} [  2 ms] [default] [rows:0  ] DELETE FROM `sys_user_online` WHERE `user_name`='yuxiao' 
2022-01-03 12:29:39.010 [DEBU] {30035ec050a8c616214e557341200cd5} [  1 ms] [default] [rows:0  ] INSERT INTO `sys_user_online`(`user_name`,`ip`,`explorer`,`os`,`created_at`,`token`) VALUES('yuxiao','127.0.0.1','Chrome','Windows 7','2022-01-03 12:29:39','bu2yg40cgvr8jfwnhxw100z1g13wv168')  
2022-01-03 14:03:56.558 [DEBU] {448de60076adc6169a3a4602c816f5a1} [  2 ms] [default] [rows:0  ] SHOW FULL COLUMNS FROM `sys_user` 
2022-01-03 14:03:56.560 [DEBU] {448de60076adc6169a3a4602c816f5a1} [  0 ms] [default] [rows:0  ] SELECT `user_name` FROM `sys_user` WHERE ((`password`='yx1688') AND (nick_name='于萧' or user_name='yuxiao1')) AND `deleted_at` IS NULL LIMIT 1 
2022-01-03 14:03:56.563 [DEBU] {448de60076adc6169a3a4602c816f5a1} [  1 ms] [default] [rows:0  ] SHOW FULL COLUMNS FROM `sys_user_online` 
2022-01-03 14:03:56.564 [DEBU] {448de60076adc6169a3a4602c816f5a1} [  1 ms] [default] [rows:0  ] DELETE FROM `sys_user_online` WHERE `user_name`='yuxiao' 
2022-01-03 14:03:56.566 [DEBU] {448de60076adc6169a3a4602c816f5a1} [  1 ms] [default] [rows:0  ] INSERT INTO `sys_user_online`(`user_name`,`ip`,`explorer`,`os`,`created_at`,`token`) VALUES('yuxiao','127.0.0.1','Chrome','Windows 7','2022-01-03 14:03:56','bu2yg40cgvt8qhj5278100ulao0oqhud')  
2022-01-03 14:09:00.943 [DEBU] {ac40afdfbcadc6169b3a4602e4cd27d1} [  2 ms] [default] [rows:0  ] SELECT `user_name` FROM `sys_user` WHERE ((`password`='yx1688') AND (nick_name='于萧' or user_name='yuxiao1')) AND `deleted_at` IS NULL LIMIT 1 
2022-01-03 14:09:00.945 [DEBU] {ac40afdfbcadc6169b3a4602e4cd27d1} [  1 ms] [default] [rows:0  ] DELETE FROM `sys_user_online` WHERE `user_name`='yuxiao' 
2022-01-03 14:09:00.946 [DEBU] {ac40afdfbcadc6169b3a4602e4cd27d1} [  1 ms] [default] [rows:0  ] INSERT INTO `sys_user_online`(`created_at`,`ip`,`explorer`,`os`,`token`,`user_name`) VALUES('2022-01-03 14:09:00','127.0.0.1','Chrome','Windows 7','bu2yg40cgvtcmbgdh3s200ryce7o3hp1','yuxiao')  
2022-01-03 14:14:05.229 [DEBU] {cc3d81b803aec6169c3a4602651371be} [  2 ms] [default] [rows:0  ] SELECT `user_name` FROM `sys_user` WHERE ((`password`='yx1688') AND (nick_name='于萧' or user_name='yuxiao1')) AND `deleted_at` IS NULL LIMIT 1 
2022-01-03 14:14:05.232 [DEBU] {cc3d81b803aec6169c3a4602651371be} [  2 ms] [default] [rows:0  ] DELETE FROM `sys_user_online` WHERE `user_name`='yuxiao' 
2022-01-03 14:14:05.234 [DEBU] {cc3d81b803aec6169c3a4602651371be} [  1 ms] [default] [rows:0  ] INSERT INTO `sys_user_online`(`token`,`ip`,`user_name`,`created_at`,`explorer`,`os`) VALUES('bu2yg40cgvtgi3sxvi0300ojlhm7wi38','127.0.0.1','yuxiao','2022-01-03 14:14:05','Chrome','Windows 7')  
2022-01-03 14:15:18.697 [DEBU] {6c8496d314aec6169d3a46021a92d61c} [  2 ms] [default] [rows:0  ] SELECT `user_name` FROM `sys_user` WHERE ((`password`='yx1688') AND (nick_name='于萧' or user_name='yuxiao1')) AND `deleted_at` IS NULL LIMIT 1 
2022-01-03 14:15:18.699 [DEBU] {6c8496d314aec6169d3a46021a92d61c} [  0 ms] [default] [rows:0  ] DELETE FROM `sys_user_online` WHERE `user_name`='yuxiao' 
2022-01-03 14:15:18.701 [DEBU] {6c8496d314aec6169d3a46021a92d61c} [  1 ms] [default] [rows:0  ] INSERT INTO `sys_user_online`(`ip`,`user_name`,`created_at`,`explorer`,`os`,`token`) VALUES('127.0.0.1','yuxiao','2022-01-03 14:15:18','Chrome','Windows 7','bu2yg40cgvthfutxxdw4006hn7cxb3yj')  
2022-01-03 14:19:30.412 [DEBU] {ac27ec6e4faec616928e0f52e7bb7d1a} [  2 ms] [default] [rows:0  ] SHOW FULL COLUMNS FROM `sys_user_online` 
2022-01-03 14:19:30.415 [DEBU] {ac27ec6e4faec616928e0f52e7bb7d1a} [  1 ms] [default] [rows:0  ] SELECT `id`,`token`,`user_name`,`ip`,`explorer`,`os`,`created_at` FROM `sys_user_online` 
2022-01-03 14:21:15.062 [DEBU] {c0c285cc67aec616bbc5e804548ea416} [  2 ms] [default] [rows:0  ] SHOW FULL COLUMNS FROM `sys_user_online` 
2022-01-03 14:21:15.065 [DEBU] {c0c285cc67aec616bbc5e804548ea416} [  1 ms] [default] [rows:0  ] SELECT `id`,`token`,`user_name`,`ip`,`explorer`,`os`,`created_at` FROM `sys_user_online` 
2022-01-03 14:45:58.122 [DEBU] {0cc7c919c1afc616136d446f395a9913} [  3 ms] [default] [rows:0  ] SHOW FULL COLUMNS FROM `sys_user_online` 
2022-01-03 14:45:58.124 [DEBU] {0cc7c919c1afc616136d446f395a9913} [  1 ms] [default] [rows:0  ] SELECT `id`,`token`,`user_name`,`ip`,`explorer`,`os`,`created_at` FROM `sys_user_online` 
2022-01-03 14:52:40.823 [DEBU] {102fa1dc1eb0c616905c7e14b468a0d7} [  3 ms] [default] [rows:0  ] SHOW FULL COLUMNS FROM `sys_user_online` 
2022-01-03 14:52:40.825 [DEBU] {102fa1dc1eb0c616905c7e14b468a0d7} [  1 ms] [default] [rows:0  ] SELECT `id`,`token`,`user_name`,`ip`,`explorer`,`os`,`created_at` FROM `sys_user_online` 
2022-01-03 14:53:07.263 [DEBU] {ac13930425b0c616429f8304707bb4c0} [  2 ms] [default] [rows:0  ] SHOW FULL COLUMNS FROM `sys_user_online` 
2022-01-03 14:53:07.265 [DEBU] {ac13930425b0c616429f8304707bb4c0} [  1 ms] [default] [rows:0  ] SELECT `id`,`token`,`user_name`,`ip`,`explorer`,`os`,`created_at` FROM `sys_user_online` 
2022-01-03 14:53:07.267 [DEBU] {ac13930425b0c616429f8304707bb4c0} [  1 ms] [default] [rows:0  ] DELETE FROM `sys_user_online` WHERE `user_name`='yuxiao' 
2022-01-03 14:53:14.245 [DEBU] {14ede6a426b0c616439f8304a39e7059} [  0 ms] [default] [rows:0  ] SELECT `id`,`token`,`user_name`,`ip`,`explorer`,`os`,`created_at` FROM `sys_user_online` 
2022-01-03 14:53:41.788 [DEBU] {5062570e2db0c616449f83042c807fdd} [  4 ms] [default] [rows:0  ] SHOW FULL COLUMNS FROM `sys_user` 
2022-01-03 14:53:41.790 [DEBU] {5062570e2db0c616449f83042c807fdd} [  1 ms] [default] [rows:0  ] SELECT `user_name` FROM `sys_user` WHERE ((`password`='yx1688') AND (nick_name='于萧' or user_name='yuxiao1')) AND `deleted_at` IS NULL LIMIT 1 
2022-01-03 14:53:41.793 [DEBU] {5062570e2db0c616449f83042c807fdd} [  1 ms] [default] [rows:0  ] DELETE FROM `sys_user_online` WHERE `user_name`='yuxiao' 
2022-01-03 14:53:41.795 [DEBU] {5062570e2db0c616449f83042c807fdd} [  1 ms] [default] [rows:0  ] INSERT INTO `sys_user_online`(`ip`,`explorer`,`os`,`created_at`,`token`,`user_name`) VALUES('127.0.0.1','Chrome','Windows 7','2022-01-03 14:53:41','bu2yg40cgvuatvs3ldg1008hx0h1z09f','yuxiao')  
2022-01-03 14:53:43.839 [DEBU] {9c75d7882db0c616459f8304f80ffea8} [  0 ms] [default] [rows:0  ] SELECT `id`,`token`,`user_name`,`ip`,`explorer`,`os`,`created_at` FROM `sys_user_online` 
2022-01-03 14:53:43.842 [DEBU] {9c75d7882db0c616459f8304f80ffea8} [  2 ms] [default] [rows:0  ] DELETE FROM `sys_user_online` WHERE `user_name`='yuxiao' 
2022-01-03 15:49:44.678 [DEBU] {f81a480a3cb3c6161693572df7b33563} [  2 ms] [default] [rows:0  ] SHOW FULL COLUMNS FROM `sys_user` 
2022-01-03 15:49:44.681 [DEBU] {f81a480a3cb3c6161693572df7b33563} [  1 ms] [default] [rows:0  ] SELECT `user_name` FROM `sys_user` WHERE ((`password`='yx1688') AND (nick_name='于萧' or user_name='yuxiao1')) AND `deleted_at` IS NULL LIMIT 1 
2022-01-03 15:49:44.685 [DEBU] {f81a480a3cb3c6161693572df7b33563} [  1 ms] [default] [rows:0  ] SHOW FULL COLUMNS FROM `sys_user_online` 
2022-01-03 15:49:44.687 [DEBU] {f81a480a3cb3c6161693572df7b33563} [  1 ms] [default] [rows:0  ] DELETE FROM `sys_user_online` WHERE `user_name`='yuxiao' 
2022-01-03 15:49:44.689 [DEBU] {f81a480a3cb3c6161693572df7b33563} [  1 ms] [default] [rows:0  ] INSERT INTO `sys_user_online`(`user_name`,`ip`,`explorer`,`created_at`,`token`,`os`) VALUES('yuxiao','127.0.0.1','Chrome','2022-01-03 15:49:44','bu2yg40cgvvhqrvmr28100z3c65bb2ob','Windows 7')  
2022-01-03 15:49:49.078 [DEBU] {38cfc4103db3c6161793572d4b7df260} [  0 ms] [default] [rows:0  ] SELECT `id`,`token`,`user_name`,`ip`,`explorer`,`os`,`created_at` FROM `sys_user_online` 
2022-01-03 15:49:49.081 [DEBU] {38cfc4103db3c6161793572d4b7df260} [  1 ms] [default] [rows:0  ] SELECT `user_id`,`user_name`,`nick_name`,`mobile`,`avatar`,`status`,`shop_ids`,`dept_id`,`remark`,`created_at`,`updated_at`,`deleted_at` FROM `sys_user` WHERE (`user_id`=16) AND `deleted_at` IS NULL LIMIT 1 
2022-01-03 15:51:19.699 [DEBU] {90e9052a52b3c616f022b76c810c5122} [  2 ms] [default] [rows:0  ] SHOW FULL COLUMNS FROM `sys_user_online` 
2022-01-03 15:51:19.702 [DEBU] {90e9052a52b3c616f022b76c810c5122} [  1 ms] [default] [rows:0  ] SELECT `id`,`token`,`user_name`,`ip`,`explorer`,`os`,`created_at` FROM `sys_user_online` 
2022-01-03 15:51:19.703 [DEBU] {90e9052a52b3c616f022b76c810c5122} [  1 ms] [default] [rows:0  ] SHOW FULL COLUMNS FROM `sys_user` 
2022-01-03 15:51:19.710 [DEBU] {90e9052a52b3c616f022b76c810c5122} [  5 ms] [default] [rows:0  ] SELECT `user_id`,`user_name`,`nick_name`,`mobile`,`avatar`,`status`,`shop_ids`,`dept_id`,`remark`,`created_at`,`updated_at`,`deleted_at` FROM `sys_user` WHERE (`user_id`=16) AND `deleted_at` IS NULL LIMIT 1 
2022-01-03 15:51:43.322 [DEBU] {3850d1a957b3c616c6956c0258c0acd4} [  5 ms] [default] [rows:0  ] SHOW FULL COLUMNS FROM `sys_user_online` 
2022-01-03 15:51:43.326 [DEBU] {3850d1a957b3c616c6956c0258c0acd4} [  1 ms] [default] [rows:0  ] SELECT `id`,`token`,`user_name`,`ip`,`explorer`,`os`,`created_at` FROM `sys_user_online` 
2022-01-03 15:51:43.329 [DEBU] {3850d1a957b3c616c6956c0258c0acd4} [  2 ms] [default] [rows:0  ] SHOW FULL COLUMNS FROM `sys_user` 
2022-01-03 15:51:43.331 [DEBU] {3850d1a957b3c616c6956c0258c0acd4} [  1 ms] [default] [rows:0  ] SELECT `user_id`,`user_name`,`nick_name`,`mobile`,`avatar`,`status`,`shop_ids`,`dept_id`,`remark`,`created_at`,`updated_at` FROM `sys_user` WHERE (`user_id`=16) AND `deleted_at` IS NULL LIMIT 1 
2022-01-03 15:53:58.981 [DEBU] {f4c1ed3f77b3c61667b79149e7590e18} [  2 ms] [default] [rows:0  ] SHOW FULL COLUMNS FROM `sys_user` 
2022-01-03 15:53:58.983 [DEBU] {f4c1ed3f77b3c61667b79149e7590e18} [  1 ms] [default] [rows:0  ] SELECT `user_name` FROM `sys_user` WHERE ((`password`='yx1688') AND (nick_name='于萧' or user_name='yuxiao1')) AND `deleted_at` IS NULL LIMIT 1 
2022-01-03 15:53:58.986 [DEBU] {f4c1ed3f77b3c61667b79149e7590e18} [  1 ms] [default] [rows:0  ] SHOW FULL COLUMNS FROM `sys_user_online` 
2022-01-03 15:53:58.987 [DEBU] {f4c1ed3f77b3c61667b79149e7590e18} [  1 ms] [default] [rows:0  ] DELETE FROM `sys_user_online` WHERE `user_name`='yuxiao' 
2022-01-03 15:53:58.989 [DEBU] {f4c1ed3f77b3c61667b79149e7590e18} [  1 ms] [default] [rows:0  ] INSERT INTO `sys_user_online`(`os`,`created_at`,`token`,`user_name`,`ip`,`explorer`) VALUES('Windows 7','2022-01-03 15:53:58','bu2yg40cgvvkzljc8p0100hu3zijn64e','yuxiao','127.0.0.1','Chrome')  
2022-01-03 15:56:13.310 [DEBU] {b4fc9b8696b3c61606fb1e4d92dadc98} [  3 ms] [default] [rows:0  ] SHOW FULL COLUMNS FROM `sys_user_online` 
2022-01-03 15:56:13.314 [DEBU] {b4fc9b8696b3c61606fb1e4d92dadc98} [  1 ms] [default] [rows:0  ] SELECT `id`,`token`,`user_name`,`ip`,`explorer`,`os`,`created_at` FROM `sys_user_online` 
2022-01-03 15:56:13.316 [DEBU] {b4fc9b8696b3c61606fb1e4d92dadc98} [  1 ms] [default] [rows:0  ] SHOW FULL COLUMNS FROM `sys_user` 
2022-01-03 15:56:13.319 [DEBU] {b4fc9b8696b3c61606fb1e4d92dadc98} [  2 ms] [default] [rows:0  ] SELECT `user_id`,`user_name`,`nick_name`,`mobile`,`avatar`,`status`,`shop_ids`,`dept_id`,`remark`,`created_at`,`updated_at` FROM `sys_user` WHERE (`user_name`='yuxiao') AND `deleted_at` IS NULL LIMIT 1 
2022-01-03 15:56:18.036 [DEBU] {90805da097b3c61607fb1e4da1d5f5f0} [  1 ms] [default] [rows:0  ] SELECT `user_id`,`user_name`,`nick_name`,`mobile`,`avatar`,`status`,`shop_ids`,`dept_id`,`remark`,`created_at`,`updated_at` FROM `sys_user` WHERE (`user_name`='yuxiao') AND `deleted_at` IS NULL LIMIT 1 
2022-01-03 15:57:07.477 [DEBU] {b09f1723a3b3c61608fb1e4d9aaccad5} [  3 ms] [default] [rows:0  ] SELECT `user_id`,`user_name`,`nick_name`,`mobile`,`avatar`,`status`,`shop_ids`,`dept_id`,`remark`,`created_at`,`updated_at` FROM `sys_user` WHERE (`user_name`='yuxiao') AND `deleted_at` IS NULL LIMIT 1 
2022-01-03 15:57:08.579 [DEBU] {dcbcf564a3b3c61609fb1e4d9e32d355} [  1 ms] [default] [rows:0  ] SELECT `user_id`,`user_name`,`nick_name`,`mobile`,`avatar`,`status`,`shop_ids`,`dept_id`,`remark`,`created_at`,`updated_at` FROM `sys_user` WHERE (`user_name`='yuxiao') AND `deleted_at` IS NULL LIMIT 1 
2022-01-03 15:57:09.394 [DEBU] {342a8295a3b3c6160afb1e4dfad4cc33} [  1 ms] [default] [rows:0  ] SELECT `user_id`,`user_name`,`nick_name`,`mobile`,`avatar`,`status`,`shop_ids`,`dept_id`,`remark`,`created_at`,`updated_at` FROM `sys_user` WHERE (`user_name`='yuxiao') AND `deleted_at` IS NULL LIMIT 1 
2022-01-03 15:58:18.922 [DEBU] {744ea1c5b3b3c6160bfb1e4d336c874e} [  2 ms] [default] [rows:0  ] SELECT `user_id`,`user_name`,`nick_name`,`mobile`,`avatar`,`status`,`shop_ids`,`dept_id`,`remark`,`created_at`,`updated_at` FROM `sys_user` WHERE (`user_name`='yuxiao') AND `deleted_at` IS NULL LIMIT 1 
2022-01-03 16:29:15.509 [DEBU] {78e2ad0a64b5c6162342de02be386938} [  4 ms] [default] [rows:0  ] SHOW FULL COLUMNS FROM `sys_user` 
2022-01-03 16:29:15.514 [DEBU] {78e2ad0a64b5c6162342de02be386938} [  2 ms] [default] [rows:0  ] SELECT `user_name` FROM `sys_user` WHERE ((`password`='yx1688') AND (nick_name='于萧' or user_name='于萧')) AND `deleted_at` IS NULL LIMIT 1 
2022-01-03 16:29:15.515 [DEBU] {78e2ad0a64b5c6162342de02be386938} [  0 ms] [default] [rows:0  ] SHOW FULL COLUMNS FROM `sys_user_online` 
2022-01-03 16:29:15.518 [DEBU] {78e2ad0a64b5c6162342de02be386938} [  1 ms] [default] [rows:0  ] DELETE FROM `sys_user_online` WHERE `user_name`='yuxiao' 
2022-01-03 16:29:15.520 [DEBU] {78e2ad0a64b5c6162342de02be386938} [  1 ms] [default] [rows:0  ] INSERT INTO `sys_user_online`(`explorer`,`created_at`,`token`,`os`,`user_name`,`ip`) VALUES('Chrome','2022-01-03 16:29:15','bu2yg40cgvwbzx2j824100obtkp1e7h1','Windows 7','yuxiao','127.0.0.1')  
2022-01-03 16:29:23.089 [DEBU] {ac1bb7ce65b5c6162442de0292db34bb} [  1 ms] [default] [rows:0  ] SELECT `user_name` FROM `sys_user` WHERE ((`password`='yx1688') AND (nick_name='yuxiao' or user_name='yuxiao')) AND `deleted_at` IS NULL LIMIT 1 
2022-01-03 16:29:23.091 [DEBU] {ac1bb7ce65b5c6162442de0292db34bb} [  1 ms] [default] [rows:0  ] DELETE FROM `sys_user_online` WHERE `user_name`='yuxiao' 
2022-01-03 16:29:23.092 [DEBU] {ac1bb7ce65b5c6162442de0292db34bb} [  1 ms] [default] [rows:0  ] INSERT INTO `sys_user_online`(`user_name`,`ip`,`explorer`,`os`,`created_at`,`token`) VALUES('yuxiao','127.0.0.1','Chrome','Windows 7','2022-01-03 16:29:23','bu2yg40cgvwc3ecp0t4200dadfijyevn')  
2022-01-03 16:30:31.061 [DEBU] {acd91fa275b5c6162542de02e0f24572} [  3 ms] [default] [rows:0  ] SELECT `id`,`token`,`user_name`,`ip`,`explorer`,`os`,`created_at` FROM `sys_user_online` 
2022-01-03 16:30:31.068 [DEBU] {acd91fa275b5c6162542de02e0f24572} [  3 ms] [default] [rows:0  ] SELECT `user_id`,`user_name`,`nick_name`,`mobile`,`avatar`,`status`,`shop_ids`,`dept_id`,`role_ids`,`remark`,`created_at`,`updated_at` FROM `sys_user` WHERE (`user_name`='yuxiao') AND `deleted_at` IS NULL LIMIT 1 
2022-01-03 17:28:46.861 [DEBU] {78c7fb8fa3b8c6166c31ab28cc05c33f} [  4 ms] [default] [rows:0  ] SHOW FULL COLUMNS FROM `sys_user_online` 
2022-01-03 17:28:46.865 [DEBU] {78c7fb8fa3b8c6166c31ab28cc05c33f} [  1 ms] [default] [rows:0  ] SELECT `id`,`token`,`user_name`,`ip`,`explorer`,`os`,`created_at` FROM `sys_user_online` 
2022-01-03 17:28:46.870 [DEBU] {78c7fb8fa3b8c6166c31ab28cc05c33f} [  3 ms] [default] [rows:0  ] SHOW FULL COLUMNS FROM `sys_user` 
2022-01-03 17:28:46.873 [DEBU] {78c7fb8fa3b8c6166c31ab28cc05c33f} [  1 ms] [default] [rows:0  ] SELECT `user_id` FROM `sys_user` WHERE (`user_name`='yuxiao') AND `deleted_at` IS NULL LIMIT 1 
2022-01-03 17:48:06.477 [DEBU] {34ee6a8eb1b9c6166d31ab28a8e575f2} [  4 ms] [default] [rows:0  ] SELECT `user_id` FROM `sys_user` WHERE (`user_name`='yuxiao') AND `deleted_at` IS NULL LIMIT 1 
2022-01-03 17:49:16.115 [DEBU] {04af42c5c1b9c6168a7ba719fe064a44} [  2 ms] [default] [rows:0  ] SHOW FULL COLUMNS FROM `sys_user_online` 
2022-01-03 17:49:16.117 [DEBU] {04af42c5c1b9c6168a7ba719fe064a44} [  1 ms] [default] [rows:0  ] SELECT `id`,`token`,`user_name`,`ip`,`explorer`,`os`,`created_at` FROM `sys_user_online` 
2022-01-03 17:49:16.120 [DEBU] {04af42c5c1b9c6168a7ba719fe064a44} [  2 ms] [default] [rows:0  ] SHOW FULL COLUMNS FROM `sys_user` 
2022-01-03 17:49:16.123 [DEBU] {04af42c5c1b9c6168a7ba719fe064a44} [  2 ms] [default] [rows:0  ] SELECT `user_id` FROM `sys_user` WHERE (`user_name`='yuxiao') AND `deleted_at` IS NULL LIMIT 1 
2022-01-03 17:49:34.798 [DEBU] {78c1b31ec6b9c616ffd90767baa65f13} [  3 ms] [default] [rows:0  ] SHOW FULL COLUMNS FROM `sys_user_online` 
2022-01-03 17:49:34.801 [DEBU] {78c1b31ec6b9c616ffd90767baa65f13} [  1 ms] [default] [rows:0  ] SELECT `id`,`token`,`user_name`,`ip`,`explorer`,`os`,`created_at` FROM `sys_user_online` 
2022-01-03 17:49:34.805 [DEBU] {78c1b31ec6b9c616ffd90767baa65f13} [  3 ms] [default] [rows:0  ] SHOW FULL COLUMNS FROM `sys_user` 
2022-01-03 17:49:34.809 [DEBU] {78c1b31ec6b9c616ffd90767baa65f13} [  2 ms] [default] [rows:0  ] SELECT `user_id`,`user_name` FROM `sys_user` WHERE (`user_name`='yuxiao') AND `deleted_at` IS NULL LIMIT 1 
2022-01-03 17:49:55.119 [DEBU] {e4340fdacab9c616b61bf85f89e2c9fb} [  2 ms] [default] [rows:0  ] SHOW FULL COLUMNS FROM `sys_user_online` 
2022-01-03 17:49:55.121 [DEBU] {e4340fdacab9c616b61bf85f89e2c9fb} [  1 ms] [default] [rows:0  ] SELECT `id`,`token`,`user_name`,`ip`,`explorer`,`os`,`created_at` FROM `sys_user_online` 
2022-01-03 17:49:55.126 [DEBU] {e4340fdacab9c616b61bf85f89e2c9fb} [  4 ms] [default] [rows:0  ] SHOW FULL COLUMNS FROM `sys_user` 
2022-01-03 17:49:55.128 [DEBU] {e4340fdacab9c616b61bf85f89e2c9fb} [  2 ms] [default] [rows:0  ] SELECT `user_id`,`user_name` FROM `sys_user` WHERE (`user_name`='yuxiao') AND `deleted_at` IS NULL LIMIT 1 
2022-01-03 17:50:16.897 [DEBU] {846c0ceccfb9c616d1738d6604ac90d1} [  5 ms] [default] [rows:0  ] SHOW FULL COLUMNS FROM `sys_user_online` 
2022-01-03 17:50:16.901 [DEBU] {846c0ceccfb9c616d1738d6604ac90d1} [  0 ms] [default] [rows:0  ] SELECT `id`,`token`,`user_name`,`ip`,`explorer`,`os`,`created_at` FROM `sys_user_online` 
2022-01-03 17:50:16.906 [DEBU] {846c0ceccfb9c616d1738d6604ac90d1} [  3 ms] [default] [rows:0  ] SHOW FULL COLUMNS FROM `sys_user` 
2022-01-03 17:50:16.910 [DEBU] {846c0ceccfb9c616d1738d6604ac90d1} [  2 ms] [default] [rows:0  ] SELECT `user_id`,`user_name` FROM `sys_user` WHERE (`user_name`='yuxiao') AND `deleted_at` IS NULL LIMIT 1 
2022-01-03 17:50:22.273 [DEBU] {18ae9f2cd1b9c616d2738d6652d6c750} [  1 ms] [default] [rows:0  ] SELECT `user_id`,`user_name` FROM `sys_user` WHERE (`user_name`='yuxiao') AND `deleted_at` IS NULL LIMIT 1 
2022-01-03 17:51:15.621 [DEBU] {1c8b6498ddb9c6160172995e57683076} [  2 ms] [default] [rows:0  ] SHOW FULL COLUMNS FROM `sys_user_online` 
2022-01-03 17:51:15.623 [DEBU] {1c8b6498ddb9c6160172995e57683076} [  0 ms] [default] [rows:0  ] SELECT `id`,`token`,`user_name`,`ip`,`explorer`,`os`,`created_at` FROM `sys_user_online` 
2022-01-03 17:51:15.627 [DEBU] {1c8b6498ddb9c6160172995e57683076} [  3 ms] [default] [rows:0  ] SHOW FULL COLUMNS FROM `sys_user` 
2022-01-03 17:51:15.629 [DEBU] {1c8b6498ddb9c6160172995e57683076} [  2 ms] [default] [rows:0  ] SELECT `user_id`,`user_name` FROM `sys_user` WHERE (`user_name`='yuxiao') AND `deleted_at` IS NULL LIMIT 1 
2022-01-03 17:51:53.386 [DEBU] {e4005863e6b9c616928db67bdf24e032} [  2 ms] [default] [rows:0  ] SHOW FULL COLUMNS FROM `sys_user_online` 
2022-01-03 17:51:53.388 [DEBU] {e4005863e6b9c616928db67bdf24e032} [  0 ms] [default] [rows:0  ] SELECT `id`,`token`,`user_name`,`ip`,`explorer`,`os`,`created_at` FROM `sys_user_online` 
2022-01-03 17:51:53.392 [DEBU] {e4005863e6b9c616928db67bdf24e032} [  3 ms] [default] [rows:0  ] SHOW FULL COLUMNS FROM `sys_user` 
2022-01-03 17:51:53.394 [DEBU] {e4005863e6b9c616928db67bdf24e032} [  1 ms] [default] [rows:0  ] SELECT `user_id`,`user_name` FROM `sys_user` WHERE (`user_name`='yuxiao') AND `deleted_at` IS NULL LIMIT 1 
