2022-01-14 12:09:45.060 [INFO] {d06114029d07ca1695647e6f5ebc1794} [GToken][params:{"AuthExcludePaths":"[\"/login\"]","AuthFailMsg":"登录超时，请重新登录","AuthPaths":"","CacheKey":"GToken:","CacheMode":1,"EncryptKey":"fds45ge41gvd5f4ef4we4jy","LoginPath":"/login","LogoutPath":"/logout","MiddlewareType":1,"MultiLogin":true,"Timeout":10800000,"TokenDelimiter":" "}]start...  
2022-01-14 12:10:00.725 [ERRO] {b4e568a6a007ca1697647e6fea1e9c31} [GToken]token encrypt error 2 73984b550f7887cde5e0334a46f59fb4 aes.NewCipher failed for key "fds45ge41gvd5f4ef4we4jy": crypto/aes: invalid key size 23 
Stack:
1.  github.com/goflyfox/gtoken/gtoken.(*GfToken).EncryptToken
    C:/Users/54992/go/pkg/mod/github.com/goflyfox/gtoken@v1.5.0/gtoken/gtoken.go:333
2.  github.com/goflyfox/gtoken/gtoken.(*GfToken).genToken
    C:/Users/54992/go/pkg/mod/github.com/goflyfox/gtoken@v1.5.0/gtoken/gtoken.go:230
3.  github.com/goflyfox/gtoken/gtoken.(*GfToken).Login
    C:/Users/54992/go/pkg/mod/github.com/goflyfox/gtoken@v1.5.0/gtoken/gtoken.go:87
4.  github.com/gogf/gf/v2/net/ghttp.(*middleware).callHandlerFunc.func1
    C:/Users/54992/go/pkg/mod/github.com/gogf/gf/v2@v2.0.0-rc.0.20220110145829-0f67559995c5/net/ghttp/ghttp_request_middleware.go:130
5.  github.com/gogf/gf/v2/net/ghttp.niceCallFunc
    C:/Users/54992/go/pkg/mod/github.com/gogf/gf/v2@v2.0.0-rc.0.20220110145829-0f67559995c5/net/ghttp/ghttp_func.go:52
6.  github.com/gogf/gf/v2/net/ghttp.(*middleware).callHandlerFunc
    C:/Users/54992/go/pkg/mod/github.com/gogf/gf/v2@v2.0.0-rc.0.20220110145829-0f67559995c5/net/ghttp/ghttp_request_middleware.go:128
7.  github.com/gogf/gf/v2/net/ghttp.(*middleware).Next.func1.4
    C:/Users/54992/go/pkg/mod/github.com/gogf/gf/v2@v2.0.0-rc.0.20220110145829-0f67559995c5/net/ghttp/ghttp_request_middleware.go:89
8.  github.com/gogf/gf/v2/net/ghttp.niceCallFunc
    C:/Users/54992/go/pkg/mod/github.com/gogf/gf/v2@v2.0.0-rc.0.20220110145829-0f67559995c5/net/ghttp/ghttp_func.go:52
9.  github.com/gogf/gf/v2/net/ghttp.(*middleware).Next.func1
    C:/Users/54992/go/pkg/mod/github.com/gogf/gf/v2@v2.0.0-rc.0.20220110145829-0f67559995c5/net/ghttp/ghttp_request_middleware.go:88
10. github.com/gogf/gf/v2/util/gutil.TryCatch
    C:/Users/54992/go/pkg/mod/github.com/gogf/gf/v2@v2.0.0-rc.0.20220110145829-0f67559995c5/util/gutil/gutil.go:55
11. github.com/gogf/gf/v2/net/ghttp.(*middleware).Next
    C:/Users/54992/go/pkg/mod/github.com/gogf/gf/v2@v2.0.0-rc.0.20220110145829-0f67559995c5/net/ghttp/ghttp_request_middleware.go:48
12. github.com/goflyfox/gtoken/gtoken.(*GfToken).authMiddleware
    C:/Users/54992/go/pkg/mod/github.com/goflyfox/gtoken@v1.5.0/gtoken/gtoken.go:113
13. github.com/gogf/gf/v2/net/ghttp.(*middleware).Next.func1.1
    C:/Users/54992/go/pkg/mod/github.com/gogf/gf/v2@v2.0.0-rc.0.20220110145829-0f67559995c5/net/ghttp/ghttp_request_middleware.go:54
14. github.com/gogf/gf/v2/net/ghttp.niceCallFunc
    C:/Users/54992/go/pkg/mod/github.com/gogf/gf/v2@v2.0.0-rc.0.20220110145829-0f67559995c5/net/ghttp/ghttp_func.go:52
15. github.com/gogf/gf/v2/net/ghttp.(*middleware).Next.func1
    C:/Users/54992/go/pkg/mod/github.com/gogf/gf/v2@v2.0.0-rc.0.20220110145829-0f67559995c5/net/ghttp/ghttp_request_middleware.go:53
16. github.com/gogf/gf/v2/util/gutil.TryCatch
    C:/Users/54992/go/pkg/mod/github.com/gogf/gf/v2@v2.0.0-rc.0.20220110145829-0f67559995c5/util/gutil/gutil.go:55
17. github.com/gogf/gf/v2/net/ghttp.(*middleware).Next
    C:/Users/54992/go/pkg/mod/github.com/gogf/gf/v2@v2.0.0-rc.0.20220110145829-0f67559995c5/net/ghttp/ghttp_request_middleware.go:48
18. github.com/gogf/gf/v2/net/ghttp.internalMiddlewareServerTracing
    C:/Users/54992/go/pkg/mod/github.com/gogf/gf/v2@v2.0.0-rc.0.20220110145829-0f67559995c5/net/ghttp/ghttp_middleware_tracing.go:78
19. github.com/gogf/gf/v2/net/ghttp.(*middleware).Next.func1.5
    C:/Users/54992/go/pkg/mod/github.com/gogf/gf/v2@v2.0.0-rc.0.20220110145829-0f67559995c5/net/ghttp/ghttp_request_middleware.go:95
20. github.com/gogf/gf/v2/net/ghttp.niceCallFunc
    C:/Users/54992/go/pkg/mod/github.com/gogf/gf/v2@v2.0.0-rc.0.20220110145829-0f67559995c5/net/ghttp/ghttp_func.go:52
21. github.com/gogf/gf/v2/net/ghttp.(*middleware).Next.func1
    C:/Users/54992/go/pkg/mod/github.com/gogf/gf/v2@v2.0.0-rc.0.20220110145829-0f67559995c5/net/ghttp/ghttp_request_middleware.go:94
22. github.com/gogf/gf/v2/util/gutil.TryCatch
    C:/Users/54992/go/pkg/mod/github.com/gogf/gf/v2@v2.0.0-rc.0.20220110145829-0f67559995c5/util/gutil/gutil.go:55
23. github.com/gogf/gf/v2/net/ghttp.(*middleware).Next
    C:/Users/54992/go/pkg/mod/github.com/gogf/gf/v2@v2.0.0-rc.0.20220110145829-0f67559995c5/net/ghttp/ghttp_request_middleware.go:48
24. github.com/gogf/gf/v2/net/ghttp.(*Server).ServeHTTP
    C:/Users/54992/go/pkg/mod/github.com/gogf/gf/v2@v2.0.0-rc.0.20220110145829-0f67559995c5/net/ghttp/ghttp_server_handler.go:121
 
2022-01-14 12:10:24.068 [ERRO] {f8ab4c17a607ca1699647e6f57d916fd} [GToken]token encrypt error 2 3c58b0b221fcf8e276b830326830054a aes.NewCipher failed for key "fds45ge41gvd5f4ef4we4jy": crypto/aes: invalid key size 23 
Stack:
1.  github.com/goflyfox/gtoken/gtoken.(*GfToken).EncryptToken
    C:/Users/54992/go/pkg/mod/github.com/goflyfox/gtoken@v1.5.0/gtoken/gtoken.go:333
2.  github.com/goflyfox/gtoken/gtoken.(*GfToken).genToken
    C:/Users/54992/go/pkg/mod/github.com/goflyfox/gtoken@v1.5.0/gtoken/gtoken.go:230
3.  github.com/goflyfox/gtoken/gtoken.(*GfToken).Login
    C:/Users/54992/go/pkg/mod/github.com/goflyfox/gtoken@v1.5.0/gtoken/gtoken.go:87
4.  github.com/gogf/gf/v2/net/ghttp.(*middleware).callHandlerFunc.func1
    C:/Users/54992/go/pkg/mod/github.com/gogf/gf/v2@v2.0.0-rc.0.20220110145829-0f67559995c5/net/ghttp/ghttp_request_middleware.go:130
5.  github.com/gogf/gf/v2/net/ghttp.niceCallFunc
    C:/Users/54992/go/pkg/mod/github.com/gogf/gf/v2@v2.0.0-rc.0.20220110145829-0f67559995c5/net/ghttp/ghttp_func.go:52
6.  github.com/gogf/gf/v2/net/ghttp.(*middleware).callHandlerFunc
    C:/Users/54992/go/pkg/mod/github.com/gogf/gf/v2@v2.0.0-rc.0.20220110145829-0f67559995c5/net/ghttp/ghttp_request_middleware.go:128
7.  github.com/gogf/gf/v2/net/ghttp.(*middleware).Next.func1.4
    C:/Users/54992/go/pkg/mod/github.com/gogf/gf/v2@v2.0.0-rc.0.20220110145829-0f67559995c5/net/ghttp/ghttp_request_middleware.go:89
8.  github.com/gogf/gf/v2/net/ghttp.niceCallFunc
    C:/Users/54992/go/pkg/mod/github.com/gogf/gf/v2@v2.0.0-rc.0.20220110145829-0f67559995c5/net/ghttp/ghttp_func.go:52
9.  github.com/gogf/gf/v2/net/ghttp.(*middleware).Next.func1
    C:/Users/54992/go/pkg/mod/github.com/gogf/gf/v2@v2.0.0-rc.0.20220110145829-0f67559995c5/net/ghttp/ghttp_request_middleware.go:88
10. github.com/gogf/gf/v2/util/gutil.TryCatch
    C:/Users/54992/go/pkg/mod/github.com/gogf/gf/v2@v2.0.0-rc.0.20220110145829-0f67559995c5/util/gutil/gutil.go:55
11. github.com/gogf/gf/v2/net/ghttp.(*middleware).Next
    C:/Users/54992/go/pkg/mod/github.com/gogf/gf/v2@v2.0.0-rc.0.20220110145829-0f67559995c5/net/ghttp/ghttp_request_middleware.go:48
12. github.com/goflyfox/gtoken/gtoken.(*GfToken).authMiddleware
    C:/Users/54992/go/pkg/mod/github.com/goflyfox/gtoken@v1.5.0/gtoken/gtoken.go:113
13. github.com/gogf/gf/v2/net/ghttp.(*middleware).Next.func1.1
    C:/Users/54992/go/pkg/mod/github.com/gogf/gf/v2@v2.0.0-rc.0.20220110145829-0f67559995c5/net/ghttp/ghttp_request_middleware.go:54
14. github.com/gogf/gf/v2/net/ghttp.niceCallFunc
    C:/Users/54992/go/pkg/mod/github.com/gogf/gf/v2@v2.0.0-rc.0.20220110145829-0f67559995c5/net/ghttp/ghttp_func.go:52
15. github.com/gogf/gf/v2/net/ghttp.(*middleware).Next.func1
    C:/Users/54992/go/pkg/mod/github.com/gogf/gf/v2@v2.0.0-rc.0.20220110145829-0f67559995c5/net/ghttp/ghttp_request_middleware.go:53
16. github.com/gogf/gf/v2/util/gutil.TryCatch
    C:/Users/54992/go/pkg/mod/github.com/gogf/gf/v2@v2.0.0-rc.0.20220110145829-0f67559995c5/util/gutil/gutil.go:55
17. github.com/gogf/gf/v2/net/ghttp.(*middleware).Next
    C:/Users/54992/go/pkg/mod/github.com/gogf/gf/v2@v2.0.0-rc.0.20220110145829-0f67559995c5/net/ghttp/ghttp_request_middleware.go:48
18. github.com/gogf/gf/v2/net/ghttp.internalMiddlewareServerTracing
    C:/Users/54992/go/pkg/mod/github.com/gogf/gf/v2@v2.0.0-rc.0.20220110145829-0f67559995c5/net/ghttp/ghttp_middleware_tracing.go:78
19. github.com/gogf/gf/v2/net/ghttp.(*middleware).Next.func1.5
    C:/Users/54992/go/pkg/mod/github.com/gogf/gf/v2@v2.0.0-rc.0.20220110145829-0f67559995c5/net/ghttp/ghttp_request_middleware.go:95
20. github.com/gogf/gf/v2/net/ghttp.niceCallFunc
    C:/Users/54992/go/pkg/mod/github.com/gogf/gf/v2@v2.0.0-rc.0.20220110145829-0f67559995c5/net/ghttp/ghttp_func.go:52
21. github.com/gogf/gf/v2/net/ghttp.(*middleware).Next.func1
    C:/Users/54992/go/pkg/mod/github.com/gogf/gf/v2@v2.0.0-rc.0.20220110145829-0f67559995c5/net/ghttp/ghttp_request_middleware.go:94
22. github.com/gogf/gf/v2/util/gutil.TryCatch
    C:/Users/54992/go/pkg/mod/github.com/gogf/gf/v2@v2.0.0-rc.0.20220110145829-0f67559995c5/util/gutil/gutil.go:55
23. github.com/gogf/gf/v2/net/ghttp.(*middleware).Next
    C:/Users/54992/go/pkg/mod/github.com/gogf/gf/v2@v2.0.0-rc.0.20220110145829-0f67559995c5/net/ghttp/ghttp_request_middleware.go:48
24. github.com/gogf/gf/v2/net/ghttp.(*Server).ServeHTTP
    C:/Users/54992/go/pkg/mod/github.com/gogf/gf/v2@v2.0.0-rc.0.20220110145829-0f67559995c5/net/ghttp/ghttp_server_handler.go:121
 
2022-01-14 12:10:37.269 [ERRO] {b466f729a907ca169a647e6fe41d8134} [GToken]token encrypt error 2 a0e6526d8001804a1d6f4d6ad79cd2e4 aes.NewCipher failed for key "fds45ge41gvd5f4ef4we4jy": crypto/aes: invalid key size 23 
Stack:
1.  github.com/goflyfox/gtoken/gtoken.(*GfToken).EncryptToken
    C:/Users/54992/go/pkg/mod/github.com/goflyfox/gtoken@v1.5.0/gtoken/gtoken.go:333
2.  github.com/goflyfox/gtoken/gtoken.(*GfToken).genToken
    C:/Users/54992/go/pkg/mod/github.com/goflyfox/gtoken@v1.5.0/gtoken/gtoken.go:230
3.  github.com/goflyfox/gtoken/gtoken.(*GfToken).Login
    C:/Users/54992/go/pkg/mod/github.com/goflyfox/gtoken@v1.5.0/gtoken/gtoken.go:87
4.  github.com/gogf/gf/v2/net/ghttp.(*middleware).callHandlerFunc.func1
    C:/Users/54992/go/pkg/mod/github.com/gogf/gf/v2@v2.0.0-rc.0.20220110145829-0f67559995c5/net/ghttp/ghttp_request_middleware.go:130
5.  github.com/gogf/gf/v2/net/ghttp.niceCallFunc
    C:/Users/54992/go/pkg/mod/github.com/gogf/gf/v2@v2.0.0-rc.0.20220110145829-0f67559995c5/net/ghttp/ghttp_func.go:52
6.  github.com/gogf/gf/v2/net/ghttp.(*middleware).callHandlerFunc
    C:/Users/54992/go/pkg/mod/github.com/gogf/gf/v2@v2.0.0-rc.0.20220110145829-0f67559995c5/net/ghttp/ghttp_request_middleware.go:128
7.  github.com/gogf/gf/v2/net/ghttp.(*middleware).Next.func1.4
    C:/Users/54992/go/pkg/mod/github.com/gogf/gf/v2@v2.0.0-rc.0.20220110145829-0f67559995c5/net/ghttp/ghttp_request_middleware.go:89
8.  github.com/gogf/gf/v2/net/ghttp.niceCallFunc
    C:/Users/54992/go/pkg/mod/github.com/gogf/gf/v2@v2.0.0-rc.0.20220110145829-0f67559995c5/net/ghttp/ghttp_func.go:52
9.  github.com/gogf/gf/v2/net/ghttp.(*middleware).Next.func1
    C:/Users/54992/go/pkg/mod/github.com/gogf/gf/v2@v2.0.0-rc.0.20220110145829-0f67559995c5/net/ghttp/ghttp_request_middleware.go:88
10. github.com/gogf/gf/v2/util/gutil.TryCatch
    C:/Users/54992/go/pkg/mod/github.com/gogf/gf/v2@v2.0.0-rc.0.20220110145829-0f67559995c5/util/gutil/gutil.go:55
11. github.com/gogf/gf/v2/net/ghttp.(*middleware).Next
    C:/Users/54992/go/pkg/mod/github.com/gogf/gf/v2@v2.0.0-rc.0.20220110145829-0f67559995c5/net/ghttp/ghttp_request_middleware.go:48
12. github.com/goflyfox/gtoken/gtoken.(*GfToken).authMiddleware
    C:/Users/54992/go/pkg/mod/github.com/goflyfox/gtoken@v1.5.0/gtoken/gtoken.go:113
13. github.com/gogf/gf/v2/net/ghttp.(*middleware).Next.func1.1
    C:/Users/54992/go/pkg/mod/github.com/gogf/gf/v2@v2.0.0-rc.0.20220110145829-0f67559995c5/net/ghttp/ghttp_request_middleware.go:54
14. github.com/gogf/gf/v2/net/ghttp.niceCallFunc
    C:/Users/54992/go/pkg/mod/github.com/gogf/gf/v2@v2.0.0-rc.0.20220110145829-0f67559995c5/net/ghttp/ghttp_func.go:52
15. github.com/gogf/gf/v2/net/ghttp.(*middleware).Next.func1
    C:/Users/54992/go/pkg/mod/github.com/gogf/gf/v2@v2.0.0-rc.0.20220110145829-0f67559995c5/net/ghttp/ghttp_request_middleware.go:53
16. github.com/gogf/gf/v2/util/gutil.TryCatch
    C:/Users/54992/go/pkg/mod/github.com/gogf/gf/v2@v2.0.0-rc.0.20220110145829-0f67559995c5/util/gutil/gutil.go:55
17. github.com/gogf/gf/v2/net/ghttp.(*middleware).Next
    C:/Users/54992/go/pkg/mod/github.com/gogf/gf/v2@v2.0.0-rc.0.20220110145829-0f67559995c5/net/ghttp/ghttp_request_middleware.go:48
18. github.com/gogf/gf/v2/net/ghttp.internalMiddlewareServerTracing
    C:/Users/54992/go/pkg/mod/github.com/gogf/gf/v2@v2.0.0-rc.0.20220110145829-0f67559995c5/net/ghttp/ghttp_middleware_tracing.go:78
19. github.com/gogf/gf/v2/net/ghttp.(*middleware).Next.func1.5
    C:/Users/54992/go/pkg/mod/github.com/gogf/gf/v2@v2.0.0-rc.0.20220110145829-0f67559995c5/net/ghttp/ghttp_request_middleware.go:95
20. github.com/gogf/gf/v2/net/ghttp.niceCallFunc
    C:/Users/54992/go/pkg/mod/github.com/gogf/gf/v2@v2.0.0-rc.0.20220110145829-0f67559995c5/net/ghttp/ghttp_func.go:52
21. github.com/gogf/gf/v2/net/ghttp.(*middleware).Next.func1
    C:/Users/54992/go/pkg/mod/github.com/gogf/gf/v2@v2.0.0-rc.0.20220110145829-0f67559995c5/net/ghttp/ghttp_request_middleware.go:94
22. github.com/gogf/gf/v2/util/gutil.TryCatch
    C:/Users/54992/go/pkg/mod/github.com/gogf/gf/v2@v2.0.0-rc.0.20220110145829-0f67559995c5/util/gutil/gutil.go:55
23. github.com/gogf/gf/v2/net/ghttp.(*middleware).Next
    C:/Users/54992/go/pkg/mod/github.com/gogf/gf/v2@v2.0.0-rc.0.20220110145829-0f67559995c5/net/ghttp/ghttp_request_middleware.go:48
24. github.com/gogf/gf/v2/net/ghttp.(*Server).ServeHTTP
    C:/Users/54992/go/pkg/mod/github.com/gogf/gf/v2@v2.0.0-rc.0.20220110145829-0f67559995c5/net/ghttp/ghttp_server_handler.go:121
 
2022-01-14 12:10:53.549 [ERRO] {f46986f4ac07ca169c647e6f63544af2} [GToken]token encrypt error 2 a2b6f30f814088e8242143f15a1bae3d aes.NewCipher failed for key "fds45ge41gvd5f4ef4we4jy": crypto/aes: invalid key size 23 
Stack:
1.  github.com/goflyfox/gtoken/gtoken.(*GfToken).EncryptToken
    C:/Users/54992/go/pkg/mod/github.com/goflyfox/gtoken@v1.5.0/gtoken/gtoken.go:333
2.  github.com/goflyfox/gtoken/gtoken.(*GfToken).genToken
    C:/Users/54992/go/pkg/mod/github.com/goflyfox/gtoken@v1.5.0/gtoken/gtoken.go:230
3.  github.com/goflyfox/gtoken/gtoken.(*GfToken).Login
    C:/Users/54992/go/pkg/mod/github.com/goflyfox/gtoken@v1.5.0/gtoken/gtoken.go:87
4.  github.com/gogf/gf/v2/net/ghttp.(*middleware).callHandlerFunc.func1
    C:/Users/54992/go/pkg/mod/github.com/gogf/gf/v2@v2.0.0-rc.0.20220110145829-0f67559995c5/net/ghttp/ghttp_request_middleware.go:130
5.  github.com/gogf/gf/v2/net/ghttp.niceCallFunc
    C:/Users/54992/go/pkg/mod/github.com/gogf/gf/v2@v2.0.0-rc.0.20220110145829-0f67559995c5/net/ghttp/ghttp_func.go:52
6.  github.com/gogf/gf/v2/net/ghttp.(*middleware).callHandlerFunc
    C:/Users/54992/go/pkg/mod/github.com/gogf/gf/v2@v2.0.0-rc.0.20220110145829-0f67559995c5/net/ghttp/ghttp_request_middleware.go:128
7.  github.com/gogf/gf/v2/net/ghttp.(*middleware).Next.func1.4
    C:/Users/54992/go/pkg/mod/github.com/gogf/gf/v2@v2.0.0-rc.0.20220110145829-0f67559995c5/net/ghttp/ghttp_request_middleware.go:89
8.  github.com/gogf/gf/v2/net/ghttp.niceCallFunc
    C:/Users/54992/go/pkg/mod/github.com/gogf/gf/v2@v2.0.0-rc.0.20220110145829-0f67559995c5/net/ghttp/ghttp_func.go:52
9.  github.com/gogf/gf/v2/net/ghttp.(*middleware).Next.func1
    C:/Users/54992/go/pkg/mod/github.com/gogf/gf/v2@v2.0.0-rc.0.20220110145829-0f67559995c5/net/ghttp/ghttp_request_middleware.go:88
10. github.com/gogf/gf/v2/util/gutil.TryCatch
    C:/Users/54992/go/pkg/mod/github.com/gogf/gf/v2@v2.0.0-rc.0.20220110145829-0f67559995c5/util/gutil/gutil.go:55
11. github.com/gogf/gf/v2/net/ghttp.(*middleware).Next
    C:/Users/54992/go/pkg/mod/github.com/gogf/gf/v2@v2.0.0-rc.0.20220110145829-0f67559995c5/net/ghttp/ghttp_request_middleware.go:48
12. github.com/goflyfox/gtoken/gtoken.(*GfToken).authMiddleware
    C:/Users/54992/go/pkg/mod/github.com/goflyfox/gtoken@v1.5.0/gtoken/gtoken.go:113
13. github.com/gogf/gf/v2/net/ghttp.(*middleware).Next.func1.1
    C:/Users/54992/go/pkg/mod/github.com/gogf/gf/v2@v2.0.0-rc.0.20220110145829-0f67559995c5/net/ghttp/ghttp_request_middleware.go:54
14. github.com/gogf/gf/v2/net/ghttp.niceCallFunc
    C:/Users/54992/go/pkg/mod/github.com/gogf/gf/v2@v2.0.0-rc.0.20220110145829-0f67559995c5/net/ghttp/ghttp_func.go:52
15. github.com/gogf/gf/v2/net/ghttp.(*middleware).Next.func1
    C:/Users/54992/go/pkg/mod/github.com/gogf/gf/v2@v2.0.0-rc.0.20220110145829-0f67559995c5/net/ghttp/ghttp_request_middleware.go:53
16. github.com/gogf/gf/v2/util/gutil.TryCatch
    C:/Users/54992/go/pkg/mod/github.com/gogf/gf/v2@v2.0.0-rc.0.20220110145829-0f67559995c5/util/gutil/gutil.go:55
17. github.com/gogf/gf/v2/net/ghttp.(*middleware).Next
    C:/Users/54992/go/pkg/mod/github.com/gogf/gf/v2@v2.0.0-rc.0.20220110145829-0f67559995c5/net/ghttp/ghttp_request_middleware.go:48
18. github.com/gogf/gf/v2/net/ghttp.internalMiddlewareServerTracing
    C:/Users/54992/go/pkg/mod/github.com/gogf/gf/v2@v2.0.0-rc.0.20220110145829-0f67559995c5/net/ghttp/ghttp_middleware_tracing.go:78
19. github.com/gogf/gf/v2/net/ghttp.(*middleware).Next.func1.5
    C:/Users/54992/go/pkg/mod/github.com/gogf/gf/v2@v2.0.0-rc.0.20220110145829-0f67559995c5/net/ghttp/ghttp_request_middleware.go:95
20. github.com/gogf/gf/v2/net/ghttp.niceCallFunc
    C:/Users/54992/go/pkg/mod/github.com/gogf/gf/v2@v2.0.0-rc.0.20220110145829-0f67559995c5/net/ghttp/ghttp_func.go:52
21. github.com/gogf/gf/v2/net/ghttp.(*middleware).Next.func1
    C:/Users/54992/go/pkg/mod/github.com/gogf/gf/v2@v2.0.0-rc.0.20220110145829-0f67559995c5/net/ghttp/ghttp_request_middleware.go:94
22. github.com/gogf/gf/v2/util/gutil.TryCatch
    C:/Users/54992/go/pkg/mod/github.com/gogf/gf/v2@v2.0.0-rc.0.20220110145829-0f67559995c5/util/gutil/gutil.go:55
23. github.com/gogf/gf/v2/net/ghttp.(*middleware).Next
    C:/Users/54992/go/pkg/mod/github.com/gogf/gf/v2@v2.0.0-rc.0.20220110145829-0f67559995c5/net/ghttp/ghttp_request_middleware.go:48
24. github.com/gogf/gf/v2/net/ghttp.(*Server).ServeHTTP
    C:/Users/54992/go/pkg/mod/github.com/gogf/gf/v2@v2.0.0-rc.0.20220110145829-0f67559995c5/net/ghttp/ghttp_server_handler.go:121
 
2022-01-14 12:12:47.138 [INFO] {ac0dc666c707ca16c2676025e444df36} [GToken][params:{"AuthExcludePaths":"[\"/login\"]","AuthFailMsg":"登录超时，请重新登录","AuthPaths":"","CacheKey":"GToken:","CacheMode":1,"EncryptKey":"fds45ge41gvd5f4ef4we4jy","LoginPath":"/login","LogoutPath":"/logout","MiddlewareType":1,"MultiLogin":true,"Timeout":10800000,"TokenDelimiter":" "}]start...  
2022-01-14 12:12:48.247 [ERRO] {74236fa8c707ca16c36760254ab06eab} [GToken]token encrypt error 2 352c2ac9c1902a4d37c6647c53a03160 aes.NewCipher failed for key "fds45ge41gvd5f4ef4we4jy": crypto/aes: invalid key size 23 
Stack:
1.  github.com/goflyfox/gtoken/gtoken.(*GfToken).EncryptToken
    C:/Users/54992/go/pkg/mod/github.com/goflyfox/gtoken@v1.5.0/gtoken/gtoken.go:333
2.  github.com/goflyfox/gtoken/gtoken.(*GfToken).genToken
    C:/Users/54992/go/pkg/mod/github.com/goflyfox/gtoken@v1.5.0/gtoken/gtoken.go:230
3.  github.com/goflyfox/gtoken/gtoken.(*GfToken).Login
    C:/Users/54992/go/pkg/mod/github.com/goflyfox/gtoken@v1.5.0/gtoken/gtoken.go:87
4.  github.com/gogf/gf/v2/net/ghttp.(*middleware).callHandlerFunc.func1
    C:/Users/54992/go/pkg/mod/github.com/gogf/gf/v2@v2.0.0-rc.0.20220110145829-0f67559995c5/net/ghttp/ghttp_request_middleware.go:130
5.  github.com/gogf/gf/v2/net/ghttp.niceCallFunc
    C:/Users/54992/go/pkg/mod/github.com/gogf/gf/v2@v2.0.0-rc.0.20220110145829-0f67559995c5/net/ghttp/ghttp_func.go:52
6.  github.com/gogf/gf/v2/net/ghttp.(*middleware).callHandlerFunc
    C:/Users/54992/go/pkg/mod/github.com/gogf/gf/v2@v2.0.0-rc.0.20220110145829-0f67559995c5/net/ghttp/ghttp_request_middleware.go:128
7.  github.com/gogf/gf/v2/net/ghttp.(*middleware).Next.func1.4
    C:/Users/54992/go/pkg/mod/github.com/gogf/gf/v2@v2.0.0-rc.0.20220110145829-0f67559995c5/net/ghttp/ghttp_request_middleware.go:89
8.  github.com/gogf/gf/v2/net/ghttp.niceCallFunc
    C:/Users/54992/go/pkg/mod/github.com/gogf/gf/v2@v2.0.0-rc.0.20220110145829-0f67559995c5/net/ghttp/ghttp_func.go:52
9.  github.com/gogf/gf/v2/net/ghttp.(*middleware).Next.func1
    C:/Users/54992/go/pkg/mod/github.com/gogf/gf/v2@v2.0.0-rc.0.20220110145829-0f67559995c5/net/ghttp/ghttp_request_middleware.go:88
10. github.com/gogf/gf/v2/util/gutil.TryCatch
    C:/Users/54992/go/pkg/mod/github.com/gogf/gf/v2@v2.0.0-rc.0.20220110145829-0f67559995c5/util/gutil/gutil.go:55
11. github.com/gogf/gf/v2/net/ghttp.(*middleware).Next
    C:/Users/54992/go/pkg/mod/github.com/gogf/gf/v2@v2.0.0-rc.0.20220110145829-0f67559995c5/net/ghttp/ghttp_request_middleware.go:48
12. github.com/goflyfox/gtoken/gtoken.(*GfToken).authMiddleware
    C:/Users/54992/go/pkg/mod/github.com/goflyfox/gtoken@v1.5.0/gtoken/gtoken.go:113
13. github.com/gogf/gf/v2/net/ghttp.(*middleware).Next.func1.1
    C:/Users/54992/go/pkg/mod/github.com/gogf/gf/v2@v2.0.0-rc.0.20220110145829-0f67559995c5/net/ghttp/ghttp_request_middleware.go:54
14. github.com/gogf/gf/v2/net/ghttp.niceCallFunc
    C:/Users/54992/go/pkg/mod/github.com/gogf/gf/v2@v2.0.0-rc.0.20220110145829-0f67559995c5/net/ghttp/ghttp_func.go:52
15. github.com/gogf/gf/v2/net/ghttp.(*middleware).Next.func1
    C:/Users/54992/go/pkg/mod/github.com/gogf/gf/v2@v2.0.0-rc.0.20220110145829-0f67559995c5/net/ghttp/ghttp_request_middleware.go:53
16. github.com/gogf/gf/v2/util/gutil.TryCatch
    C:/Users/54992/go/pkg/mod/github.com/gogf/gf/v2@v2.0.0-rc.0.20220110145829-0f67559995c5/util/gutil/gutil.go:55
17. github.com/gogf/gf/v2/net/ghttp.(*middleware).Next
    C:/Users/54992/go/pkg/mod/github.com/gogf/gf/v2@v2.0.0-rc.0.20220110145829-0f67559995c5/net/ghttp/ghttp_request_middleware.go:48
18. github.com/gogf/gf/v2/net/ghttp.internalMiddlewareServerTracing
    C:/Users/54992/go/pkg/mod/github.com/gogf/gf/v2@v2.0.0-rc.0.20220110145829-0f67559995c5/net/ghttp/ghttp_middleware_tracing.go:78
19. github.com/gogf/gf/v2/net/ghttp.(*middleware).Next.func1.5
    C:/Users/54992/go/pkg/mod/github.com/gogf/gf/v2@v2.0.0-rc.0.20220110145829-0f67559995c5/net/ghttp/ghttp_request_middleware.go:95
20. github.com/gogf/gf/v2/net/ghttp.niceCallFunc
    C:/Users/54992/go/pkg/mod/github.com/gogf/gf/v2@v2.0.0-rc.0.20220110145829-0f67559995c5/net/ghttp/ghttp_func.go:52
21. github.com/gogf/gf/v2/net/ghttp.(*middleware).Next.func1
    C:/Users/54992/go/pkg/mod/github.com/gogf/gf/v2@v2.0.0-rc.0.20220110145829-0f67559995c5/net/ghttp/ghttp_request_middleware.go:94
22. github.com/gogf/gf/v2/util/gutil.TryCatch
    C:/Users/54992/go/pkg/mod/github.com/gogf/gf/v2@v2.0.0-rc.0.20220110145829-0f67559995c5/util/gutil/gutil.go:55
23. github.com/gogf/gf/v2/net/ghttp.(*middleware).Next
    C:/Users/54992/go/pkg/mod/github.com/gogf/gf/v2@v2.0.0-rc.0.20220110145829-0f67559995c5/net/ghttp/ghttp_request_middleware.go:48
24. github.com/gogf/gf/v2/net/ghttp.(*Server).ServeHTTP
    C:/Users/54992/go/pkg/mod/github.com/gogf/gf/v2@v2.0.0-rc.0.20220110145829-0f67559995c5/net/ghttp/ghttp_server_handler.go:121
 
2022-01-14 12:13:33.302 [INFO] {344c6c26d207ca16e808fb4a9fdc9d71} [GToken][params:{"AuthExcludePaths":"[\"/login\"]","AuthFailMsg":"登录超时，请重新登录","AuthPaths":"","CacheKey":"GToken:","CacheMode":1,"EncryptKey":"fds45ge41gvd5f4ef4we4jy","LoginPath":"/login","LogoutPath":"/logout","MiddlewareType":1,"MultiLogin":true,"Timeout":10800000,"TokenDelimiter":" "}]start...  
2022-01-14 12:13:34.404 [ERRO] {a8fdf567d207ca16e908fb4a62a1767c} [GToken]token encrypt error 2 ddd57e14db8c8332ea9092b22ce9dddc aes.NewCipher failed for key "fds45ge41gvd5f4ef4we4jy": crypto/aes: invalid key size 23 
Stack:
1.  github.com/goflyfox/gtoken/gtoken.(*GfToken).EncryptToken
    C:/Users/54992/go/pkg/mod/github.com/goflyfox/gtoken@v1.5.0/gtoken/gtoken.go:333
2.  github.com/goflyfox/gtoken/gtoken.(*GfToken).genToken
    C:/Users/54992/go/pkg/mod/github.com/goflyfox/gtoken@v1.5.0/gtoken/gtoken.go:230
3.  github.com/goflyfox/gtoken/gtoken.(*GfToken).Login
    C:/Users/54992/go/pkg/mod/github.com/goflyfox/gtoken@v1.5.0/gtoken/gtoken.go:87
4.  github.com/gogf/gf/v2/net/ghttp.(*middleware).callHandlerFunc.func1
    C:/Users/54992/go/pkg/mod/github.com/gogf/gf/v2@v2.0.0-rc.0.20220110145829-0f67559995c5/net/ghttp/ghttp_request_middleware.go:130
5.  github.com/gogf/gf/v2/net/ghttp.niceCallFunc
    C:/Users/54992/go/pkg/mod/github.com/gogf/gf/v2@v2.0.0-rc.0.20220110145829-0f67559995c5/net/ghttp/ghttp_func.go:52
6.  github.com/gogf/gf/v2/net/ghttp.(*middleware).callHandlerFunc
    C:/Users/54992/go/pkg/mod/github.com/gogf/gf/v2@v2.0.0-rc.0.20220110145829-0f67559995c5/net/ghttp/ghttp_request_middleware.go:128
7.  github.com/gogf/gf/v2/net/ghttp.(*middleware).Next.func1.4
    C:/Users/54992/go/pkg/mod/github.com/gogf/gf/v2@v2.0.0-rc.0.20220110145829-0f67559995c5/net/ghttp/ghttp_request_middleware.go:89
8.  github.com/gogf/gf/v2/net/ghttp.niceCallFunc
    C:/Users/54992/go/pkg/mod/github.com/gogf/gf/v2@v2.0.0-rc.0.20220110145829-0f67559995c5/net/ghttp/ghttp_func.go:52
9.  github.com/gogf/gf/v2/net/ghttp.(*middleware).Next.func1
    C:/Users/54992/go/pkg/mod/github.com/gogf/gf/v2@v2.0.0-rc.0.20220110145829-0f67559995c5/net/ghttp/ghttp_request_middleware.go:88
10. github.com/gogf/gf/v2/util/gutil.TryCatch
    C:/Users/54992/go/pkg/mod/github.com/gogf/gf/v2@v2.0.0-rc.0.20220110145829-0f67559995c5/util/gutil/gutil.go:55
11. github.com/gogf/gf/v2/net/ghttp.(*middleware).Next
    C:/Users/54992/go/pkg/mod/github.com/gogf/gf/v2@v2.0.0-rc.0.20220110145829-0f67559995c5/net/ghttp/ghttp_request_middleware.go:48
12. github.com/goflyfox/gtoken/gtoken.(*GfToken).authMiddleware
    C:/Users/54992/go/pkg/mod/github.com/goflyfox/gtoken@v1.5.0/gtoken/gtoken.go:113
13. github.com/gogf/gf/v2/net/ghttp.(*middleware).Next.func1.1
    C:/Users/54992/go/pkg/mod/github.com/gogf/gf/v2@v2.0.0-rc.0.20220110145829-0f67559995c5/net/ghttp/ghttp_request_middleware.go:54
14. github.com/gogf/gf/v2/net/ghttp.niceCallFunc
    C:/Users/54992/go/pkg/mod/github.com/gogf/gf/v2@v2.0.0-rc.0.20220110145829-0f67559995c5/net/ghttp/ghttp_func.go:52
15. github.com/gogf/gf/v2/net/ghttp.(*middleware).Next.func1
    C:/Users/54992/go/pkg/mod/github.com/gogf/gf/v2@v2.0.0-rc.0.20220110145829-0f67559995c5/net/ghttp/ghttp_request_middleware.go:53
16. github.com/gogf/gf/v2/util/gutil.TryCatch
    C:/Users/54992/go/pkg/mod/github.com/gogf/gf/v2@v2.0.0-rc.0.20220110145829-0f67559995c5/util/gutil/gutil.go:55
17. github.com/gogf/gf/v2/net/ghttp.(*middleware).Next
    C:/Users/54992/go/pkg/mod/github.com/gogf/gf/v2@v2.0.0-rc.0.20220110145829-0f67559995c5/net/ghttp/ghttp_request_middleware.go:48
18. github.com/gogf/gf/v2/net/ghttp.internalMiddlewareServerTracing
    C:/Users/54992/go/pkg/mod/github.com/gogf/gf/v2@v2.0.0-rc.0.20220110145829-0f67559995c5/net/ghttp/ghttp_middleware_tracing.go:78
19. github.com/gogf/gf/v2/net/ghttp.(*middleware).Next.func1.5
    C:/Users/54992/go/pkg/mod/github.com/gogf/gf/v2@v2.0.0-rc.0.20220110145829-0f67559995c5/net/ghttp/ghttp_request_middleware.go:95
20. github.com/gogf/gf/v2/net/ghttp.niceCallFunc
    C:/Users/54992/go/pkg/mod/github.com/gogf/gf/v2@v2.0.0-rc.0.20220110145829-0f67559995c5/net/ghttp/ghttp_func.go:52
21. github.com/gogf/gf/v2/net/ghttp.(*middleware).Next.func1
    C:/Users/54992/go/pkg/mod/github.com/gogf/gf/v2@v2.0.0-rc.0.20220110145829-0f67559995c5/net/ghttp/ghttp_request_middleware.go:94
22. github.com/gogf/gf/v2/util/gutil.TryCatch
    C:/Users/54992/go/pkg/mod/github.com/gogf/gf/v2@v2.0.0-rc.0.20220110145829-0f67559995c5/util/gutil/gutil.go:55
23. github.com/gogf/gf/v2/net/ghttp.(*middleware).Next
    C:/Users/54992/go/pkg/mod/github.com/gogf/gf/v2@v2.0.0-rc.0.20220110145829-0f67559995c5/net/ghttp/ghttp_request_middleware.go:48
24. github.com/gogf/gf/v2/net/ghttp.(*Server).ServeHTTP
    C:/Users/54992/go/pkg/mod/github.com/gogf/gf/v2@v2.0.0-rc.0.20220110145829-0f67559995c5/net/ghttp/ghttp_server_handler.go:121
 
2022-01-14 12:14:08.815 [INFO] {e839196bda07ca16969bea298b08a2d3} [GToken][params:{"AuthExcludePaths":"[\"/login\"]","AuthFailMsg":"登录超时，请重新登录","AuthPaths":"","CacheKey":"GToken:","CacheMode":1,"EncryptKey":"fds45ge41gvd5f4ef4we4jy","LoginPath":"/login","LogoutPath":"/logout","MiddlewareType":1,"MultiLogin":true,"Timeout":10800000,"TokenDelimiter":" "}]start...  
2022-01-14 12:14:11.266 [ERRO] {3ca404fdda07ca16979bea296450bdd2} [GToken]token encrypt error 2 b1161f935f5bbf2bfda94aab9cdd75ed aes.NewCipher failed for key "fds45ge41gvd5f4ef4we4jy": crypto/aes: invalid key size 23 
Stack:
1.  github.com/goflyfox/gtoken/gtoken.(*GfToken).EncryptToken
    C:/Users/54992/go/pkg/mod/github.com/goflyfox/gtoken@v1.5.0/gtoken/gtoken.go:333
2.  github.com/goflyfox/gtoken/gtoken.(*GfToken).genToken
    C:/Users/54992/go/pkg/mod/github.com/goflyfox/gtoken@v1.5.0/gtoken/gtoken.go:230
3.  github.com/goflyfox/gtoken/gtoken.(*GfToken).Login
    C:/Users/54992/go/pkg/mod/github.com/goflyfox/gtoken@v1.5.0/gtoken/gtoken.go:87
4.  github.com/gogf/gf/v2/net/ghttp.(*middleware).callHandlerFunc.func1
    C:/Users/54992/go/pkg/mod/github.com/gogf/gf/v2@v2.0.0-rc.0.20220110145829-0f67559995c5/net/ghttp/ghttp_request_middleware.go:130
5.  github.com/gogf/gf/v2/net/ghttp.niceCallFunc
    C:/Users/54992/go/pkg/mod/github.com/gogf/gf/v2@v2.0.0-rc.0.20220110145829-0f67559995c5/net/ghttp/ghttp_func.go:52
6.  github.com/gogf/gf/v2/net/ghttp.(*middleware).callHandlerFunc
    C:/Users/54992/go/pkg/mod/github.com/gogf/gf/v2@v2.0.0-rc.0.20220110145829-0f67559995c5/net/ghttp/ghttp_request_middleware.go:128
7.  github.com/gogf/gf/v2/net/ghttp.(*middleware).Next.func1.4
    C:/Users/54992/go/pkg/mod/github.com/gogf/gf/v2@v2.0.0-rc.0.20220110145829-0f67559995c5/net/ghttp/ghttp_request_middleware.go:89
8.  github.com/gogf/gf/v2/net/ghttp.niceCallFunc
    C:/Users/54992/go/pkg/mod/github.com/gogf/gf/v2@v2.0.0-rc.0.20220110145829-0f67559995c5/net/ghttp/ghttp_func.go:52
9.  github.com/gogf/gf/v2/net/ghttp.(*middleware).Next.func1
    C:/Users/54992/go/pkg/mod/github.com/gogf/gf/v2@v2.0.0-rc.0.20220110145829-0f67559995c5/net/ghttp/ghttp_request_middleware.go:88
10. github.com/gogf/gf/v2/util/gutil.TryCatch
    C:/Users/54992/go/pkg/mod/github.com/gogf/gf/v2@v2.0.0-rc.0.20220110145829-0f67559995c5/util/gutil/gutil.go:55
11. github.com/gogf/gf/v2/net/ghttp.(*middleware).Next
    C:/Users/54992/go/pkg/mod/github.com/gogf/gf/v2@v2.0.0-rc.0.20220110145829-0f67559995c5/net/ghttp/ghttp_request_middleware.go:48
12. github.com/goflyfox/gtoken/gtoken.(*GfToken).authMiddleware
    C:/Users/54992/go/pkg/mod/github.com/goflyfox/gtoken@v1.5.0/gtoken/gtoken.go:113
13. github.com/gogf/gf/v2/net/ghttp.(*middleware).Next.func1.1
    C:/Users/54992/go/pkg/mod/github.com/gogf/gf/v2@v2.0.0-rc.0.20220110145829-0f67559995c5/net/ghttp/ghttp_request_middleware.go:54
14. github.com/gogf/gf/v2/net/ghttp.niceCallFunc
    C:/Users/54992/go/pkg/mod/github.com/gogf/gf/v2@v2.0.0-rc.0.20220110145829-0f67559995c5/net/ghttp/ghttp_func.go:52
15. github.com/gogf/gf/v2/net/ghttp.(*middleware).Next.func1
    C:/Users/54992/go/pkg/mod/github.com/gogf/gf/v2@v2.0.0-rc.0.20220110145829-0f67559995c5/net/ghttp/ghttp_request_middleware.go:53
16. github.com/gogf/gf/v2/util/gutil.TryCatch
    C:/Users/54992/go/pkg/mod/github.com/gogf/gf/v2@v2.0.0-rc.0.20220110145829-0f67559995c5/util/gutil/gutil.go:55
17. github.com/gogf/gf/v2/net/ghttp.(*middleware).Next
    C:/Users/54992/go/pkg/mod/github.com/gogf/gf/v2@v2.0.0-rc.0.20220110145829-0f67559995c5/net/ghttp/ghttp_request_middleware.go:48
18. github.com/gogf/gf/v2/net/ghttp.internalMiddlewareServerTracing
    C:/Users/54992/go/pkg/mod/github.com/gogf/gf/v2@v2.0.0-rc.0.20220110145829-0f67559995c5/net/ghttp/ghttp_middleware_tracing.go:78
19. github.com/gogf/gf/v2/net/ghttp.(*middleware).Next.func1.5
    C:/Users/54992/go/pkg/mod/github.com/gogf/gf/v2@v2.0.0-rc.0.20220110145829-0f67559995c5/net/ghttp/ghttp_request_middleware.go:95
20. github.com/gogf/gf/v2/net/ghttp.niceCallFunc
    C:/Users/54992/go/pkg/mod/github.com/gogf/gf/v2@v2.0.0-rc.0.20220110145829-0f67559995c5/net/ghttp/ghttp_func.go:52
21. github.com/gogf/gf/v2/net/ghttp.(*middleware).Next.func1
    C:/Users/54992/go/pkg/mod/github.com/gogf/gf/v2@v2.0.0-rc.0.20220110145829-0f67559995c5/net/ghttp/ghttp_request_middleware.go:94
22. github.com/gogf/gf/v2/util/gutil.TryCatch
    C:/Users/54992/go/pkg/mod/github.com/gogf/gf/v2@v2.0.0-rc.0.20220110145829-0f67559995c5/util/gutil/gutil.go:55
23. github.com/gogf/gf/v2/net/ghttp.(*middleware).Next
    C:/Users/54992/go/pkg/mod/github.com/gogf/gf/v2@v2.0.0-rc.0.20220110145829-0f67559995c5/net/ghttp/ghttp_request_middleware.go:48
24. github.com/gogf/gf/v2/net/ghttp.(*Server).ServeHTTP
    C:/Users/54992/go/pkg/mod/github.com/gogf/gf/v2@v2.0.0-rc.0.20220110145829-0f67559995c5/net/ghttp/ghttp_server_handler.go:121
 
2022-01-14 12:16:08.524 [INFO] {bc804e4af607ca165c199552d220797b} [GToken][params:{"AuthExcludePaths":"[\"/login\"]","AuthFailMsg":"登录超时，请重新登录","AuthPaths":"","CacheKey":"GToken:","CacheMode":1,"EncryptKey":"5awuMBAXOucydRZvb1vNRTCPaq5ME7JP","LoginPath":"/login","LogoutPath":"/logout","MiddlewareType":1,"MultiLogin":true,"Timeout":10800000,"TokenDelimiter":" "}]start...  
2022-01-14 16:30:50.913 [INFO] {5c1faa7fdc15ca1625369838d1b6fdc9} [GToken][params:{"AuthExcludePaths":"[\"/login\"]","AuthFailMsg":"登录超时，请重新登录","AuthPaths":"","CacheKey":"GToken:","CacheMode":1,"EncryptKey":"5awuMBAXOucydRZvb1vNRTCPaq5ME7JP","LoginPath":"/login","LogoutPath":"/logout","MiddlewareType":1,"MultiLogin":true,"Timeout":10800000,"TokenDelimiter":" "}]start...  
2022-01-14 16:33:09.758 [INFO] {b09b74d3fc15ca16a2d0511dbb14efa7} [GToken][params:{"AuthExcludePaths":"[\"/login\"]","AuthFailMsg":"登录超时，请重新登录","AuthPaths":"","CacheKey":"GToken:","CacheMode":1,"EncryptKey":"5awuMBAXOucydRZvb1vNRTCPaq5ME7JP","LoginPath":"/login","LogoutPath":"/logout","MiddlewareType":1,"MultiLogin":true,"Timeout":10800000,"TokenDelimiter":" "}]start...  
2022-01-14 16:34:34.842 [ERRO] {449422a31016ca16a5d0511dcc0a273d} [GToken]token decode error p/ylJVwjYl2YGSuXWO6CknUgTLJK1qYgf9hfqi43jZg9aPvUpl9+/8mfvb17yiIO1 base64.StdEncoding.Decode failed: illegal base64 data at input byte 64 
Stack:
1.  github.com/goflyfox/gtoken/gtoken.(*GfToken).DecryptToken
    C:/Users/54992/go/pkg/mod/github.com/goflyfox/gtoken@v1.5.0/gtoken/gtoken.go:352
2.  github.com/goflyfox/gtoken/gtoken.(*GfToken).validToken
    C:/Users/54992/go/pkg/mod/github.com/goflyfox/gtoken@v1.5.0/gtoken/gtoken.go:258
3.  github.com/goflyfox/gtoken/gtoken.(*GfToken).authMiddleware
    C:/Users/54992/go/pkg/mod/github.com/goflyfox/gtoken@v1.5.0/gtoken/gtoken.go:127
4.  github.com/gogf/gf/v2/net/ghttp.(*middleware).Next.func1.1
    C:/Users/54992/go/pkg/mod/github.com/gogf/gf/v2@v2.0.0-rc.0.20220110145829-0f67559995c5/net/ghttp/ghttp_request_middleware.go:54
5.  github.com/gogf/gf/v2/net/ghttp.niceCallFunc
    C:/Users/54992/go/pkg/mod/github.com/gogf/gf/v2@v2.0.0-rc.0.20220110145829-0f67559995c5/net/ghttp/ghttp_func.go:52
6.  github.com/gogf/gf/v2/net/ghttp.(*middleware).Next.func1
    C:/Users/54992/go/pkg/mod/github.com/gogf/gf/v2@v2.0.0-rc.0.20220110145829-0f67559995c5/net/ghttp/ghttp_request_middleware.go:53
7.  github.com/gogf/gf/v2/util/gutil.TryCatch
    C:/Users/54992/go/pkg/mod/github.com/gogf/gf/v2@v2.0.0-rc.0.20220110145829-0f67559995c5/util/gutil/gutil.go:55
8.  github.com/gogf/gf/v2/net/ghttp.(*middleware).Next
    C:/Users/54992/go/pkg/mod/github.com/gogf/gf/v2@v2.0.0-rc.0.20220110145829-0f67559995c5/net/ghttp/ghttp_request_middleware.go:48
9.  github.com/gogf/gf/v2/net/ghttp.internalMiddlewareServerTracing
    C:/Users/54992/go/pkg/mod/github.com/gogf/gf/v2@v2.0.0-rc.0.20220110145829-0f67559995c5/net/ghttp/ghttp_middleware_tracing.go:78
10. github.com/gogf/gf/v2/net/ghttp.(*middleware).Next.func1.5
    C:/Users/54992/go/pkg/mod/github.com/gogf/gf/v2@v2.0.0-rc.0.20220110145829-0f67559995c5/net/ghttp/ghttp_request_middleware.go:95
11. github.com/gogf/gf/v2/net/ghttp.niceCallFunc
    C:/Users/54992/go/pkg/mod/github.com/gogf/gf/v2@v2.0.0-rc.0.20220110145829-0f67559995c5/net/ghttp/ghttp_func.go:52
12. github.com/gogf/gf/v2/net/ghttp.(*middleware).Next.func1
    C:/Users/54992/go/pkg/mod/github.com/gogf/gf/v2@v2.0.0-rc.0.20220110145829-0f67559995c5/net/ghttp/ghttp_request_middleware.go:94
13. github.com/gogf/gf/v2/util/gutil.TryCatch
    C:/Users/54992/go/pkg/mod/github.com/gogf/gf/v2@v2.0.0-rc.0.20220110145829-0f67559995c5/util/gutil/gutil.go:55
14. github.com/gogf/gf/v2/net/ghttp.(*middleware).Next
    C:/Users/54992/go/pkg/mod/github.com/gogf/gf/v2@v2.0.0-rc.0.20220110145829-0f67559995c5/net/ghttp/ghttp_request_middleware.go:48
15. github.com/gogf/gf/v2/net/ghttp.(*Server).ServeHTTP
    C:/Users/54992/go/pkg/mod/github.com/gogf/gf/v2@v2.0.0-rc.0.20220110145829-0f67559995c5/net/ghttp/ghttp_server_handler.go:121
 
2022-01-14 16:52:41.975 [INFO] {9c2702c10d17ca1691608f32b7013e61} [GToken][params:{"AuthExcludePaths":"","AuthFailMsg":"登录超时，请重新登录","AuthPaths":"","CacheKey":"GToken:","CacheMode":1,"EncryptKey":"5awuMBAXOucydRZvb1vNRTCPaq5ME7JP","LoginPath":"/login","LogoutPath":"/logout","MiddlewareType":1,"MultiLogin":true,"Timeout":10800000,"TokenDelimiter":" "}]start...  
2022-01-14 17:44:50.068 [INFO] {2c6ff411e619ca16bb89b0421dce5791} [GToken][params:{"AuthExcludePaths":"","AuthFailMsg":"登录超时，请重新登录","AuthPaths":"","CacheKey":"GToken:","CacheMode":1,"EncryptKey":"5awuMBAXOucydRZvb1vNRTCPaq5ME7JP","LoginPath":"/login","LogoutPath":"/logout","MiddlewareType":1,"MultiLogin":true,"Timeout":10800000,"TokenDelimiter":"_"}]start...  
2022-01-14 17:45:23.678 [ERRO] {44087ce5ed19ca16be89b042a2c08a6c} [GToken]token decode error sj60UMnaZHRDKfREWq5JXn1TB+l6RWZH0HV8ME5KQ89WNbXYEZ4SBIB0wt3lU6PK1 base64.StdEncoding.Decode failed: illegal base64 data at input byte 64 
Stack:
1.  github.com/goflyfox/gtoken/gtoken.(*GfToken).DecryptToken
    C:/Users/54992/go/pkg/mod/github.com/goflyfox/gtoken@v1.5.0/gtoken/gtoken.go:352
2.  github.com/goflyfox/gtoken/gtoken.(*GfToken).validToken
    C:/Users/54992/go/pkg/mod/github.com/goflyfox/gtoken@v1.5.0/gtoken/gtoken.go:258
3.  github.com/goflyfox/gtoken/gtoken.(*GfToken).authMiddleware
    C:/Users/54992/go/pkg/mod/github.com/goflyfox/gtoken@v1.5.0/gtoken/gtoken.go:127
4.  github.com/gogf/gf/v2/net/ghttp.(*middleware).Next.func1.1
    C:/Users/54992/go/pkg/mod/github.com/gogf/gf/v2@v2.0.0-rc.0.20220110145829-0f67559995c5/net/ghttp/ghttp_request_middleware.go:54
5.  github.com/gogf/gf/v2/net/ghttp.niceCallFunc
    C:/Users/54992/go/pkg/mod/github.com/gogf/gf/v2@v2.0.0-rc.0.20220110145829-0f67559995c5/net/ghttp/ghttp_func.go:52
6.  github.com/gogf/gf/v2/net/ghttp.(*middleware).Next.func1
    C:/Users/54992/go/pkg/mod/github.com/gogf/gf/v2@v2.0.0-rc.0.20220110145829-0f67559995c5/net/ghttp/ghttp_request_middleware.go:53
7.  github.com/gogf/gf/v2/util/gutil.TryCatch
    C:/Users/54992/go/pkg/mod/github.com/gogf/gf/v2@v2.0.0-rc.0.20220110145829-0f67559995c5/util/gutil/gutil.go:55
8.  github.com/gogf/gf/v2/net/ghttp.(*middleware).Next
    C:/Users/54992/go/pkg/mod/github.com/gogf/gf/v2@v2.0.0-rc.0.20220110145829-0f67559995c5/net/ghttp/ghttp_request_middleware.go:48
9.  github.com/gogf/gf/v2/net/ghttp.internalMiddlewareServerTracing
    C:/Users/54992/go/pkg/mod/github.com/gogf/gf/v2@v2.0.0-rc.0.20220110145829-0f67559995c5/net/ghttp/ghttp_middleware_tracing.go:78
10. github.com/gogf/gf/v2/net/ghttp.(*middleware).Next.func1.5
    C:/Users/54992/go/pkg/mod/github.com/gogf/gf/v2@v2.0.0-rc.0.20220110145829-0f67559995c5/net/ghttp/ghttp_request_middleware.go:95
11. github.com/gogf/gf/v2/net/ghttp.niceCallFunc
    C:/Users/54992/go/pkg/mod/github.com/gogf/gf/v2@v2.0.0-rc.0.20220110145829-0f67559995c5/net/ghttp/ghttp_func.go:52
12. github.com/gogf/gf/v2/net/ghttp.(*middleware).Next.func1
    C:/Users/54992/go/pkg/mod/github.com/gogf/gf/v2@v2.0.0-rc.0.20220110145829-0f67559995c5/net/ghttp/ghttp_request_middleware.go:94
13. github.com/gogf/gf/v2/util/gutil.TryCatch
    C:/Users/54992/go/pkg/mod/github.com/gogf/gf/v2@v2.0.0-rc.0.20220110145829-0f67559995c5/util/gutil/gutil.go:55
14. github.com/gogf/gf/v2/net/ghttp.(*middleware).Next
    C:/Users/54992/go/pkg/mod/github.com/gogf/gf/v2@v2.0.0-rc.0.20220110145829-0f67559995c5/net/ghttp/ghttp_request_middleware.go:48
15. github.com/gogf/gf/v2/net/ghttp.(*Server).ServeHTTP
    C:/Users/54992/go/pkg/mod/github.com/gogf/gf/v2@v2.0.0-rc.0.20220110145829-0f67559995c5/net/ghttp/ghttp_server_handler.go:121
 
2022-01-14 17:47:03.582 [INFO] {44bb0a28051aca169555ef07320c27bf} [GToken][params:{"AuthExcludePaths":"","AuthFailMsg":"登录超时，请重新登录","AuthPaths":"","CacheKey":"GToken:","CacheMode":1,"EncryptKey":"5awuMBAXOucydRZvb1vNRTCPaq5ME7JP","LoginPath":"/login","LogoutPath":"/logout","MiddlewareType":1,"MultiLogin":true,"Timeout":10800000,"TokenDelimiter":"_"}]start...  
2022-01-14 17:47:39.617 [ERRO] {744d0e8c0d1aca169b55ef079b3d93e9} [GToken]token decode error iw0FIPDuR1RJQVt9q9RvcMHgp9KVi3C6D517bevaVni4sVboNP5YYnWAQRrsGqHp1 base64.StdEncoding.Decode failed: illegal base64 data at input byte 64 
Stack:
1.  github.com/goflyfox/gtoken/gtoken.(*GfToken).DecryptToken
    C:/Users/54992/go/pkg/mod/github.com/goflyfox/gtoken@v1.5.0/gtoken/gtoken.go:352
2.  github.com/goflyfox/gtoken/gtoken.(*GfToken).validToken
    C:/Users/54992/go/pkg/mod/github.com/goflyfox/gtoken@v1.5.0/gtoken/gtoken.go:258
3.  github.com/goflyfox/gtoken/gtoken.(*GfToken).authMiddleware
    C:/Users/54992/go/pkg/mod/github.com/goflyfox/gtoken@v1.5.0/gtoken/gtoken.go:127
4.  github.com/gogf/gf/v2/net/ghttp.(*middleware).Next.func1.1
    C:/Users/54992/go/pkg/mod/github.com/gogf/gf/v2@v2.0.0-rc.0.20220110145829-0f67559995c5/net/ghttp/ghttp_request_middleware.go:54
5.  github.com/gogf/gf/v2/net/ghttp.niceCallFunc
    C:/Users/54992/go/pkg/mod/github.com/gogf/gf/v2@v2.0.0-rc.0.20220110145829-0f67559995c5/net/ghttp/ghttp_func.go:52
6.  github.com/gogf/gf/v2/net/ghttp.(*middleware).Next.func1
    C:/Users/54992/go/pkg/mod/github.com/gogf/gf/v2@v2.0.0-rc.0.20220110145829-0f67559995c5/net/ghttp/ghttp_request_middleware.go:53
7.  github.com/gogf/gf/v2/util/gutil.TryCatch
    C:/Users/54992/go/pkg/mod/github.com/gogf/gf/v2@v2.0.0-rc.0.20220110145829-0f67559995c5/util/gutil/gutil.go:55
8.  github.com/gogf/gf/v2/net/ghttp.(*middleware).Next
    C:/Users/54992/go/pkg/mod/github.com/gogf/gf/v2@v2.0.0-rc.0.20220110145829-0f67559995c5/net/ghttp/ghttp_request_middleware.go:48
9.  github.com/gogf/gf/v2/net/ghttp.internalMiddlewareServerTracing
    C:/Users/54992/go/pkg/mod/github.com/gogf/gf/v2@v2.0.0-rc.0.20220110145829-0f67559995c5/net/ghttp/ghttp_middleware_tracing.go:78
10. github.com/gogf/gf/v2/net/ghttp.(*middleware).Next.func1.5
    C:/Users/54992/go/pkg/mod/github.com/gogf/gf/v2@v2.0.0-rc.0.20220110145829-0f67559995c5/net/ghttp/ghttp_request_middleware.go:95
11. github.com/gogf/gf/v2/net/ghttp.niceCallFunc
    C:/Users/54992/go/pkg/mod/github.com/gogf/gf/v2@v2.0.0-rc.0.20220110145829-0f67559995c5/net/ghttp/ghttp_func.go:52
12. github.com/gogf/gf/v2/net/ghttp.(*middleware).Next.func1
    C:/Users/54992/go/pkg/mod/github.com/gogf/gf/v2@v2.0.0-rc.0.20220110145829-0f67559995c5/net/ghttp/ghttp_request_middleware.go:94
13. github.com/gogf/gf/v2/util/gutil.TryCatch
    C:/Users/54992/go/pkg/mod/github.com/gogf/gf/v2@v2.0.0-rc.0.20220110145829-0f67559995c5/util/gutil/gutil.go:55
14. github.com/gogf/gf/v2/net/ghttp.(*middleware).Next
    C:/Users/54992/go/pkg/mod/github.com/gogf/gf/v2@v2.0.0-rc.0.20220110145829-0f67559995c5/net/ghttp/ghttp_request_middleware.go:48
15. github.com/gogf/gf/v2/net/ghttp.(*Server).ServeHTTP
    C:/Users/54992/go/pkg/mod/github.com/gogf/gf/v2@v2.0.0-rc.0.20220110145829-0f67559995c5/net/ghttp/ghttp_server_handler.go:121
 
2022-01-14 17:48:44.997 [INFO] {30c7d6c41c1aca160121f932197fa3d8} [GToken][params:{"AuthExcludePaths":"","AuthFailMsg":"登录超时，请重新登录","AuthPaths":"","CacheKey":"GToken:","CacheMode":1,"EncryptKey":"5awuMBAXOucydRZvb1vNRTCPaq5ME7JP","LoginPath":"/login","LogoutPath":"/logout","MiddlewareType":1,"MultiLogin":true,"Timeout":10800000,"TokenDelimiter":"_"}]start...  
2022-01-14 17:48:46.791 [ERRO] {384bf82f1d1aca160221f93239a85411} [GToken]token decode error iw0FIPDuR1RJQVt9q9RvcMHgp9KVi3C6D517bevaVni4sVboNP5YYnWAQRrsGqHp1 base64.StdEncoding.Decode failed: illegal base64 data at input byte 64 
Stack:
1.  github.com/goflyfox/gtoken/gtoken.(*GfToken).DecryptToken
    C:/Users/54992/go/pkg/mod/github.com/goflyfox/gtoken@v1.5.0/gtoken/gtoken.go:352
2.  github.com/goflyfox/gtoken/gtoken.(*GfToken).validToken
    C:/Users/54992/go/pkg/mod/github.com/goflyfox/gtoken@v1.5.0/gtoken/gtoken.go:258
3.  github.com/goflyfox/gtoken/gtoken.(*GfToken).authMiddleware
    C:/Users/54992/go/pkg/mod/github.com/goflyfox/gtoken@v1.5.0/gtoken/gtoken.go:127
4.  github.com/gogf/gf/v2/net/ghttp.(*middleware).Next.func1.1
    C:/Users/54992/go/pkg/mod/github.com/gogf/gf/v2@v2.0.0-rc.0.20220110145829-0f67559995c5/net/ghttp/ghttp_request_middleware.go:54
5.  github.com/gogf/gf/v2/net/ghttp.niceCallFunc
    C:/Users/54992/go/pkg/mod/github.com/gogf/gf/v2@v2.0.0-rc.0.20220110145829-0f67559995c5/net/ghttp/ghttp_func.go:52
6.  github.com/gogf/gf/v2/net/ghttp.(*middleware).Next.func1
    C:/Users/54992/go/pkg/mod/github.com/gogf/gf/v2@v2.0.0-rc.0.20220110145829-0f67559995c5/net/ghttp/ghttp_request_middleware.go:53
7.  github.com/gogf/gf/v2/util/gutil.TryCatch
    C:/Users/54992/go/pkg/mod/github.com/gogf/gf/v2@v2.0.0-rc.0.20220110145829-0f67559995c5/util/gutil/gutil.go:55
8.  github.com/gogf/gf/v2/net/ghttp.(*middleware).Next
    C:/Users/54992/go/pkg/mod/github.com/gogf/gf/v2@v2.0.0-rc.0.20220110145829-0f67559995c5/net/ghttp/ghttp_request_middleware.go:48
9.  github.com/gogf/gf/v2/net/ghttp.internalMiddlewareServerTracing
    C:/Users/54992/go/pkg/mod/github.com/gogf/gf/v2@v2.0.0-rc.0.20220110145829-0f67559995c5/net/ghttp/ghttp_middleware_tracing.go:78
10. github.com/gogf/gf/v2/net/ghttp.(*middleware).Next.func1.5
    C:/Users/54992/go/pkg/mod/github.com/gogf/gf/v2@v2.0.0-rc.0.20220110145829-0f67559995c5/net/ghttp/ghttp_request_middleware.go:95
11. github.com/gogf/gf/v2/net/ghttp.niceCallFunc
    C:/Users/54992/go/pkg/mod/github.com/gogf/gf/v2@v2.0.0-rc.0.20220110145829-0f67559995c5/net/ghttp/ghttp_func.go:52
12. github.com/gogf/gf/v2/net/ghttp.(*middleware).Next.func1
    C:/Users/54992/go/pkg/mod/github.com/gogf/gf/v2@v2.0.0-rc.0.20220110145829-0f67559995c5/net/ghttp/ghttp_request_middleware.go:94
13. github.com/gogf/gf/v2/util/gutil.TryCatch
    C:/Users/54992/go/pkg/mod/github.com/gogf/gf/v2@v2.0.0-rc.0.20220110145829-0f67559995c5/util/gutil/gutil.go:55
14. github.com/gogf/gf/v2/net/ghttp.(*middleware).Next
    C:/Users/54992/go/pkg/mod/github.com/gogf/gf/v2@v2.0.0-rc.0.20220110145829-0f67559995c5/net/ghttp/ghttp_request_middleware.go:48
15. github.com/gogf/gf/v2/net/ghttp.(*Server).ServeHTTP
    C:/Users/54992/go/pkg/mod/github.com/gogf/gf/v2@v2.0.0-rc.0.20220110145829-0f67559995c5/net/ghttp/ghttp_server_handler.go:121
 
2022-01-14 17:49:02.599 [ERRO] {38fe38de201aca160421f9325ade09fe} [GToken]token len error 1w0FIPDuR1RJQVt9q9RvcMHgp9KVi3C6D517bevaVni4sVboNP5YYnWAQRrsGqHp 
Stack:
1.  github.com/goflyfox/gtoken/gtoken.(*GfToken).DecryptToken
    C:/Users/54992/go/pkg/mod/github.com/goflyfox/gtoken@v1.5.0/gtoken/gtoken.go:362
2.  github.com/goflyfox/gtoken/gtoken.(*GfToken).validToken
    C:/Users/54992/go/pkg/mod/github.com/goflyfox/gtoken@v1.5.0/gtoken/gtoken.go:258
3.  github.com/goflyfox/gtoken/gtoken.(*GfToken).authMiddleware
    C:/Users/54992/go/pkg/mod/github.com/goflyfox/gtoken@v1.5.0/gtoken/gtoken.go:127
4.  github.com/gogf/gf/v2/net/ghttp.(*middleware).Next.func1.1
    C:/Users/54992/go/pkg/mod/github.com/gogf/gf/v2@v2.0.0-rc.0.20220110145829-0f67559995c5/net/ghttp/ghttp_request_middleware.go:54
5.  github.com/gogf/gf/v2/net/ghttp.niceCallFunc
    C:/Users/54992/go/pkg/mod/github.com/gogf/gf/v2@v2.0.0-rc.0.20220110145829-0f67559995c5/net/ghttp/ghttp_func.go:52
6.  github.com/gogf/gf/v2/net/ghttp.(*middleware).Next.func1
    C:/Users/54992/go/pkg/mod/github.com/gogf/gf/v2@v2.0.0-rc.0.20220110145829-0f67559995c5/net/ghttp/ghttp_request_middleware.go:53
7.  github.com/gogf/gf/v2/util/gutil.TryCatch
    C:/Users/54992/go/pkg/mod/github.com/gogf/gf/v2@v2.0.0-rc.0.20220110145829-0f67559995c5/util/gutil/gutil.go:55
8.  github.com/gogf/gf/v2/net/ghttp.(*middleware).Next
    C:/Users/54992/go/pkg/mod/github.com/gogf/gf/v2@v2.0.0-rc.0.20220110145829-0f67559995c5/net/ghttp/ghttp_request_middleware.go:48
9.  github.com/gogf/gf/v2/net/ghttp.internalMiddlewareServerTracing
    C:/Users/54992/go/pkg/mod/github.com/gogf/gf/v2@v2.0.0-rc.0.20220110145829-0f67559995c5/net/ghttp/ghttp_middleware_tracing.go:78
10. github.com/gogf/gf/v2/net/ghttp.(*middleware).Next.func1.5
    C:/Users/54992/go/pkg/mod/github.com/gogf/gf/v2@v2.0.0-rc.0.20220110145829-0f67559995c5/net/ghttp/ghttp_request_middleware.go:95
11. github.com/gogf/gf/v2/net/ghttp.niceCallFunc
    C:/Users/54992/go/pkg/mod/github.com/gogf/gf/v2@v2.0.0-rc.0.20220110145829-0f67559995c5/net/ghttp/ghttp_func.go:52
12. github.com/gogf/gf/v2/net/ghttp.(*middleware).Next.func1
    C:/Users/54992/go/pkg/mod/github.com/gogf/gf/v2@v2.0.0-rc.0.20220110145829-0f67559995c5/net/ghttp/ghttp_request_middleware.go:94
13. github.com/gogf/gf/v2/util/gutil.TryCatch
    C:/Users/54992/go/pkg/mod/github.com/gogf/gf/v2@v2.0.0-rc.0.20220110145829-0f67559995c5/util/gutil/gutil.go:55
14. github.com/gogf/gf/v2/net/ghttp.(*middleware).Next
    C:/Users/54992/go/pkg/mod/github.com/gogf/gf/v2@v2.0.0-rc.0.20220110145829-0f67559995c5/net/ghttp/ghttp_request_middleware.go:48
15. github.com/gogf/gf/v2/net/ghttp.(*Server).ServeHTTP
    C:/Users/54992/go/pkg/mod/github.com/gogf/gf/v2@v2.0.0-rc.0.20220110145829-0f67559995c5/net/ghttp/ghttp_server_handler.go:121
 
2022-01-14 17:49:04.908 [ERRO] {f0ddd067211aca160521f932061c4806} [GToken]token len error 1w0FIPDuR1RJQVt9q9RvcMHgp9KVi3C6D517bevaVni4sVboNP5YYnWAQRrsGqHp 
Stack:
1.  github.com/goflyfox/gtoken/gtoken.(*GfToken).DecryptToken
    C:/Users/54992/go/pkg/mod/github.com/goflyfox/gtoken@v1.5.0/gtoken/gtoken.go:362
2.  github.com/goflyfox/gtoken/gtoken.(*GfToken).validToken
    C:/Users/54992/go/pkg/mod/github.com/goflyfox/gtoken@v1.5.0/gtoken/gtoken.go:258
3.  github.com/goflyfox/gtoken/gtoken.(*GfToken).authMiddleware
    C:/Users/54992/go/pkg/mod/github.com/goflyfox/gtoken@v1.5.0/gtoken/gtoken.go:127
4.  github.com/gogf/gf/v2/net/ghttp.(*middleware).Next.func1.1
    C:/Users/54992/go/pkg/mod/github.com/gogf/gf/v2@v2.0.0-rc.0.20220110145829-0f67559995c5/net/ghttp/ghttp_request_middleware.go:54
5.  github.com/gogf/gf/v2/net/ghttp.niceCallFunc
    C:/Users/54992/go/pkg/mod/github.com/gogf/gf/v2@v2.0.0-rc.0.20220110145829-0f67559995c5/net/ghttp/ghttp_func.go:52
6.  github.com/gogf/gf/v2/net/ghttp.(*middleware).Next.func1
    C:/Users/54992/go/pkg/mod/github.com/gogf/gf/v2@v2.0.0-rc.0.20220110145829-0f67559995c5/net/ghttp/ghttp_request_middleware.go:53
7.  github.com/gogf/gf/v2/util/gutil.TryCatch
    C:/Users/54992/go/pkg/mod/github.com/gogf/gf/v2@v2.0.0-rc.0.20220110145829-0f67559995c5/util/gutil/gutil.go:55
8.  github.com/gogf/gf/v2/net/ghttp.(*middleware).Next
    C:/Users/54992/go/pkg/mod/github.com/gogf/gf/v2@v2.0.0-rc.0.20220110145829-0f67559995c5/net/ghttp/ghttp_request_middleware.go:48
9.  github.com/gogf/gf/v2/net/ghttp.internalMiddlewareServerTracing
    C:/Users/54992/go/pkg/mod/github.com/gogf/gf/v2@v2.0.0-rc.0.20220110145829-0f67559995c5/net/ghttp/ghttp_middleware_tracing.go:78
10. github.com/gogf/gf/v2/net/ghttp.(*middleware).Next.func1.5
    C:/Users/54992/go/pkg/mod/github.com/gogf/gf/v2@v2.0.0-rc.0.20220110145829-0f67559995c5/net/ghttp/ghttp_request_middleware.go:95
11. github.com/gogf/gf/v2/net/ghttp.niceCallFunc
    C:/Users/54992/go/pkg/mod/github.com/gogf/gf/v2@v2.0.0-rc.0.20220110145829-0f67559995c5/net/ghttp/ghttp_func.go:52
12. github.com/gogf/gf/v2/net/ghttp.(*middleware).Next.func1
    C:/Users/54992/go/pkg/mod/github.com/gogf/gf/v2@v2.0.0-rc.0.20220110145829-0f67559995c5/net/ghttp/ghttp_request_middleware.go:94
13. github.com/gogf/gf/v2/util/gutil.TryCatch
    C:/Users/54992/go/pkg/mod/github.com/gogf/gf/v2@v2.0.0-rc.0.20220110145829-0f67559995c5/util/gutil/gutil.go:55
14. github.com/gogf/gf/v2/net/ghttp.(*middleware).Next
    C:/Users/54992/go/pkg/mod/github.com/gogf/gf/v2@v2.0.0-rc.0.20220110145829-0f67559995c5/net/ghttp/ghttp_request_middleware.go:48
15. github.com/gogf/gf/v2/net/ghttp.(*Server).ServeHTTP
    C:/Users/54992/go/pkg/mod/github.com/gogf/gf/v2@v2.0.0-rc.0.20220110145829-0f67559995c5/net/ghttp/ghttp_server_handler.go:121
 
2022-01-14 17:56:50.649 [INFO] {10aae4d78d1aca161cdaef0965af8185} [GToken][params:{"AuthExcludePaths":"","AuthFailMsg":"登录超时，请重新登录","AuthPaths":"","CacheKey":"GToken:","CacheMode":1,"EncryptKey":"5awuMBAXOucydRZvb1vNRTCPaq5ME7JP","LoginPath":"/login","LogoutPath":"/logout","MiddlewareType":1,"MultiLogin":true,"Timeout":10800000,"TokenDelimiter":"_"}]start...  
2022-01-14 17:57:04.878 [WARN] {30a84028911aca161edaef098aa51406} [GToken]Authorization : [Bear1er iw0FIPDuR1RJQVt9q9RvcMHgp9KVi3C6D517bevaVni4sVboNP5YYnWAQRrsGqHp] get token key fail 
2022-01-14 17:57:32.345 [ERRO] {a4fe698d971aca161fdaef092e8addd6} [GToken]token decode error iw0FIPDuR1RJQVt9q9RvcMHgp9KVi3C6D517bevaVni4sVboNP5YYnWAQRrsGqHp1 base64.StdEncoding.Decode failed: illegal base64 data at input byte 64 
Stack:
1.  github.com/goflyfox/gtoken/gtoken.(*GfToken).DecryptToken
    C:/Users/54992/go/pkg/mod/github.com/goflyfox/gtoken@v1.5.0/gtoken/gtoken.go:352
2.  github.com/goflyfox/gtoken/gtoken.(*GfToken).validToken
    C:/Users/54992/go/pkg/mod/github.com/goflyfox/gtoken@v1.5.0/gtoken/gtoken.go:258
3.  github.com/goflyfox/gtoken/gtoken.(*GfToken).authMiddleware
    C:/Users/54992/go/pkg/mod/github.com/goflyfox/gtoken@v1.5.0/gtoken/gtoken.go:127
4.  github.com/gogf/gf/v2/net/ghttp.(*middleware).Next.func1.1
    C:/Users/54992/go/pkg/mod/github.com/gogf/gf/v2@v2.0.0-rc.0.20220110145829-0f67559995c5/net/ghttp/ghttp_request_middleware.go:54
5.  github.com/gogf/gf/v2/net/ghttp.niceCallFunc
    C:/Users/54992/go/pkg/mod/github.com/gogf/gf/v2@v2.0.0-rc.0.20220110145829-0f67559995c5/net/ghttp/ghttp_func.go:52
6.  github.com/gogf/gf/v2/net/ghttp.(*middleware).Next.func1
    C:/Users/54992/go/pkg/mod/github.com/gogf/gf/v2@v2.0.0-rc.0.20220110145829-0f67559995c5/net/ghttp/ghttp_request_middleware.go:53
7.  github.com/gogf/gf/v2/util/gutil.TryCatch
    C:/Users/54992/go/pkg/mod/github.com/gogf/gf/v2@v2.0.0-rc.0.20220110145829-0f67559995c5/util/gutil/gutil.go:55
8.  github.com/gogf/gf/v2/net/ghttp.(*middleware).Next
    C:/Users/54992/go/pkg/mod/github.com/gogf/gf/v2@v2.0.0-rc.0.20220110145829-0f67559995c5/net/ghttp/ghttp_request_middleware.go:48
9.  github.com/gogf/gf/v2/net/ghttp.internalMiddlewareServerTracing
    C:/Users/54992/go/pkg/mod/github.com/gogf/gf/v2@v2.0.0-rc.0.20220110145829-0f67559995c5/net/ghttp/ghttp_middleware_tracing.go:78
10. github.com/gogf/gf/v2/net/ghttp.(*middleware).Next.func1.5
    C:/Users/54992/go/pkg/mod/github.com/gogf/gf/v2@v2.0.0-rc.0.20220110145829-0f67559995c5/net/ghttp/ghttp_request_middleware.go:95
11. github.com/gogf/gf/v2/net/ghttp.niceCallFunc
    C:/Users/54992/go/pkg/mod/github.com/gogf/gf/v2@v2.0.0-rc.0.20220110145829-0f67559995c5/net/ghttp/ghttp_func.go:52
12. github.com/gogf/gf/v2/net/ghttp.(*middleware).Next.func1
    C:/Users/54992/go/pkg/mod/github.com/gogf/gf/v2@v2.0.0-rc.0.20220110145829-0f67559995c5/net/ghttp/ghttp_request_middleware.go:94
13. github.com/gogf/gf/v2/util/gutil.TryCatch
    C:/Users/54992/go/pkg/mod/github.com/gogf/gf/v2@v2.0.0-rc.0.20220110145829-0f67559995c5/util/gutil/gutil.go:55
14. github.com/gogf/gf/v2/net/ghttp.(*middleware).Next
    C:/Users/54992/go/pkg/mod/github.com/gogf/gf/v2@v2.0.0-rc.0.20220110145829-0f67559995c5/net/ghttp/ghttp_request_middleware.go:48
15. github.com/gogf/gf/v2/net/ghttp.(*Server).ServeHTTP
    C:/Users/54992/go/pkg/mod/github.com/gogf/gf/v2@v2.0.0-rc.0.20220110145829-0f67559995c5/net/ghttp/ghttp_server_handler.go:121
 
2022-01-14 17:58:26.873 [ERRO] {1826833fa41aca1620daef09685201c4} [GToken]token decode error iw0FIPDuR1RJQVt9q9RvcMHgp9KVi3C6D517bevaVni4sVboNP5YYnWAQRrsGqHp1 base64.StdEncoding.Decode failed: illegal base64 data at input byte 64 
Stack:
1.  github.com/goflyfox/gtoken/gtoken.(*GfToken).DecryptToken
    C:/Users/54992/go/pkg/mod/github.com/goflyfox/gtoken@v1.5.0/gtoken/gtoken.go:352
2.  github.com/goflyfox/gtoken/gtoken.(*GfToken).validToken
    C:/Users/54992/go/pkg/mod/github.com/goflyfox/gtoken@v1.5.0/gtoken/gtoken.go:258
3.  github.com/goflyfox/gtoken/gtoken.(*GfToken).authMiddleware
    C:/Users/54992/go/pkg/mod/github.com/goflyfox/gtoken@v1.5.0/gtoken/gtoken.go:127
4.  github.com/gogf/gf/v2/net/ghttp.(*middleware).Next.func1.1
    C:/Users/54992/go/pkg/mod/github.com/gogf/gf/v2@v2.0.0-rc.0.20220110145829-0f67559995c5/net/ghttp/ghttp_request_middleware.go:54
5.  github.com/gogf/gf/v2/net/ghttp.niceCallFunc
    C:/Users/54992/go/pkg/mod/github.com/gogf/gf/v2@v2.0.0-rc.0.20220110145829-0f67559995c5/net/ghttp/ghttp_func.go:52
6.  github.com/gogf/gf/v2/net/ghttp.(*middleware).Next.func1
    C:/Users/54992/go/pkg/mod/github.com/gogf/gf/v2@v2.0.0-rc.0.20220110145829-0f67559995c5/net/ghttp/ghttp_request_middleware.go:53
7.  github.com/gogf/gf/v2/util/gutil.TryCatch
    C:/Users/54992/go/pkg/mod/github.com/gogf/gf/v2@v2.0.0-rc.0.20220110145829-0f67559995c5/util/gutil/gutil.go:55
8.  github.com/gogf/gf/v2/net/ghttp.(*middleware).Next
    C:/Users/54992/go/pkg/mod/github.com/gogf/gf/v2@v2.0.0-rc.0.20220110145829-0f67559995c5/net/ghttp/ghttp_request_middleware.go:48
9.  github.com/gogf/gf/v2/net/ghttp.internalMiddlewareServerTracing
    C:/Users/54992/go/pkg/mod/github.com/gogf/gf/v2@v2.0.0-rc.0.20220110145829-0f67559995c5/net/ghttp/ghttp_middleware_tracing.go:78
10. github.com/gogf/gf/v2/net/ghttp.(*middleware).Next.func1.5
    C:/Users/54992/go/pkg/mod/github.com/gogf/gf/v2@v2.0.0-rc.0.20220110145829-0f67559995c5/net/ghttp/ghttp_request_middleware.go:95
11. github.com/gogf/gf/v2/net/ghttp.niceCallFunc
    C:/Users/54992/go/pkg/mod/github.com/gogf/gf/v2@v2.0.0-rc.0.20220110145829-0f67559995c5/net/ghttp/ghttp_func.go:52
12. github.com/gogf/gf/v2/net/ghttp.(*middleware).Next.func1
    C:/Users/54992/go/pkg/mod/github.com/gogf/gf/v2@v2.0.0-rc.0.20220110145829-0f67559995c5/net/ghttp/ghttp_request_middleware.go:94
13. github.com/gogf/gf/v2/util/gutil.TryCatch
    C:/Users/54992/go/pkg/mod/github.com/gogf/gf/v2@v2.0.0-rc.0.20220110145829-0f67559995c5/util/gutil/gutil.go:55
14. github.com/gogf/gf/v2/net/ghttp.(*middleware).Next
    C:/Users/54992/go/pkg/mod/github.com/gogf/gf/v2@v2.0.0-rc.0.20220110145829-0f67559995c5/net/ghttp/ghttp_request_middleware.go:48
15. github.com/gogf/gf/v2/net/ghttp.(*Server).ServeHTTP
    C:/Users/54992/go/pkg/mod/github.com/gogf/gf/v2@v2.0.0-rc.0.20220110145829-0f67559995c5/net/ghttp/ghttp_server_handler.go:121
 
2022-01-14 17:58:36.356 [INFO] {b0d89274a61aca1676eec02dc4ebc67e} [GToken][params:{"AuthExcludePaths":"","AuthFailMsg":"登录超时，请重新登录","AuthPaths":"","CacheKey":"GToken:","CacheMode":1,"EncryptKey":"5awuMBAXOucydRZvb1vNRTCPaq5ME7JP","LoginPath":"/login","LogoutPath":"/logout","MiddlewareType":1,"MultiLogin":true,"Timeout":10800000,"TokenDelimiter":"_"}]start...  
